[    0.000000] Initializing cgroup subsys cpuset
[    0.000000] Initializing cgroup subsys cpu
[    0.000000] Initializing cgroup subsys cpuacct
[    0.000000] Linux version 4.4.0-151-generic (buildd@lgw01-amd64-043) (gcc version 5.4.0 20160609 (Ubuntu 5.4.0-6ubuntu1~16.04.10) ) #178-Ubuntu SMP Tue Jun 11 08:30:22 UTC 2019 (Ubuntu 4.4.0-151.178-generic 4.4.179)
[    0.000000] Command line: BOOT_IMAGE=/boot/vmlinuz-4.4.0-151-generic root=UUID=1bbe14b0-e1b4-4636-83ed-ba0fa2a5acca ro console=tty1 console=ttyS0
[    0.000000] KERNEL supported cpus:
[    0.000000]   Intel GenuineIntel
[    0.000000]   AMD AuthenticAMD
[    0.000000]   Centaur CentaurHauls
[    0.000000] x86/fpu: xstate_offset[2]:  576, xstate_sizes[2]:  256
[    0.000000] x86/fpu: Supporting XSAVE feature 0x01: 'x87 floating point registers'
[    0.000000] x86/fpu: Supporting XSAVE feature 0x02: 'SSE registers'
[    0.000000] x86/fpu: Supporting XSAVE feature 0x04: 'AVX registers'
[    0.000000] x86/fpu: Enabled xstate features 0x7, context size is 832 bytes, using 'standard' format.
[    0.000000] e820: BIOS-provided physical RAM map:
[    0.000000] BIOS-e820: [mem 0x0000000000000000-0x000000000009fbff] usable
[    0.000000] BIOS-e820: [mem 0x000000000009fc00-0x000000000009ffff] reserved
[    0.000000] BIOS-e820: [mem 0x00000000000f0000-0x00000000000fffff] reserved
[    0.000000] BIOS-e820: [mem 0x0000000000100000-0x000000003ffeffff] usable
[    0.000000] BIOS-e820: [mem 0x000000003fff0000-0x000000003fffffff] ACPI data
[    0.000000] BIOS-e820: [mem 0x00000000fec00000-0x00000000fec00fff] reserved
[    0.000000] BIOS-e820: [mem 0x00000000fee00000-0x00000000fee00fff] reserved
[    0.000000] BIOS-e820: [mem 0x00000000fffc0000-0x00000000ffffffff] reserved
[    0.000000] NX (Execute Disable) protection: active
[    0.000000] SMBIOS 2.5 present.
[    0.000000] Hypervisor detected: KVM
[    0.000000] e820: last_pfn = 0x3fff0 max_arch_pfn = 0x400000000
[    0.000000] MTRR: Disabled
[    0.000000] x86/PAT: MTRRs disabled, skipping PAT initialization too.
[    0.000000] CPU MTRRs all blank - virtualized system.
[    0.000000] x86/PAT: Configuration [0-7]: WB  WT  UC- UC  WB  WT  UC- UC  
[    0.000000] found SMP MP-table at [mem 0x0009fff0-0x0009ffff] mapped at [ffff88000009fff0]
[    0.000000] Scanning 1 areas for low memory corruption
[    0.000000] RAMDISK: [mem 0x361ec000-0x370edfff]
[    0.000000] ACPI: Early table checksum verification disabled
[    0.000000] ACPI: RSDP 0x00000000000E0000 000024 (v02 VBOX  )
[    0.000000] ACPI: XSDT 0x000000003FFF0030 00003C (v01 VBOX   VBOXXSDT 00000001 ASL  00000061)
[    0.000000] ACPI: FACP 0x000000003FFF00F0 0000F4 (v04 VBOX   VBOXFACP 00000001 ASL  00000061)
[    0.000000] ACPI: DSDT 0x000000003FFF0470 0022EA (v02 VBOX   VBOXBIOS 00000002 INTL 20181213)
[    0.000000] ACPI: FACS 0x000000003FFF0200 000040
[    0.000000] ACPI: FACS 0x000000003FFF0200 000040
[    0.000000] ACPI: APIC 0x000000003FFF0240 00005C (v02 VBOX   VBOXAPIC 00000001 ASL  00000061)
[    0.000000] ACPI: SSDT 0x000000003FFF02A0 0001CC (v01 VBOX   VBOXCPUT 00000002 INTL 20181213)
[    0.000000] No NUMA configuration found
[    0.000000] Faking a node at [mem 0x0000000000000000-0x000000003ffeffff]
[    0.000000] NODE_DATA(0) allocated [mem 0x3ffeb000-0x3ffeffff]
[    0.000000] kvm-clock: Using msrs 4b564d01 and 4b564d00
[    0.000000] kvm-clock: cpu 0, msr 0:3ffe3001, primary cpu clock
[    0.000000] kvm-clock: using sched offset of 4023583099 cycles
[    0.000000] clocksource: kvm-clock: mask: 0xffffffffffffffff max_cycles: 0x1cd42e4dffb, max_idle_ns: 881590591483 ns
[    0.000000] Zone ranges:
[    0.000000]   DMA      [mem 0x0000000000001000-0x0000000000ffffff]
[    0.000000]   DMA32    [mem 0x0000000001000000-0x000000003ffeffff]
[    0.000000]   Normal   empty
[    0.000000]   Device   empty
[    0.000000] Movable zone start for each node
[    0.000000] Early memory node ranges
[    0.000000]   node   0: [mem 0x0000000000001000-0x000000000009efff]
[    0.000000]   node   0: [mem 0x0000000000100000-0x000000003ffeffff]
[    0.000000] Initmem setup node 0 [mem 0x0000000000001000-0x000000003ffeffff]
[    0.000000] ACPI: PM-Timer IO Port: 0x4008
[    0.000000] IOAPIC[0]: apic_id 2, version 32, address 0xfec00000, GSI 0-23
[    0.000000] ACPI: INT_SRC_OVR (bus 0 bus_irq 0 global_irq 2 dfl dfl)
[    0.000000] ACPI: INT_SRC_OVR (bus 0 bus_irq 9 global_irq 9 low level)
[    0.000000] Using ACPI (MADT) for SMP configuration information
[    0.000000] smpboot: Allowing 2 CPUs, 0 hotplug CPUs
[    0.000000] PM: Registered nosave memory: [mem 0x00000000-0x00000fff]
[    0.000000] PM: Registered nosave memory: [mem 0x0009f000-0x0009ffff]
[    0.000000] PM: Registered nosave memory: [mem 0x000a0000-0x000effff]
[    0.000000] PM: Registered nosave memory: [mem 0x000f0000-0x000fffff]
[    0.000000] e820: [mem 0x40000000-0xfebfffff] available for PCI devices
[    0.000000] Booting paravirtualized kernel on KVM
[    0.000000] clocksource: refined-jiffies: mask: 0xffffffff max_cycles: 0xffffffff, max_idle_ns: 7645519600211568 ns
[    0.000000] setup_percpu: NR_CPUS:512 nr_cpumask_bits:512 nr_cpu_ids:2 nr_node_ids:1
[    0.000000] PERCPU: Embedded 34 pages/cpu @ffff88003fc00000 s99480 r8192 d31592 u1048576
[    0.000000] Built 1 zonelists in Node order, mobility grouping on.  Total pages: 257912
[    0.000000] Policy zone: DMA32
[    0.000000] Kernel command line: BOOT_IMAGE=/boot/vmlinuz-4.4.0-151-generic root=UUID=1bbe14b0-e1b4-4636-83ed-ba0fa2a5acca ro console=tty1 console=ttyS0
[    0.000000] PID hash table entries: 4096 (order: 3, 32768 bytes)
[    0.000000] Memory: 997192K/1048120K available (8613K kernel code, 1335K rwdata, 4028K rodata, 1484K init, 1284K bss, 50928K reserved, 0K cma-reserved)
[    0.000000] SLUB: HWalign=64, Order=0-3, MinObjects=0, CPUs=2, Nodes=1
[    0.000000] Kernel/User page tables isolation: enabled
[    0.000000] Hierarchical RCU implementation.
[    0.000000] 	Build-time adjustment of leaf fanout to 64.
[    0.000000] 	RCU restricting CPUs from NR_CPUS=512 to nr_cpu_ids=2.
[    0.000000] RCU: Adjusting geometry for rcu_fanout_leaf=64, nr_cpu_ids=2
[    0.000000] NR_IRQS:33024 nr_irqs:440 16
[    0.000000] Console: colour VGA+ 80x25
[    0.000000] console [tty1] enabled
[    0.000000] console [ttyS0] enabled
[    0.000000] tsc: Detected 2095.148 MHz processor
[    0.207886] Calibrating delay loop (skipped) preset value.. 4190.29 BogoMIPS (lpj=8380592)
[    0.210588] pid_max: default: 32768 minimum: 301
[    0.212002] ACPI: Core revision 20150930
[    0.214564] ACPI: 2 ACPI AML tables successfully acquired and loaded
[    0.216563] Security Framework initialized
[    0.217918] Yama: becoming mindful.
[    0.219121] AppArmor: AppArmor initialized
[    0.220509] Dentry cache hash table entries: 131072 (order: 8, 1048576 bytes)
[    0.223445] Inode-cache hash table entries: 65536 (order: 7, 524288 bytes)
[    0.225600] Mount-cache hash table entries: 2048 (order: 2, 16384 bytes)
[    0.227558] Mountpoint-cache hash table entries: 2048 (order: 2, 16384 bytes)
[    0.229804] Initializing cgroup subsys io
[    0.231120] Initializing cgroup subsys memory
[    0.232473] Initializing cgroup subsys devices
[    0.233920] Initializing cgroup subsys freezer
[    0.235327] Initializing cgroup subsys net_cls
[    0.236694] Initializing cgroup subsys perf_event
[    0.238174] Initializing cgroup subsys net_prio
[    0.239624] Initializing cgroup subsys hugetlb
[    0.241077] Initializing cgroup subsys pids
[    0.243627] mce: CPU supports 0 MCE banks
[    0.244743] Last level iTLB entries: 4KB 64, 2MB 8, 4MB 8
[    0.246151] Last level dTLB entries: 4KB 64, 2MB 0, 4MB 0, 1GB 4
[    0.247650] Spectre V2 : Mitigation: Full generic retpoline
[    0.249181] Spectre V2 : Spectre v2 / SpectreRSB mitigation: Filling RSB on context switch
[    0.251741] Speculative Store Bypass: Vulnerable
[    0.253327] MDS: Vulnerable: Clear CPU buffers attempted, no microcode
[    0.262127] Freeing SMP alternatives memory: 36K
[    0.271388] ftrace: allocating 32299 entries in 127 pages
[    0.352060] smpboot: APIC(0) Converting physical 0 to logical package 0
[    0.354052] smpboot: Max logical packages: 1
[    0.355763] x2apic enabled
[    0.357112] Switched APIC routing to physical x2apic.
[    0.360128] ..TIMER: vector=0x30 apic1=0 pin1=2 apic2=-1 pin2=-1
[    0.466946] smpboot: CPU0: Intel(R) Core(TM) i3-5010U CPU @ 2.10GHz (family: 0x6, model: 0x3d, stepping: 0x4)
[    0.470085] Performance Events: unsupported p6 CPU model 61 no PMU driver, software events only.
[    0.487205] KVM setup paravirtual spinlock
[    0.489521] x86: Booting SMP configuration:
[    0.490704] .... node  #0, CPUs:      #1
[    0.491904] kvm-clock: cpu 1, msr 0:3ffe3041, secondary cpu clock
[    0.494568] mce: CPU supports 0 MCE banks
[    0.497478] x86: Booted up 1 node, 2 CPUs
[    0.498949] smpboot: Total of 2 processors activated (8380.59 BogoMIPS)
[    0.501061] devtmpfs: initialized
[    0.504077] evm: security.selinux
[    0.505078] evm: security.SMACK64
[    0.506116] evm: security.SMACK64EXEC
[    0.507186] evm: security.SMACK64TRANSMUTE
[    0.508343] evm: security.SMACK64MMAP
[    0.509397] evm: security.ima
[    0.510371] evm: security.capability
[    0.511833] clocksource: jiffies: mask: 0xffffffff max_cycles: 0xffffffff, max_idle_ns: 7645041785100000 ns
[    0.514962] futex hash table entries: 512 (order: 3, 32768 bytes)
[    0.517419] pinctrl core: initialized pinctrl subsystem
[    0.519737] RTC time:  2:01:23, date: 06/26/19
[    0.521937] NET: Registered protocol family 16
[    0.535336] cpuidle: using governor ladder
[    0.546804] cpuidle: using governor menu
[    0.548103] PCCT header not found.
[    0.549445] ACPI: bus type PCI registered
[    0.550734] acpiphp: ACPI Hot Plug PCI Controller Driver version: 0.5
[    0.552796] PCI: Using configuration type 1 for base access
[    0.568144] ACPI: Added _OSI(Module Device)
[    0.570075] ACPI: Added _OSI(Processor Device)
[    0.572046] ACPI: Added _OSI(3.0 _SCP Extensions)
[    0.574047] ACPI: Added _OSI(Processor Aggregator Device)
[    0.577530] ACPI: Executed 1 blocks of module-level executable AML code
[    0.584256] ACPI: Interpreter enabled
[    0.586056] ACPI: (supports S0 S5)
[    0.587653] ACPI: Using IOAPIC for interrupt routing
[    0.589835] PCI: Using host bridge windows from ACPI; if necessary, use "pci=nocrs" and report a bug
[    0.600880] ACPI: PCI Root Bridge [PCI0] (domain 0000 [bus 00-ff])
[    0.603109] acpi PNP0A03:00: _OSC: OS supports [ASPM ClockPM Segments MSI]
[    0.605953] acpi PNP0A03:00: _OSC: not requesting OS control; OS requires [ExtendedConfig ASPM ClockPM MSI]
[    0.609747] acpi PNP0A03:00: fail to add MMCONFIG information, can't access extended PCI configuration space under this bridge.
[    0.614379] PCI host bridge to bus 0000:00
[    0.616178] pci_bus 0000:00: root bus resource [io  0x0000-0x0cf7 window]
[    0.620884] pci_bus 0000:00: root bus resource [io  0x0d00-0xffff window]
[    0.623464] pci_bus 0000:00: root bus resource [mem 0x000a0000-0x000bffff window]
[    0.625496] pci_bus 0000:00: root bus resource [mem 0x40000000-0xfdffffff window]
[    0.627710] pci_bus 0000:00: root bus resource [bus 00-ff]
[    0.631523] pci 0000:00:01.1: legacy IDE quirk: reg 0x10: [io  0x01f0-0x01f7]
[    0.633218] pci 0000:00:01.1: legacy IDE quirk: reg 0x14: [io  0x03f6]
[    0.635390] pci 0000:00:01.1: legacy IDE quirk: reg 0x18: [io  0x0170-0x0177]
[    0.637404] pci 0000:00:01.1: legacy IDE quirk: reg 0x1c: [io  0x0376]
[    0.663460] pci 0000:00:07.0: quirk: [io  0x4000-0x403f] claimed by PIIX4 ACPI
[    0.682879] pci 0000:00:07.0: quirk: [io  0x4100-0x410f] claimed by PIIX4 SMB
[    0.699090] ACPI: PCI Interrupt Link [LNKA] (IRQs 5 9 10 *11)
[    0.702805] ACPI: PCI Interrupt Link [LNKB] (IRQs 5 9 *10 11)
[    0.706450] ACPI: PCI Interrupt Link [LNKC] (IRQs 5 *9 10 11)
[    0.709374] ACPI: PCI Interrupt Link [LNKD] (IRQs 5 9 10 *11)
[    0.712389] ACPI: Enabled 2 GPEs in block 00 to 07
[    0.714509] vgaarb: setting as boot device: PCI:0000:00:02.0
[    0.716204] vgaarb: device added: PCI:0000:00:02.0,decodes=io+mem,owns=io+mem,locks=none
[    0.718832] vgaarb: loaded
[    0.719812] vgaarb: bridge control possible 0000:00:02.0
[    0.721746] SCSI subsystem initialized
[    0.723179] ACPI: bus type USB registered
[    0.724500] usbcore: registered new interface driver usbfs
[    0.727631] usbcore: registered new interface driver hub
[    0.729648] usbcore: registered new device driver usb
[    0.731253] PCI: Using ACPI for IRQ routing
[    0.732773] NetLabel: Initializing
[    0.733821] NetLabel:  domain hash size = 128
[    0.734986] NetLabel:  protocols = UNLABELED CIPSOv4
[    0.736919] NetLabel:  unlabeled traffic allowed by default
[    0.738574] amd_nb: Cannot enumerate AMD northbridges
[    0.739987] clocksource: Switched to clocksource kvm-clock
[    0.750115] AppArmor: AppArmor Filesystem Enabled
[    0.752960] pnp: PnP ACPI init
[    0.754957] pnp: PnP ACPI: found 3 devices
[    0.766278] clocksource: acpi_pm: mask: 0xffffff max_cycles: 0xffffff, max_idle_ns: 2085701024 ns
[    0.768655] NET: Registered protocol family 2
[    0.770140] TCP established hash table entries: 8192 (order: 4, 65536 bytes)
[    0.771826] TCP bind hash table entries: 8192 (order: 5, 131072 bytes)
[    0.773512] TCP: Hash tables configured (established 8192 bind 8192)
[    0.775070] UDP hash table entries: 512 (order: 2, 16384 bytes)
[    0.776554] UDP-Lite hash table entries: 512 (order: 2, 16384 bytes)
[    0.778243] NET: Registered protocol family 1
[    0.779443] pci 0000:00:00.0: Limiting direct PCI/PCI transfers
[    0.780965] pci 0000:00:01.0: Activating ISA DMA hang workarounds
[    0.782647] Unpacking initramfs...
[    1.092350] Freeing initrd memory: 15368K
[    1.093967] RAPL PMU detected, API unit is 2^-32 Joules, 4 fixed counters 10737418240 ms ovfl timer
[    1.096779] hw unit of domain pp0-core 2^-0 Joules
[    1.098374] hw unit of domain package 2^-0 Joules
[    1.099871] hw unit of domain dram 2^-0 Joules
[    1.101317] hw unit of domain pp1-gpu 2^-0 Joules
[    1.102829] clocksource: tsc: mask: 0xffffffffffffffff max_cycles: 0x1e3349143ab, max_idle_ns: 440795282364 ns
[    1.105884] platform rtc_cmos: registered platform RTC device (no PNP device found)
[    1.108428] Scanning for low memory corruption every 60 seconds
[    1.110683] audit: initializing netlink subsys (disabled)
[    1.112375] audit: type=2000 audit(1561514488.864:1): initialized
[    1.114564] Initialise system trusted keyring
[    1.116243] HugeTLB registered 2 MB page size, pre-allocated 0 pages
[    1.119983] zbud: loaded
[    1.121484] VFS: Disk quotas dquot_6.6.0
[    1.122821] VFS: Dquot-cache hash table entries: 512 (order 0, 4096 bytes)
[    1.125169] squashfs: version 4.0 (2009/01/31) Phillip Lougher
[    1.127287] fuse init (API version 7.23)
[    1.128760] Key type big_key registered
[    1.130062] Allocating IMA MOK and blacklist keyrings.
[    1.133292] Key type asymmetric registered
[    1.134625] Asymmetric key parser 'x509' registered
[    1.136215] Block layer SCSI generic (bsg) driver version 0.4 loaded (major 249)
[    1.138769] io scheduler noop registered
[    1.140041] io scheduler deadline registered (default)
[    1.141713] io scheduler cfq registered
[    1.143105] pci_hotplug: PCI Hot Plug PCI Core version: 0.5
[    1.144836] pciehp: PCI Express Hot Plug Controller Driver version: 0.4
[    1.146898] ACPI: AC Adapter [AC] (on-line)
[    1.148334] input: Power Button as /devices/LNXSYSTM:00/LNXPWRBN:00/input/input0
[    1.150728] ACPI: Power Button [PWRF]
[    1.152022] input: Sleep Button as /devices/LNXSYSTM:00/LNXSLPBN:00/input/input1
[    1.154449] ACPI: Sleep Button [SLPF]
[    1.156784] ACPI: Battery Slot [BAT0] (battery present)
[    1.158464] GHES: HEST is not enabled!
[    1.159724] Serial: 8250/16550 driver, 32 ports, IRQ sharing enabled
[    1.182184] 00:02: ttyS0 at I/O 0x3f8 (irq = 4, base_baud = 11500) is a 16550A
[    1.185842] Linux agpgart interface v0.103
[    1.189792] loop: module loaded
[    1.191537] scsi host0: ata_piix
[    1.192706] scsi host1: ata_piix
[    1.194941] ata1: PATA max UDMA/33 cmd 0x1f0 ctl 0x3f6 bmdma 0xd000 irq 14
[    1.197385] ata2: PATA max UDMA/33 cmd 0x170 ctl 0x376 bmdma 0xd008 irq 15
[    1.199250] libphy: Fixed MDIO Bus: probed
[    1.200528] tun: Universal TUN/TAP device driver, 1.6
[    1.201862] tun: (C) 1999-2004 Max Krasnyansky <maxk@qualcomm.com>
[    1.203454] PPP generic driver version 2.4.2
[    1.204716] ehci_hcd: USB 2.0 'Enhanced' Host Controller (EHCI) Driver
[    1.206321] ehci-pci: EHCI PCI platform driver
[    1.207537] ehci-platform: EHCI generic platform driver
[    1.208934] ohci_hcd: USB 1.1 'Open' Host Controller (OHCI) Driver
[    1.210443] ohci-pci: OHCI PCI platform driver
[    1.211652] ohci-platform: OHCI generic platform driver
[    1.213048] uhci_hcd: USB Universal Host Controller Interface driver
[    1.214669] i8042: PNP: PS/2 Controller [PNP0303:PS2K,PNP0f03:PS2M] at 0x60,0x64 irq 1,12
[    1.217466] serio: i8042 KBD port at 0x60,0x64 irq 1
[    1.218816] serio: i8042 AUX port at 0x60,0x64 irq 12
[    1.220357] mousedev: PS/2 mouse device common for all mice
[    1.222403] input: AT Translated Set 2 keyboard as /devices/platform/i8042/serio0/input/input2
[    1.224904] rtc_cmos rtc_cmos: rtc core: registered rtc_cmos as rtc0
[    1.226561] rtc_cmos rtc_cmos: alarms up to one day, 114 bytes nvram
[    1.228165] i2c /dev entries driver
[    1.229280] device-mapper: uevent: version 1.0.3
[    1.232054] device-mapper: ioctl: 4.34.0-ioctl (2015-10-28) initialised: dm-devel@redhat.com
[    1.234642] ledtrig-cpu: registered to indicate activity on CPUs
[    1.236653] NET: Registered protocol family 10
[    1.238145] NET: Registered protocol family 17
[    1.239398] Key type dns_resolver registered
[    1.241112] registered taskstats version 1
[    1.242462] Loading compiled-in X.509 certificates
[    1.244656] Loaded X.509 cert 'Build time autogenerated kernel key: 7ba2dee60acc6d70f0ebdb64460d59d2cf8df5ff'
[    1.247209] zswap: loaded using pool lzo/zbud
[    1.250961] Key type trusted registered
[    1.257380] Key type encrypted registered
[    1.258569] AppArmor: AppArmor sha1 policy hashing enabled
[    1.260048] ima: No TPM chip found, activating TPM-bypass!
[    1.261665] ima: Allocated hash algorithm: sha1
[    1.263251] evm: HMAC attrs: 0x1
[    1.265094]   Magic number: 7:125:6
[    1.266482] rtc_cmos rtc_cmos: setting system clock to 2019-06-26 02:01:24 UTC (1561514484)
[    1.269548] BIOS EDD facility v0.16 2004-Jun-25, 0 devices found
[    1.271417] EDD information not available.
[    1.356106] Freeing unused kernel memory: 1484K
[    1.359396] Write protecting the kernel read-only data: 14336k
[    1.365701] Freeing unused kernel memory: 1616K
[    1.367138] Freeing unused kernel memory: 68K
Loading, please wait...
starting version 229
[    1.390012] random: systemd-udevd: uninitialized urandom read (16 bytes read, 3 bits of entropy available)
[    1.391308] random: udevadm: uninitialized urandom read (16 bytes read, 3 bits of entropy available)
[    1.391368] random: udevadm: uninitialized urandom read (16 bytes read, 3 bits of entropy available)
[    1.403229] random: systemd-udevd: uninitialized urandom read (16 bytes read, 3 bits of entropy available)
[    1.407227] random: systemd-udevd: uninitialized urandom read (16 bytes read, 3 bits of entropy available)
[    1.410887] random: udevadm: uninitialized urandom read (16 bytes read, 3 bits of entropy available)
[    1.410986] random: udevadm: uninitialized urandom read (16 bytes read, 3 bits of entropy available)
[    1.411295] random: udevadm: uninitialized urandom read (16 bytes read, 3 bits of entropy available)
[    1.411412] random: udevadm: uninitialized urandom read (16 bytes read, 3 bits of entropy available)
[    1.411526] random: udevadm: uninitialized urandom read (16 bytes read, 3 bits of entropy available)
[    1.483764] e1000: Intel(R) PRO/1000 Network Driver - version 7.3.21-k8-NAPI
[    1.486156] e1000: Copyright (c) 1999-2006 Intel Corporation.
[    1.498518] Fusion MPT base driver 3.04.20
[    1.499690] Copyright (c) 1999-2008 LSI Corporation
[    1.520058] AVX2 version of gcm_enc/dec engaged.
[    1.521491] AES CTR mode by8 optimization enabled
[    1.534975] Fusion MPT SPI Host driver 3.04.20
[    1.738864] input: ImExPS/2 Generic Explorer Mouse as /devices/platform/i8042/serio1/input/input4
[    1.993053] e1000 0000:00:03.0 eth0: (PCI:33MHz:32-bit) 02:11:c2:af:aa:45
[    1.994924] e1000 0000:00:03.0 eth0: Intel(R) PRO/1000 Network Connection
[    2.998342] e1000 0000:00:08.0 eth1: (PCI:33MHz:32-bit) 08:00:27:8e:fd:f3
[    3.000049] e1000 0000:00:08.0 eth1: Intel(R) PRO/1000 Network Connection
[    3.002818] mptbase: ioc0: Initiating bringup
[    3.003039] e1000 0000:00:08.0 enp0s8: renamed from eth1
[    3.020678] e1000 0000:00:03.0 enp0s3: renamed from eth0
[    3.080834] ioc0: LSI53C1030 A0: Capabilities={Initiator}
[    3.249854] scsi host2: ioc0: LSI53C1030 A0, FwRev=00000000h, Ports=1, MaxQ=256, IRQ=20
[    3.365464] scsi 2:0:0:0: Direct-Access     VBOX     HARDDISK         1.0  PQ: 0 ANSI: 5
[    3.372420] scsi target2:0:0: Beginning Domain Validation
[    3.377749] scsi target2:0:0: Domain Validation skipping write tests
[    3.379586] scsi target2:0:0: Ending Domain Validation
[    3.394651] scsi target2:0:0: asynchronous
[    3.396528] scsi 2:0:1:0: Direct-Access     VBOX     HARDDISK         1.0  PQ: 0 ANSI: 5
[    3.399245] scsi target2:0:1: Beginning Domain Validation
[    3.402030] scsi target2:0:1: Domain Validation skipping write tests
[    3.403877] scsi target2:0:1: Ending Domain Validation
[    3.405540] scsi target2:0:1: asynchronous
[    3.413212] sd 2:0:0:0: Attached scsi generic sg0 type 0
[    3.415068] sd 2:0:0:0: [sda] 20971520 512-byte logical blocks: (10.7 GB/10.0 GiB)
[    3.418153] sd 2:0:1:0: [sdb] 20480 512-byte logical blocks: (10.5 MB/10.0 MiB)
[    3.420153] sd 2:0:1:0: Attached scsi generic sg1 type 0
[    3.422299] sd 2:0:0:0: [sda] Write Protect is off
[    3.422480] sd 2:0:1:0: [sdb] Write Protect is off
[    3.422587] sd 2:0:1:0: [sdb] Incomplete mode parameter data
[    3.422589] sd 2:0:1:0: [sdb] Assuming drive cache: write through
[    3.429770] sd 2:0:0:0: [sda] Incomplete mode parameter data
[    3.431458] sd 2:0:0:0: [sda] Assuming drive cache: write through
[    3.497527]  sda: sda1
[    3.502638] sd 2:0:0:0: [sda] Attached SCSI disk
[    3.517436] sd 2:0:1:0: [sdb] Attached SCSI disk
Begin: Loading essential drivers ... [    5.056197] md: linear personality registered for level -1
[    5.067289] md: multipath personality registered for level -4
[    5.073314] md: raid0 personality registered for level 0
[    5.081968] md: raid1 personality registered for level 1
[    5.158214] raid6: sse2x1   gen()  5768 MB/s
[    5.228254] raid6: sse2x1   xor()  5045 MB/s
[    5.298255] raid6: sse2x2   gen()  8041 MB/s
[    5.368245] raid6: sse2x2   xor()  5449 MB/s
[    5.438254] raid6: sse2x4   gen()  9380 MB/s
[    5.504752] raid6: sse2x4   xor()  6444 MB/s
[    5.572203] raid6: avx2x1   gen() 12228 MB/s
[    5.640774] raid6: avx2x2   gen() 14414 MB/s
[    5.708224] raid6: avx2x4   gen() 15931 MB/s
[    5.709638] raid6: using algorithm avx2x4 gen() 15931 MB/s
[    5.711295] raid6: using avx2x2 recovery algorithm
[    5.714665] xor: automatically using best checksumming function:
[    5.756039]    avx       : 16443.000 MB/sec
[    5.759072] async_tx: api initialized (async)
[    5.774120] md: raid6 personality registered for level 6
[    5.775932] md: raid5 personality registered for level 5
[    5.778965] md: raid4 personality registered for level 4
[    5.790280] md: raid10 personality registered for level 10
done.
Begin: Running /scripts/init-premount ... done.
Begin: Mounting root file system ... Begin: Running /scripts/local-top ... done.
Begin: Running /scripts/local-premount ... [    5.836952] Btrfs loaded
Scanning for Btrfs filesystems
done.
Warning: fsck not present, so skipping root file system
[    5.879024] EXT4-fs (sda1): INFO: recovery required on readonly filesystem
[    5.881839] EXT4-fs (sda1): write access will be enabled during recovery
[    6.474586] EXT4-fs (sda1): recovery complete
[    6.489383] EXT4-fs (sda1): mounted filesystem with ordered data mode. Opts: (null)
done.
Begin: Running /scripts/local-bottom ... done.
Begin: Running /scripts/init-bottom ... [    6.744245] random: nonblocking pool is initialized
done.
[    7.839072] systemd[1]: systemd 229 running in system mode. (+PAM +AUDIT +SELINUX +IMA +APPARMOR +SMACK +SYSVINIT +UTMP +LIBCRYPTSETUP +GCRYPT +GNUTLS +ACL +XZ -LZ4 +SECCOMP +BLKID +ELFUTILS +KMOD -IDN)
[    7.847587] systemd[1]: Detected virtualization oracle.
[    7.849052] systemd[1]: Detected architecture x86-64.

Welcome to [1mUbuntu 16.04.6 LTS[0m!

[    7.918291] systemd[1]: Set hostname to <ubuntu-xenial>.
[    9.306516] systemd[1]: Listening on Journal Socket.
[[0;32m  OK  [0m] Listening on Journal Socket.
[    9.309356] systemd[1]: Reached target Swap.
[[0;32m  OK  [0m] Reached target Swap.
[    9.311822] systemd[1]: Reached target User and Group Name Lookups.
[[0;32m  OK  [0m] Reached target User and Group Name Lookups.
[    9.314669] systemd[1]: Listening on Journal Socket (/dev/log).
[[0;32m  OK  [0m] Listening on Journal Socket (/dev/log).
[    9.967373] systemd[1]: Listening on Device-mapper event daemon FIFOs.
[[0;32m  OK  [0m] Listening on Device-mapper event daemon FIFOs.
[    9.974480] systemd[1]: Listening on Journal Audit Socket.
[[0;32m  OK  [0m] Listening on Journal Audit Socket.
[    9.979360] systemd[1]: Listening on udev Kernel Socket.
[[0;32m  OK  [0m] Listening on udev Kernel Socket.
[   10.105320] systemd[1]: Listening on /dev/initctl Compatibility Named Pipe.
[[0;32m  OK  [0m] Listening on /dev/initctl Compatibility Named Pipe.
[   10.967072] systemd[1]: Started Forward Password Requests to Wall Directory Watch.
[[0;32m  OK  [0m] Started Forward Password Requests to Wall Directory Watch.
[   10.977306] systemd[1]: Created slice User and Session Slice.
[[0;32m  OK  [0m] Created slice User and Session Slice.
[   10.981788] systemd[1]: Listening on LVM2 poll daemon socket.
[[0;32m  OK  [0m] Listening on LVM2 poll daemon socket.
[   10.984604] systemd[1]: Created slice System Slice.
[[0;32m  OK  [0m] Created slice System Slice.
[   11.116982] systemd[1]: Starting Create list of required static device nodes for the current kernel...
         Starting Create list of required st... nodes for the current kernel...
[   11.129332] systemd[1]: Mounting Huge Pages File System...
         Mounting Huge Pages File System...
[   11.141447] systemd[1]: Starting Remount Root and Kernel File Systems...
         Starting Remount Root and Kernel File Systems...
[   11.146329] systemd[1]: Created slice system-serial\x2dgetty.slice.
[[0;32m  OK  [0m] Created slice system-serial\x2dgetty.slice.
[   11.150545] systemd[1]: Listening on udev Control Socket.
[[0;32m  OK  [0m] Listening on udev Control Socket.
[   11.155659] systemd[1]: Starting Uncomplicated firewall...
         Starting Uncomplicated firewall...
[   11.158679] systemd[1]: Reached target Encrypted Volumes.
[[0;32m  OK  [0m] Reached target Encrypted Volumes.
[   11.162343] systemd[1]: Starting Set console keymap...
         Starting Set console keymap...
[   11.172369] systemd[1]: Started Trigger resolvconf update for networkd DNS.
[[0;32m  OK  [0m] Started Trigger resolvconf update for networkd DNS.
[   11.175577] systemd[1]: Reached target Slices.
[[0;32m  OK  [0m] Reached target Slices.
[   11.182321] systemd[1]: Listening on Syslog Socket.
[[0;32m  OK  [0m] Listening on Syslog Socket.
[   11.204665] systemd[1]: Starting Journal Service...
         Starting Journal Service...
[   11.212956] systemd[1]: Starting Nameserver information manager...
         Starting Nameserver information manager...
[   11.217305] systemd[1]: Mounting POSIX Message Queue File System...
         Mounting POSIX Message Queue File System...
[   11.220272] systemd[1]: Reached target System Time Synchronized.
[[0;32m  OK  [0m] Reached target System Time Synchronized.
[   11.385783] systemd[1]: Starting Load Kernel Modules...
         Starting Load Kernel Modules...
[   11.393389] systemd[1]: Set up automount Arbitrary Executable File Formats File System Automount Point.
[[0;32m  OK  [0m] Set up automount Arbitrary Executab...ats File System Automount Point.
[   11.470511] systemd[1]: Mounting Debug File System...
         Mounting Debug File System...
[   11.479470] systemd[1]: Listening on LVM2 metadata daemon socket.
[[0;32m  OK  [0m] Listening on LVM2 metadata daemon socket.
[   11.485075] systemd[1]: Starting Monitoring of LVM2 mirrors, snapshots etc. using dmeventd or progress polling...
         Starting Monitoring of LVM2 mirrors... dmeventd or progress polling...
[   11.493313] systemd[1]: Started Uncomplicated firewall.
[[0;32m  OK  [0m] Started Uncomplicated firewall.
[   11.523439] systemd[1]: Started Create list of required static device nodes for the current kernel.
[[0;32m  OK  [0m] Started Create list of required sta...ce nodes for the current kernel.
[   11.548415] systemd[1]: Starting Create Static Device Nodes in /dev...
         Starting Create Static Device Nodes in /dev...
[   11.659617] systemd[1]: Mounted Huge Pages File System.
[   11.662214] EXT4-fs (sda1): re-mounted. Opts: (null)
[[0;32m  OK  [0m] Mounted Huge Pages File System.
[   11.671353] systemd[1]: Mounted Debug File System.
[[0;32m  OK  [0m] Mounted Debug File System.
[   11.674044] systemd[1]: Mounted POSIX Message Queue File System.
[[0;32m  OK  [0m] Mounted POSIX Message Queue File System.
[   11.677667] systemd[1]: Started Remount Root and Kernel File Systems.
[[0;32m  OK  [0m] Started Remount Root and Kernel File Systems.
[   11.698355] Loading iSCSI transport class v2.0-870.
[   11.764670] systemd[1]: Starting udev Coldplug all Devices...
         Starting udev Coldplug all Devices...
[   11.773440] systemd[1]: Starting Load/Save Random Seed...
         Starting Load/Save Random Seed...
[   11.784810] systemd[1]: Started Nameserver information manager.
[[0;32m  OK  [0m] Started Nameserver information manager.
[   11.924294] systemd[1]: Started udev Coldplug all Devices.
[[0;32m  OK  [0m] Started udev Coldplug all Devices.
[   11.933224] systemd[1]: Started Journal Service.
[[0;32m  OK  [0m] Started Journal Service.
         Starting Flush Journal to Persistent Storage...
[[0;32m  OK  [0m] Started Load/Save Random Seed.
[[0;32m  OK  [0m] Started Set console keymap.
[   12.042052] iscsi: registered transport (tcp)
[   12.151165] systemd-journald[384]: Received request to flush runtime journal from PID 1
[[0;32m  OK  [0m] Started Flush Journal to Persistent Storage.
[[0;32m  OK  [0m] Started LVM2 metadata daemon.
[   12.493925] iscsi: registered transport (iser)
[[0;32m  OK  [0m] Started Load Kernel Modules.
         Starting Apply Kernel Variables...
         Mounting FUSE Control File System...
[[0;32m  OK  [0m] Mounted FUSE Control File System.
[[0;32m  OK  [0m] Started Create Static Device Nodes in /dev.
         Starting udev Kernel Device Manager...
[[0;32m  OK  [0m] Started Monitoring of LVM2 mirrors,...ng dmeventd or progress polling.
[[0;32m  OK  [0m] Reached target Local File Systems (Pre).
[[0;32m  OK  [0m] Reached target Local File Systems.
         Starting Tell Plymouth To Write Out Runtime Data...
         Starting Create Volatile Files and Directories...
         Starting LSB: AppArmor initialization...
         Starting Initial cloud-init job (pre-networking)...
         Starting Set console font and keymap...
[[0;32m  OK  [0m] Started Apply Kernel Variables.
[[0;32m  OK  [0m] Started Create Volatile Files and Directories.
         Starting Update UTMP about System Boot/Shutdown...
[[0;32m  OK  [0m] Started Tell Plymouth To Write Out Runtime Data.
[[0;32m  OK  [0m] Started Update UTMP about System Boot/Shutdown.
[[0;32m  OK  [0m] Started udev Kernel Device Manager.
[[0;32m  OK  [0m] Started Dispatch Password Requests to Console Directory Watch.
[[0;32m  OK  [0m] Started Set console font and keymap.
[[0;32m  OK  [0m] Created slice system-getty.slice.
[[0;32m  OK  [0m] Found device /dev/ttyS0.
[[0;32m  OK  [0m] Listening on Load/Save RF Kill Switch Status /dev/rfkill Watch.
[[0;32m  OK  [0m] Found device 82540EM Gigabit Ethern...r (PRO/1000 MT Desktop Adapter).
[[0;32m  OK  [0m] Found device 82540EM Gigabit Ethern...r (PRO/1000 MT Desktop Adapter).
[[0;32m  OK  [0m] Started LSB: AppArmor initialization.
[   19.336260] cloud-init[474]: Cloud-init v. 18.5-45-g3554ffe8-0ubuntu1~16.04.1 running 'init-local' at Wed, 26 Jun 2019 02:01:42 +0000. Up 18.41 seconds.
[[0;32m  OK  [0m] Started Initial cloud-init job (pre-networking).
[[0;32m  OK  [0m] Reached target Network (Pre).
[[0;32m  OK  [0m] Started ifup for enp0s8.
[[0;32m  OK  [0m] Started ifup for enp0s3.
         Starting Raise network interfaces...
[[0;32m  OK  [0m] Started Raise network interfaces.
         Starting Initial cloud-init job (metadata service crawler)...
[[0;32m  OK  [0m] Reached target Network.
[   20.829995] cloud-init[1080]: Cloud-init v. 18.5-45-g3554ffe8-0ubuntu1~16.04.1 running 'init' at Wed, 26 Jun 2019 02:01:43 +0000. Up 20.14 seconds.
[   20.834223] cloud-init[1080]: ci-info: ++++++++++++++++++++++++++++++++++++++Net device info+++++++++++++++++++++++++++++++++++++++
[   20.838199] cloud-init[1080]: ci-info: +--------+------+-----------------------------+---------------+--------+-------------------+
[   20.841692] cloud-init[1080]: ci-info: | Device |  Up  |           Address           |      Mask     | Scope  |     Hw-Address    |
[   20.844674] cloud-init[1080]: ci-info: +--------+------+-----------------------------+---------------+--------+-------------------+
[   20.847353] cloud-init[1080]: ci-info: | enp0s3 | True |          10.0.2.15          | 255.255.255.0 | global | 02:11:c2:af:aa:45 |
[   20.850330] cloud-init[1080]: ci-info: | enp0s3 | True |  fe80::11:c2ff:feaf:aa45/64 |       .       |  link  | 02:11:c2:af:aa:45 |
[   20.853235] cloud-init[1080]: ci-info: | enp0s8 | True |          10.0.1.17          | 255.255.255.0 | global | 08:00:27:8e:fd:f3 |
[   20.856681] cloud-init[1080]: ci-info: | enp0s8 | True | fe80::a00:27ff:fe8e:fdf3/64 |       .       |  link  | 08:00:27:8e:fd:f3 |
[   20.859914] cloud-init[1080]: ci-info: |   lo   | True |          127.0.0.1          |   255.0.0.0   |  host  |         .         |
[   20.862705] cloud-init[1080]: ci-info: |   lo   | True |           ::1/128           |       .       |  host  |         .         |
[   20.865339] cloud-init[1080]: ci-info: +--------+------+-----------------------------+---------------+--------+-------------------+
[   20.867956] cloud-init[1080]: ci-info: +++++++++++++++++++++++++++Route IPv4 info++++++++++++++++++++++++++++
[   20.871185] cloud-init[1080]: ci-info: +-------+-------------+----------+---------------+-----------+-------+
[   20.874113] cloud-init[1080]: ci-info: | Route | Destination | Gateway  |    Genmask    | Interface | Flags |
[   20.876341] cloud-init[1080]: ci-info: +-------+-------------+----------+---------------+-----------+-------+
[   20.878692] cloud-init[1080]: ci-info: |   0   |   0.0.0.0   | 10.0.2.2 |    0.0.0.0    |   enp0s3  |   UG  |
[   20.881005] cloud-init[1080]: ci-info: |   1   |   10.0.1.0  | 0.0.0.0  | 255.255.255.0 |   enp0s8  |   U   |
[   20.883287] cloud-init[1080]: ci-info: |   2   |   10.0.2.0  | 0.0.0.0  | 255.255.255.0 |   enp0s3  |   U   |
[   20.885617] cloud-init[1080]: ci-info: +-------+-------------+----------+---------------+-----------+-------+
[   20.887932] cloud-init[1080]: ci-info: +++++++++++++++++++Route IPv6 info+++++++++++++++++++
[   20.889961] cloud-init[1080]: ci-info: +-------+-------------+---------+-----------+-------+
[   20.892113] cloud-init[1080]: ci-info: | Route | Destination | Gateway | Interface | Flags |
[   20.894322] cloud-init[1080]: ci-info: +-------+-------------+---------+-----------+-------+
[   20.896202] cloud-init[1080]: ci-info: |   0   |  fe80::/64  |    ::   |   enp0s8  |   U   |
[   20.898371] cloud-init[1080]: ci-info: |   1   |  fe80::/64  |    ::   |   enp0s3  |   U   |
[   20.900984] cloud-init[1080]: ci-info: |   4   |   ff00::/8  |    ::   |   enp0s8  |   U   |
[   20.903405] cloud-init[1080]: ci-info: |   5   |   ff00::/8  |    ::   |   enp0s3  |   U   |
[   20.905899] cloud-init[1080]: ci-info: +-------+-------------+---------+-----------+-------+
[[0;32m  OK  [0m] Started Initial cloud-init job (metadata service crawler).
[[0;32m  OK  [0m] Reached target Network is Online.
         Starting iSCSI initiator daemon (iscsid)...
[[0;32m  OK  [0m] Reached target System Initialization.
[[0;32m  OK  [0m] Started Daily apt download activities.
[[0;32m  OK  [0m] Listening on D-Bus System Message Bus Socket.
[[0;32m  OK  [0m] Listening on UUID daemon activation socket.
         Starting LXD - unix socket.
         Starting Docker Socket for the API.
         Starting Socket activation for snappy daemon.
[[0;32m  OK  [0m] Started Daily apt upgrade and clean activities.
[[0;32m  OK  [0m] Listening on ACPID Listen Socket.
[[0;32m  OK  [0m] Started Daily Cleanup of Temporary Directories.
[[0;32m  OK  [0m] Reached target Timers.
[[0;32m  OK  [0m] Started ACPI Events Check.
[[0;32m  OK  [0m] Reached target Paths.
[[0;32m  OK  [0m] Reached target Cloud-config availability.
[[0;32m  OK  [0m] Listening on LXD - unix socket.
[[0;32m  OK  [0m] Listening on Docker Socket for the API.
[[0;32m  OK  [0m] Listening on Socket activation for snappy daemon.
[[0;32m  OK  [0m] Reached target Sockets.
[[0;32m  OK  [0m] Reached target Basic System.
[[0;32m  OK  [0m] Started Deferred execution scheduler.
         Starting Virtualbox guest utils...
         Starting Docker Application Container Engine...
         Starting System Logging Service...
         Starting Snappy daemon...
[[0;32m  OK  [0m] Started FUSE filesystem for LXC.
[[0;32m  OK  [0m] Started D-Bus System Message Bus.
[[0;32m  OK  [0m] Started ACPI event daemon.
[[0;32m  OK  [0m] Started Regular background program processing daemon.
         Starting LXD - container startup/shutdown...
         Starting Login Service...
         Starting /etc/rc.local Compatibility...
         Starting LSB: Record successful boot for GRUB...
[[0;32m  OK  [0m] Started Unattended Upgrades Shutdown.
         Starting Accounts Service...
         Starting OpenBSD Secure Shell server...
         Starting LSB: MD monitoring daemon...
[[0;32m  OK  [0m] Started System Logging Service.
[[0;32m  OK  [0m] Started iSCSI initiator daemon (iscsid).
[[0;32m  OK  [0m] Started /etc/rc.local Compatibility.
         Starting Login to default iSCSI targets...
[[0;32m  OK  [0m] Started LSB: Record successful boot for GRUB.
[[0;32m  OK  [0m] Started Login Service.
[[0;32m  OK  [0m] Started LSB: MD monitoring daemon.
[[0;32m  OK  [0m] Started Login to default iSCSI targets.
[[0;32m  OK  [0m] Reached target Remote File Systems (Pre).
[[0;32m  OK  [0m] Reached target Remote File Systems.
         Starting LSB: Set up cgroupfs mounts....
         Starting LSB: automatic crash report generation...
         Starting LSB: daemon to balance interrupts for SMP systems...
         Starting LSB: Set the CPU Frequency Scaling governor to "ondemand"...
         Starting Permit User Sessions...
[[0;32m  OK  [0m] Started LSB: Set the CPU Frequency Scaling governor to "ondemand".
[[0;32m  OK  [0m] Started LSB: Set up cgroupfs mounts..
[[0;32m  OK  [0m] Started Permit User Sessions.
[[0;32m  OK  [0m] Started LSB: automatic crash report generation.
         Starting Terminate Plymouth Boot Screen...
         Starting Hold until boot process finishes up...
[[0;32m  OK  [0m] Started Hold until boot process finishes up.
[[0;32m  OK  [0m] Started Terminate Plymouth Boot Screen.
[[0;32m  OK  [0m] Started Getty on tty1.
[[0;32m  OK  [0m] Started Serial Getty on ttyS0.
[[0;32m  OK  [0m] Reached target Login Prompts.
         Starting Set console scheme...
[[0;32m  OK  [0m] Started LSB: daemon to balance interrupts for SMP systems.
[[0;32m  OK  [0m] Started Set console scheme.
[[0;32m  OK  [0m] Started Virtualbox guest utils.
         Starting Authenticate and Authorize Users to Run Privileged Tasks...
[[0;32m  OK  [0m] Started OpenBSD Secure Shell server.
[[0;32m  OK  [0m] Started Authenticate and Authorize Users to Run Privileged Tasks.
[[0;32m  OK  [0m] Started Accounts Service.
[[0;32m  OK  [0m] Started Snappy daemon.
         Starting Wait until snapd is fully seeded...
[[0;32m  OK  [0m] Started Wait until snapd is fully seeded.
         Starting Apply the settings specified in cloud-config...
[   28.054540] cloud-init[1329]: Cloud-init v. 18.5-45-g3554ffe8-0ubuntu1~16.04.1 running 'modules:config' at Wed, 26 Jun 2019 02:01:50 +0000. Up 27.18 seconds.
[[0;32m  OK  [0m] Started Apply the settings specified in cloud-config.
[[0;32m  OK  [0m] Created slice User Slice of vagrant.
         Starting User Manager for UID 1000...
[[0;32m  OK  [0m] Started Session 1 of user vagrant.
[[0;32m  OK  [0m] Started LXD - container startup/shutdown.
[[0;32m  OK  [0m] Started User Manager for UID 1000.

Ubuntu 16.04.6 LTS ubuntu-xenial ttyS0

ubuntu-xenial login: [   35.301228] cloud-init[1731]: Cloud-init v. 18.5-45-g3554ffe8-0ubuntu1~16.04.1 running 'modules:final' at Wed, 26 Jun 2019 02:01:58 +0000. Up 35.12 seconds.
[   35.301878] cloud-init[1731]: Cloud-init v. 18.5-45-g3554ffe8-0ubuntu1~16.04.1 finished at Wed, 26 Jun 2019 02:01:58 +0000. Datasource DataSourceNoCloud [seed=/dev/sdb][dsmode=net].  Up 35.29 seconds
