[    0.000000] Initializing cgroup subsys cpuset
[    0.000000] Initializing cgroup subsys cpu
[    0.000000] Initializing cgroup subsys cpuacct
[    0.000000] Linux version 4.4.0-148-generic (buildd@lgw01-amd64-031) (gcc version 5.4.0 20160609 (Ubuntu 5.4.0-6ubuntu1~16.04.10) ) #174-Ubuntu SMP Tue May 7 12:20:14 UTC 2019 (Ubuntu 4.4.0-148.174-generic 4.4.177)
[    0.000000] Command line: BOOT_IMAGE=/boot/vmlinuz-4.4.0-148-generic root=LABEL=cloudimg-rootfs ro console=tty1 console=ttyS0
[    0.000000] KERNEL supported cpus:
[    0.000000]   Intel GenuineIntel
[    0.000000]   AMD AuthenticAMD
[    0.000000]   Centaur CentaurHauls
[    0.000000] x86/fpu: xstate_offset[2]:  576, xstate_sizes[2]:  256
[    0.000000] x86/fpu: Supporting XSAVE feature 0x01: 'x87 floating point registers'
[    0.000000] x86/fpu: Supporting XSAVE feature 0x02: 'SSE registers'
[    0.000000] x86/fpu: Supporting XSAVE feature 0x04: 'AVX registers'
[    0.000000] x86/fpu: Enabled xstate features 0x7, context size is 832 bytes, using 'standard' format.
[    0.000000] e820: BIOS-provided physical RAM map:
[    0.000000] BIOS-e820: [mem 0x0000000000000000-0x000000000009fbff] usable
[    0.000000] BIOS-e820: [mem 0x000000000009fc00-0x000000000009ffff] reserved
[    0.000000] BIOS-e820: [mem 0x00000000000f0000-0x00000000000fffff] reserved
[    0.000000] BIOS-e820: [mem 0x0000000000100000-0x000000001ffeffff] usable
[    0.000000] BIOS-e820: [mem 0x000000001fff0000-0x000000001fffffff] ACPI data
[    0.000000] BIOS-e820: [mem 0x00000000fec00000-0x00000000fec00fff] reserved
[    0.000000] BIOS-e820: [mem 0x00000000fee00000-0x00000000fee00fff] reserved
[    0.000000] BIOS-e820: [mem 0x00000000fffc0000-0x00000000ffffffff] reserved
[    0.000000] NX (Execute Disable) protection: active
[    0.000000] SMBIOS 2.5 present.
[    0.000000] Hypervisor detected: KVM
[    0.000000] e820: last_pfn = 0x1fff0 max_arch_pfn = 0x400000000
[    0.000000] MTRR: Disabled
[    0.000000] x86/PAT: MTRRs disabled, skipping PAT initialization too.
[    0.000000] CPU MTRRs all blank - virtualized system.
[    0.000000] x86/PAT: Configuration [0-7]: WB  WT  UC- UC  WB  WT  UC- UC  
[    0.000000] found SMP MP-table at [mem 0x0009fff0-0x0009ffff] mapped at [ffff88000009fff0]
[    0.000000] Scanning 1 areas for low memory corruption
[    0.000000] RAMDISK: [mem 0x1e8b5000-0x1f72ffff]
[    0.000000] ACPI: Early table checksum verification disabled
[    0.000000] ACPI: RSDP 0x00000000000E0000 000024 (v02 VBOX  )
[    0.000000] ACPI: XSDT 0x000000001FFF0030 00003C (v01 VBOX   VBOXXSDT 00000001 ASL  00000061)
[    0.000000] ACPI: FACP 0x000000001FFF00F0 0000F4 (v04 VBOX   VBOXFACP 00000001 ASL  00000061)
[    0.000000] ACPI: DSDT 0x000000001FFF0470 0022EA (v02 VBOX   VBOXBIOS 00000002 INTL 20100528)
[    0.000000] ACPI: FACS 0x000000001FFF0200 000040
[    0.000000] ACPI: FACS 0x000000001FFF0200 000040
[    0.000000] ACPI: APIC 0x000000001FFF0240 00005C (v02 VBOX   VBOXAPIC 00000001 ASL  00000061)
[    0.000000] ACPI: SSDT 0x000000001FFF02A0 0001CC (v01 VBOX   VBOXCPUT 00000002 INTL 20100528)
[    0.000000] No NUMA configuration found
[    0.000000] Faking a node at [mem 0x0000000000000000-0x000000001ffeffff]
[    0.000000] NODE_DATA(0) allocated [mem 0x1ffeb000-0x1ffeffff]
[    0.000000] kvm-clock: Using msrs 4b564d01 and 4b564d00
[    0.000000] kvm-clock: cpu 0, msr 0:1ffe3001, primary cpu clock
[    0.000000] kvm-clock: using sched offset of 5615549496 cycles
[    0.000000] clocksource: kvm-clock: mask: 0xffffffffffffffff max_cycles: 0x1cd42e4dffb, max_idle_ns: 881590591483 ns
[    0.000000] Zone ranges:
[    0.000000]   DMA      [mem 0x0000000000001000-0x0000000000ffffff]
[    0.000000]   DMA32    [mem 0x0000000001000000-0x000000001ffeffff]
[    0.000000]   Normal   empty
[    0.000000]   Device   empty
[    0.000000] Movable zone start for each node
[    0.000000] Early memory node ranges
[    0.000000]   node   0: [mem 0x0000000000001000-0x000000000009efff]
[    0.000000]   node   0: [mem 0x0000000000100000-0x000000001ffeffff]
[    0.000000] Initmem setup node 0 [mem 0x0000000000001000-0x000000001ffeffff]
[    0.000000] ACPI: PM-Timer IO Port: 0x4008
[    0.000000] IOAPIC[0]: apic_id 2, version 32, address 0xfec00000, GSI 0-23
[    0.000000] ACPI: INT_SRC_OVR (bus 0 bus_irq 0 global_irq 2 dfl dfl)
[    0.000000] ACPI: INT_SRC_OVR (bus 0 bus_irq 9 global_irq 9 low level)
[    0.000000] Using ACPI (MADT) for SMP configuration information
[    0.000000] smpboot: Allowing 2 CPUs, 0 hotplug CPUs
[    0.000000] PM: Registered nosave memory: [mem 0x00000000-0x00000fff]
[    0.000000] PM: Registered nosave memory: [mem 0x0009f000-0x0009ffff]
[    0.000000] PM: Registered nosave memory: [mem 0x000a0000-0x000effff]
[    0.000000] PM: Registered nosave memory: [mem 0x000f0000-0x000fffff]
[    0.000000] e820: [mem 0x20000000-0xfebfffff] available for PCI devices
[    0.000000] Booting paravirtualized kernel on KVM
[    0.000000] clocksource: refined-jiffies: mask: 0xffffffff max_cycles: 0xffffffff, max_idle_ns: 7645519600211568 ns
[    0.000000] setup_percpu: NR_CPUS:512 nr_cpumask_bits:512 nr_cpu_ids:2 nr_node_ids:1
[    0.000000] PERCPU: Embedded 34 pages/cpu @ffff88001fc00000 s99480 r8192 d31592 u1048576
[    0.000000] Built 1 zonelists in Node order, mobility grouping on.  Total pages: 128888
[    0.000000] Policy zone: DMA32
[    0.000000] Kernel command line: BOOT_IMAGE=/boot/vmlinuz-4.4.0-148-generic root=LABEL=cloudimg-rootfs ro console=tty1 console=ttyS0
[    0.000000] PID hash table entries: 2048 (order: 2, 16384 bytes)
[    0.000000] Memory: 481652K/523832K available (8609K kernel code, 1334K rwdata, 4028K rodata, 1484K init, 1284K bss, 42180K reserved, 0K cma-reserved)
[    0.000000] SLUB: HWalign=64, Order=0-3, MinObjects=0, CPUs=2, Nodes=1
[    0.000000] Kernel/User page tables isolation: enabled
[    0.000000] Hierarchical RCU implementation.
[    0.000000] 	Build-time adjustment of leaf fanout to 64.
[    0.000000] 	RCU restricting CPUs from NR_CPUS=512 to nr_cpu_ids=2.
[    0.000000] RCU: Adjusting geometry for rcu_fanout_leaf=64, nr_cpu_ids=2
[    0.000000] NR_IRQS:33024 nr_irqs:440 16
[    0.000000] Console: colour VGA+ 80x25
[    0.000000] console [tty1] enabled
[    0.000000] console [ttyS0] enabled
[    0.000000] tsc: Detected 2304.000 MHz processor
[    0.188860] Calibrating delay loop (skipped) preset value.. 4608.00 BogoMIPS (lpj=9216000)
[    0.190771] pid_max: default: 32768 minimum: 301
[    0.192266] ACPI: Core revision 20150930
[    0.194247] ACPI: 2 ACPI AML tables successfully acquired and loaded
[    0.196117] Security Framework initialized
[    0.197065] Yama: becoming mindful.
[    0.197913] AppArmor: AppArmor initialized
[    0.199342] Dentry cache hash table entries: 65536 (order: 7, 524288 bytes)
[    0.200967] Inode-cache hash table entries: 32768 (order: 6, 262144 bytes)
[    0.202470] Mount-cache hash table entries: 1024 (order: 1, 8192 bytes)
[    0.203986] Mountpoint-cache hash table entries: 1024 (order: 1, 8192 bytes)
[    0.206290] Initializing cgroup subsys io
[    0.208261] Initializing cgroup subsys memory
[    0.209708] Initializing cgroup subsys devices
[    0.210806] Initializing cgroup subsys freezer
[    0.211843] Initializing cgroup subsys net_cls
[    0.212872] Initializing cgroup subsys perf_event
[    0.215192] Initializing cgroup subsys net_prio
[    0.216890] Initializing cgroup subsys hugetlb
[    0.218203] Initializing cgroup subsys pids
[    0.220553] mce: CPU supports 0 MCE banks
[    0.221771] Last level iTLB entries: 4KB 64, 2MB 8, 4MB 8
[    0.223590] Last level dTLB entries: 4KB 64, 2MB 0, 4MB 0, 1GB 4
[    0.225612] Spectre V2 : Mitigation: Full generic retpoline
[    0.226825] Spectre V2 : Spectre v2 / SpectreRSB mitigation: Filling RSB on context switch
[    0.228728] Speculative Store Bypass: Vulnerable
[    0.229842] MDS: Vulnerable: Clear CPU buffers attempted, no microcode
[    0.233843] Freeing SMP alternatives memory: 36K
[    0.240739] ftrace: allocating 32293 entries in 127 pages
[    0.294057] smpboot: APIC(0) Converting physical 0 to logical package 0
[    0.295940] smpboot: Max logical packages: 1
[    0.297156] x2apic enabled
[    0.298373] Switched APIC routing to physical x2apic.
[    0.300696] ..TIMER: vector=0x30 apic1=0 pin1=2 apic2=-1 pin2=-1
[    0.408376] smpboot: CPU0: Intel(R) Core(TM) i5-7360U CPU @ 2.30GHz (family: 0x6, model: 0x8e, stepping: 0x9)
[    0.411172] Performance Events: unsupported p6 CPU model 142 no PMU driver, software events only.
[    0.424148] KVM setup paravirtual spinlock
[    0.426322] x86: Booting SMP configuration:
[    0.428050] .... node  #0, CPUs:      #1
[    0.429340] kvm-clock: cpu 1, msr 0:1ffe3041, secondary cpu clock
[    0.432104] mce: CPU supports 0 MCE banks
[    0.435251] x86: Booted up 1 node, 2 CPUs
[    0.436790] smpboot: Total of 2 processors activated (9216.00 BogoMIPS)
[    0.441114] devtmpfs: initialized
[    0.443508] evm: security.selinux
[    0.444822] evm: security.SMACK64
[    0.446048] evm: security.SMACK64EXEC
[    0.447222] evm: security.SMACK64TRANSMUTE
[    0.448535] evm: security.SMACK64MMAP
[    0.449509] evm: security.ima
[    0.450382] evm: security.capability
[    0.451746] clocksource: jiffies: mask: 0xffffffff max_cycles: 0xffffffff, max_idle_ns: 7645041785100000 ns
[    0.454795] futex hash table entries: 512 (order: 3, 32768 bytes)
[    0.456557] pinctrl core: initialized pinctrl subsystem
[    0.458062] RTC time:  1:59:34, date: 06/25/19
[    0.459224] NET: Registered protocol family 16
[    0.468700] cpuidle: using governor ladder
[    0.481537] cpuidle: using governor menu
[    0.483610] PCCT header not found.
[    0.485618] ACPI: bus type PCI registered
[    0.486823] acpiphp: ACPI Hot Plug PCI Controller Driver version: 0.5
[    0.488794] PCI: Using configuration type 1 for base access
[    0.502424] ACPI: Added _OSI(Module Device)
[    0.504276] ACPI: Added _OSI(Processor Device)
[    0.506174] ACPI: Added _OSI(3.0 _SCP Extensions)
[    0.507887] ACPI: Added _OSI(Processor Aggregator Device)
[    0.510311] ACPI: Executed 1 blocks of module-level executable AML code
[    0.514593] ACPI: Interpreter enabled
[    0.515803] ACPI: (supports S0 S5)
[    0.516798] ACPI: Using IOAPIC for interrupt routing
[    0.518655] PCI: Using host bridge windows from ACPI; if necessary, use "pci=nocrs" and report a bug
[    0.525034] ACPI: PCI Root Bridge [PCI0] (domain 0000 [bus 00-ff])
[    0.527117] acpi PNP0A03:00: _OSC: OS supports [ASPM ClockPM Segments MSI]
[    0.528898] acpi PNP0A03:00: _OSC: not requesting OS control; OS requires [ExtendedConfig ASPM ClockPM MSI]
[    0.531042] acpi PNP0A03:00: fail to add MMCONFIG information, can't access extended PCI configuration space under this bridge.
[    0.534843] PCI host bridge to bus 0000:00
[    0.536212] pci_bus 0000:00: root bus resource [io  0x0000-0x0cf7 window]
[    0.537697] pci_bus 0000:00: root bus resource [io  0x0d00-0xffff window]
[    0.539140] pci_bus 0000:00: root bus resource [mem 0x000a0000-0x000bffff window]
[    0.540916] pci_bus 0000:00: root bus resource [mem 0x20000000-0xfdffffff window]
[    0.543044] pci_bus 0000:00: root bus resource [bus 00-ff]
[    0.547788] pci 0000:00:01.1: legacy IDE quirk: reg 0x10: [io  0x01f0-0x01f7]
[    0.549762] pci 0000:00:01.1: legacy IDE quirk: reg 0x14: [io  0x03f6]
[    0.551865] pci 0000:00:01.1: legacy IDE quirk: reg 0x18: [io  0x0170-0x0177]
[    0.554834] pci 0000:00:01.1: legacy IDE quirk: reg 0x1c: [io  0x0376]
[    0.568450] pci 0000:00:07.0: quirk: [io  0x4000-0x403f] claimed by PIIX4 ACPI
[    0.579058] pci 0000:00:07.0: quirk: [io  0x4100-0x410f] claimed by PIIX4 SMB
[    0.588969] ACPI: PCI Interrupt Link [LNKA] (IRQs 5 9 10 *11)
[    0.590980] ACPI: PCI Interrupt Link [LNKB] (IRQs 5 9 *10 11)
[    0.593468] ACPI: PCI Interrupt Link [LNKC] (IRQs 5 *9 10 11)
[    0.595157] ACPI: PCI Interrupt Link [LNKD] (IRQs 5 9 10 *11)
[    0.596907] ACPI: Enabled 2 GPEs in block 00 to 07
[    0.598347] vgaarb: setting as boot device: PCI:0000:00:02.0
[    0.600252] vgaarb: device added: PCI:0000:00:02.0,decodes=io+mem,owns=io+mem,locks=none
[    0.602188] vgaarb: loaded
[    0.602882] vgaarb: bridge control possible 0000:00:02.0
[    0.604270] SCSI subsystem initialized
[    0.605295] ACPI: bus type USB registered
[    0.606246] usbcore: registered new interface driver usbfs
[    0.607532] usbcore: registered new interface driver hub
[    0.609272] usbcore: registered new device driver usb
[    0.610614] PCI: Using ACPI for IRQ routing
[    0.612050] NetLabel: Initializing
[    0.612901] NetLabel:  domain hash size = 128
[    0.613903] NetLabel:  protocols = UNLABELED CIPSOv4
[    0.615014] NetLabel:  unlabeled traffic allowed by default
[    0.616595] amd_nb: Cannot enumerate AMD northbridges
[    0.617768] clocksource: Switched to clocksource kvm-clock
[    0.624823] AppArmor: AppArmor Filesystem Enabled
[    0.626527] pnp: PnP ACPI init
[    0.628325] pnp: PnP ACPI: found 3 devices
[    0.638030] clocksource: acpi_pm: mask: 0xffffff max_cycles: 0xffffff, max_idle_ns: 2085701024 ns
[    0.641037] NET: Registered protocol family 2
[    0.642631] TCP established hash table entries: 4096 (order: 3, 32768 bytes)
[    0.644143] TCP bind hash table entries: 4096 (order: 4, 65536 bytes)
[    0.645528] TCP: Hash tables configured (established 4096 bind 4096)
[    0.646940] UDP hash table entries: 256 (order: 1, 8192 bytes)
[    0.648360] UDP-Lite hash table entries: 256 (order: 1, 8192 bytes)
[    0.649734] NET: Registered protocol family 1
[    0.650769] pci 0000:00:00.0: Limiting direct PCI/PCI transfers
[    0.652081] pci 0000:00:01.0: Activating ISA DMA hang workarounds
[    0.655139] Unpacking initramfs...
[    0.850718] Freeing initrd memory: 14828K
[    0.852305] clocksource: tsc: mask: 0xffffffffffffffff max_cycles: 0x2135f7c97c8, max_idle_ns: 440795273205 ns
[    0.855181] platform rtc_cmos: registered platform RTC device (no PNP device found)
[    0.856983] Scanning for low memory corruption every 60 seconds
[    0.858638] audit: initializing netlink subsys (disabled)
[    0.859886] audit: type=2000 audit(1561427981.434:1): initialized
[    0.861965] Initialise system trusted keyring
[    0.863481] HugeTLB registered 2 MB page size, pre-allocated 0 pages
[    0.866076] zbud: loaded
[    0.867067] VFS: Disk quotas dquot_6.6.0
[    0.868007] VFS: Dquot-cache hash table entries: 512 (order 0, 4096 bytes)
[    0.870404] squashfs: version 4.0 (2009/01/31) Phillip Lougher
[    0.871934] fuse init (API version 7.23)
[    0.873481] Key type big_key registered
[    0.874474] Allocating IMA MOK and blacklist keyrings.
[    0.877046] Key type asymmetric registered
[    0.878024] Asymmetric key parser 'x509' registered
[    0.879158] Block layer SCSI generic (bsg) driver version 0.4 loaded (major 249)
[    0.880930] io scheduler noop registered
[    0.881868] io scheduler deadline registered (default)
[    0.883097] io scheduler cfq registered
[    0.884102] pci_hotplug: PCI Hot Plug PCI Core version: 0.5
[    0.885847] pciehp: PCI Express Hot Plug Controller Driver version: 0.4
[    0.887912] ACPI: AC Adapter [AC] (on-line)
[    0.889216] input: Power Button as /devices/LNXSYSTM:00/LNXPWRBN:00/input/input0
[    0.891001] ACPI: Power Button [PWRF]
[    0.892080] input: Sleep Button as /devices/LNXSYSTM:00/LNXSLPBN:00/input/input1
[    0.894423] ACPI: Sleep Button [SLPF]
[    0.895488] GHES: HEST is not enabled!
[    0.896582] ACPI: Battery Slot [BAT0] (battery present)
[    0.898076] Serial: 8250/16550 driver, 32 ports, IRQ sharing enabled
[    0.920449] 00:02: ttyS0 at I/O 0x3f8 (irq = 4, base_baud = 115200) is a 16550A
[    0.925399] Linux agpgart interface v0.103
[    0.928791] loop: module loaded
[    0.930118] scsi host0: ata_piix
[    0.931016] scsi host1: ata_piix
[    0.931829] ata1: PATA max UDMA/33 cmd 0x1f0 ctl 0x3f6 bmdma 0xd000 irq 14
[    0.933333] ata2: PATA max UDMA/33 cmd 0x170 ctl 0x376 bmdma 0xd008 irq 15
[    0.935524] libphy: Fixed MDIO Bus: probed
[    0.936550] tun: Universal TUN/TAP device driver, 1.6
[    0.937720] tun: (C) 1999-2004 Max Krasnyansky <maxk@qualcomm.com>
[    0.939238] PPP generic driver version 2.4.2
[    0.940305] ehci_hcd: USB 2.0 'Enhanced' Host Controller (EHCI) Driver
[    0.941699] ehci-pci: EHCI PCI platform driver
[    0.942885] ehci-platform: EHCI generic platform driver
[    0.944081] ohci_hcd: USB 1.1 'Open' Host Controller (OHCI) Driver
[    0.945407] ohci-pci: OHCI PCI platform driver
[    0.946579] ohci-platform: OHCI generic platform driver
[    0.947743] uhci_hcd: USB Universal Host Controller Interface driver
[    0.949153] i8042: PNP: PS/2 Controller [PNP0303:PS2K,PNP0f03:PS2M] at 0x60,0x64 irq 1,12
[    0.952087] serio: i8042 KBD port at 0x60,0x64 irq 1
[    0.953394] serio: i8042 AUX port at 0x60,0x64 irq 12
[    0.954868] mousedev: PS/2 mouse device common for all mice
[    0.956844] input: AT Translated Set 2 keyboard as /devices/platform/i8042/serio0/input/input2
[    0.960027] rtc_cmos rtc_cmos: rtc core: registered rtc_cmos as rtc0
[    0.961638] rtc_cmos rtc_cmos: alarms up to one day, 114 bytes nvram
[    0.963057] i2c /dev entries driver
[    0.964005] device-mapper: uevent: version 1.0.3
[    0.965137] device-mapper: ioctl: 4.34.0-ioctl (2015-10-28) initialised: dm-devel@redhat.com
[    0.967563] ledtrig-cpu: registered to indicate activity on CPUs
[    0.969895] NET: Registered protocol family 10
[    0.971388] NET: Registered protocol family 17
[    0.972803] Key type dns_resolver registered
[    0.974489] registered taskstats version 1
[    0.975919] Loading compiled-in X.509 certificates
[    0.977497] Loaded X.509 cert 'Build time autogenerated kernel key: 5103689f9da3e841c6100f8bb032b132cf76e38d'
[    0.979745] zswap: loaded using pool lzo/zbud
[    0.982432] Key type trusted registered
[    0.987135] Key type encrypted registered
[    0.988462] AppArmor: AppArmor sha1 policy hashing enabled
[    0.989656] ima: No TPM chip found, activating TPM-bypass!
[    0.991180] ima: Allocated hash algorithm: sha1
[    0.992226] evm: HMAC attrs: 0x1
[    0.993539]   Magic number: 7:424:964
[    0.994552] rtc_cmos rtc_cmos: setting system clock to 2019-06-25 01:59:34 UTC (1561427974)
[    0.996586] BIOS EDD facility v0.16 2004-Jun-25, 0 devices found
[    0.997884] EDD information not available.
[    1.091663] Freeing unused kernel memory: 1484K
[    1.093584] Write protecting the kernel read-only data: 14336k
[    1.096432] Freeing unused kernel memory: 1620K
[    1.098675] Freeing unused kernel memory: 68K
Loading, please wait...
starting version 229
[    1.115677] random: systemd-udevd: uninitialized urandom read (16 bytes read, 3 bits of entropy available)
[    1.115900] random: udevadm: uninitialized urandom read (16 bytes read, 3 bits of entropy available)
[    1.115919] random: udevadm: uninitialized urandom read (16 bytes read, 3 bits of entropy available)
[    1.124490] random: udevadm: uninitialized urandom read (16 bytes read, 3 bits of entropy available)
[    1.124536] random: udevadm: uninitialized urandom read (16 bytes read, 3 bits of entropy available)
[    1.124677] random: udevadm: uninitialized urandom read (16 bytes read, 3 bits of entropy available)
[    1.124727] random: udevadm: uninitialized urandom read (16 bytes read, 3 bits of entropy available)
[    1.124777] random: udevadm: uninitialized urandom read (16 bytes read, 3 bits of entropy available)
[    1.124830] random: udevadm: uninitialized urandom read (16 bytes read, 3 bits of entropy available)
[    1.124879] random: udevadm: uninitialized urandom read (16 bytes read, 3 bits of entropy available)
[    1.193303] Fusion MPT base driver 3.04.20
[    1.195545] Copyright (c) 1999-2008 LSI Corporation
[    1.215093] e1000: Intel(R) PRO/1000 Network Driver - version 7.3.21-k8-NAPI
[    1.217718] e1000: Copyright (c) 1999-2006 Intel Corporation.
[    1.240942] AVX2 version of gcm_enc/dec engaged.
[    1.242730] AES CTR mode by8 optimization enabled
[    1.255123] Fusion MPT SPI Host driver 3.04.20
[    1.424844] input: ImExPS/2 Generic Explorer Mouse as /devices/platform/i8042/serio1/input/input4
[    1.668244] e1000 0000:00:03.0 eth0: (PCI:33MHz:32-bit) 02:11:c2:af:aa:45
[    1.670143] e1000 0000:00:03.0 eth0: Intel(R) PRO/1000 Network Connection
[    2.077363] e1000 0000:00:08.0 eth1: (PCI:33MHz:32-bit) 08:00:27:23:5e:91
[    2.079537] e1000 0000:00:08.0 eth1: Intel(R) PRO/1000 Network Connection
[    2.082297] e1000 0000:00:03.0 enp0s3: renamed from eth0
[    2.084425] mptbase: ioc0: Initiating bringup
[    2.091067] e1000 0000:00:08.0 enp0s8: renamed from eth1
[    2.162578] ioc0: LSI53C1030 A0: Capabilities={Initiator}
[    2.325664] scsi host2: ioc0: LSI53C1030 A0, FwRev=00000000h, Ports=1, MaxQ=256, IRQ=20
[    2.439916] scsi 2:0:0:0: Direct-Access     VBOX     HARDDISK         1.0  PQ: 0 ANSI: 5
[    2.443028] scsi target2:0:0: Beginning Domain Validation
[    2.446242] scsi target2:0:0: Domain Validation skipping write tests
[    2.447624] scsi target2:0:0: Ending Domain Validation
[    2.448879] scsi target2:0:0: asynchronous
[    2.450458] scsi 2:0:1:0: Direct-Access     VBOX     HARDDISK         1.0  PQ: 0 ANSI: 5
[    2.452549] scsi target2:0:1: Beginning Domain Validation
[    2.455415] scsi target2:0:1: Domain Validation skipping write tests
[    2.456794] scsi target2:0:1: Ending Domain Validation
[    2.466228] scsi target2:0:1: asynchronous
[    2.484283] sd 2:0:0:0: Attached scsi generic sg0 type 0
[    2.486468] sd 2:0:0:0: [sda] 20971520 512-byte logical blocks: (10.7 GB/10.0 GiB)
[    2.488932] sd 2:0:0:0: [sda] Write Protect is off
[    2.490562] sd 2:0:1:0: [sdb] 20480 512-byte logical blocks: (10.5 MB/10.0 MiB)
[    2.493037] sd 2:0:1:0: Attached scsi generic sg1 type 0
[    2.495234] sd 2:0:1:0: [sdb] Write Protect is off
[    2.496343] sd 2:0:0:0: [sda] Incomplete mode parameter data
[    2.497611] sd 2:0:0:0: [sda] Assuming drive cache: write through
[    2.499071] sd 2:0:1:0: [sdb] Incomplete mode parameter data
[    2.500651] sd 2:0:1:0: [sdb] Assuming drive cache: write through
[    2.505361]  sda: sda1
[    2.507894] sd 2:0:1:0: [sdb] Attached SCSI disk
[    2.509361] sd 2:0:0:0: [sda] Attached SCSI disk
Begin: Loading essential drivers ... [    3.798023] md: linear personality registered for level -1
[    3.802227] md: multipath personality registered for level -4
[    3.806852] md: raid0 personality registered for level 0
[    3.811786] md: raid1 personality registered for level 1
[    3.881996] raid6: sse2x1   gen() 11983 MB/s
[    3.950257] raid6: sse2x1   xor()  7537 MB/s
[    4.017922] raid6: sse2x2   gen() 11341 MB/s
[    4.086290] raid6: sse2x2   xor()  7890 MB/s
[    4.154050] raid6: sse2x4   gen() 13186 MB/s
[    4.221792] raid6: sse2x4   xor() 10791 MB/s
[    4.290021] raid6: avx2x1   gen() 24306 MB/s
[    4.358060] raid6: avx2x2   gen() 27223 MB/s
[    4.425799] raid6: avx2x4   gen() 31190 MB/s
[    4.427195] raid6: using algorithm avx2x4 gen() 31190 MB/s
[    4.428394] raid6: using avx2x2 recovery algorithm
[    4.430785] xor: automatically using best checksumming function:
[    4.481427]    avx       : 52938.000 MB/sec
[    4.484221] async_tx: api initialized (async)
[    4.492138] md: raid6 personality registered for level 6
[    4.493904] md: raid5 personality registered for level 5
[    4.495760] md: raid4 personality registered for level 4
[    4.503096] md: raid10 personality registered for level 10
done.
Begin: Running /scripts/init-premount ... done.
Begin: Mounting root file system ... Begin: Running /scripts/local-top ... done.
Begin: Running /scripts/local-premount ... [    4.531071] Btrfs loaded
Scanning for Btrfs filesystems
done.
Warning: fsck not present, so skipping root file system
[    4.591516] EXT4-fs (sda1): mounted filesystem with ordered data mode. Opts: (null)
done.
Begin: Running /scripts/local-bottom ... done.
Begin: Running /scripts/init-bottom ... done.
[    4.723287] systemd[1]: systemd 229 running in system mode. (+PAM +AUDIT +SELINUX +IMA +APPARMOR +SMACK +SYSVINIT +UTMP +LIBCRYPTSETUP +GCRYPT +GNUTLS +ACL +XZ -LZ4 +SECCOMP +BLKID +ELFUTILS +KMOD -IDN)
[    4.727681] systemd[1]: Detected virtualization oracle.
[    4.728843] systemd[1]: Detected architecture x86-64.

Welcome to [1mUbuntu 16.04.6 LTS[0m!

[    4.734428] systemd[1]: Set hostname to <ubuntu>.
[    4.739053] systemd[1]: Initializing machine ID from random generator.
[    4.740833] systemd[1]: Installed transient /etc/machine-id file.
[    4.918841] systemd[1]: Listening on Syslog Socket.
[[0;32m  OK  [0m] Listening on Syslog Socket.
[    4.921027] systemd[1]: Reached target Encrypted Volumes.
[[0;32m  OK  [0m] Reached target Encrypted Volumes.
[    4.931234] systemd[1]: Listening on udev Kernel Socket.
[[0;32m  OK  [0m] Listening on udev Kernel Socket.
[    4.935171] systemd[1]: Listening on LVM2 metadata daemon socket.
[[0;32m  OK  [0m] Listening on LVM2 metadata daemon socket.
[    4.947513] systemd[1]: Started Forward Password Requests to Wall Directory Watch.
[[0;32m  OK  [0m] Started Forward Password Requests to Wall Directory Watch.
[    4.958691] systemd[1]: Listening on Journal Socket.
[[0;32m  OK  [0m] Listening on Journal Socket.
[    4.965070] systemd[1]: Started Trigger resolvconf update for networkd DNS.
[[0;32m  OK  [0m] Started Trigger resolvconf update for networkd DNS.
[    4.968768] systemd[1]: Reached target System Time Synchronized.
[[0;32m  OK  [0m] Reached target System Time Synchronized.
[    4.971907] systemd[1]: Listening on udev Control Socket.
[[0;32m  OK  [0m] Listening on udev Control Socket.
[    4.975223] systemd[1]: Listening on /dev/initctl Compatibility Named Pipe.
[[0;32m  OK  [0m] Listening on /dev/initctl Compatibility Named Pipe.
[    4.990788] systemd[1]: Set up automount Arbitrary Executable File Formats File System Automount Point.
[[0;32m  OK  [0m] Set up automount Arbitrary Executab...ats File System Automount Point.
[    4.999650] systemd[1]: Created slice User and Session Slice.
[[0;32m  OK  [0m] Created slice User and Session Slice.
[    5.005424] systemd[1]: Listening on Journal Socket (/dev/log).
[[0;32m  OK  [0m] Listening on Journal Socket (/dev/log).
[    5.009248] systemd[1]: Listening on Journal Audit Socket.
[[0;32m  OK  [0m] Listening on Journal Audit Socket.
[    5.023038] systemd[1]: Listening on LVM2 poll daemon socket.
[[0;32m  OK  [0m] Listening on LVM2 poll daemon socket.
[    5.028067] systemd[1]: Reached target Swap.
[[0;32m  OK  [0m] Reached target Swap.
[    5.035865] systemd[1]: Reached target User and Group Name Lookups.
[[0;32m  OK  [0m] Reached target User and Group Name Lookups.
[    5.047186] systemd[1]: Listening on Device-mapper event daemon FIFOs.
[[0;32m  OK  [0m] Listening on Device-mapper event daemon FIFOs.
[    5.053552] systemd[1]: Created slice System Slice.
[[0;32m  OK  [0m] Created slice System Slice.
[    5.066589] systemd[1]: Mounting POSIX Message Queue File System...
         Mounting POSIX Message Queue File System...
[    5.071018] systemd[1]: Reached target Slices.
[[0;32m  OK  [0m] Reached target Slices.
[    5.075116] systemd[1]: Starting Remount Root and Kernel File Systems...
         Starting Remount Root and Kernel File Systems...
[    5.085882] EXT4-fs (sda1): re-mounted. Opts: (null)
[    5.087455] systemd[1]: Mounting Debug File System...
         Mounting Debug File System...
[    5.099703] systemd[1]: Starting Journal Service...
         Starting Journal Service...
[    5.113249] systemd[1]: Starting Create list of required static device nodes for the current kernel...
         Starting Create list of required st... nodes for the current kernel...
[    5.121287] systemd[1]: Starting Set console keymap...
         Starting Set console keymap...
[    5.129895] systemd[1]: Starting Load Kernel Modules...
         Starting Load Kernel Modules...
[    5.137555] systemd[1]: Mounting Huge Pages File System...
         Mounting Huge Pages File System...
[    5.145118] systemd[1]: Starting Monitoring of LVM2 mirrors, snapshots etc. using dmeventd or progress polling...
         Starting Monitoring of LVM2 mirrors... dmeventd or progress polling...
[    5.158811] systemd[1]: Starting Nameserver information manager...
         Starting Nameserver information manager...
[    5.169720] Loading iSCSI transport class v2.0-870.
[    5.171668] systemd[1]: Created slice system-serial\x2dgetty.slice.
[[0;32m  OK  [0m] Created slice system-serial\x2dgetty.slice.
[    5.176972] systemd[1]: Starting Uncomplicated firewall...
         Starting Uncomplicated firewall...
[    5.189516] systemd[1]: Mounted Debug File System.
[[0;32m  OK  [0m] Mounted Debug File System.
[    5.198594] systemd[1]: Mounted POSIX Message Queue File System.
[[0;32m  OK  [0m] Mounted POSIX Message Queue File System.
[    5.202671] systemd[1]: Mounted Huge Pages File System.
[[0;32m  OK  [0m] Mounted Huge Pages File System.
[    5.210489] iscsi: registered transport (tcp)
[    5.216150] systemd[1]: Started Journal Service.
[[0;32m  OK  [0m] Started Journal Service.
[[0;32m  OK  [0m] Started Remount Root and Kernel File Systems.
[[0;32m  OK  [0m] Started Create list of required sta...ce nodes for the current kernel.
[[0;32m  OK  [0m] Started Set console keymap.
[    5.246104] iscsi: registered transport (iser)
[[0;32m  OK  [0m] Started Uncomplicated firewall.
[[0;32m  OK  [0m] Started Load Kernel Modules.
[[0;32m  OK  [0m] Started Nameserver information manager.
[[0;32m  OK  [0m] Started LVM2 metadata daemon.
         Mounting FUSE Control File System...
         Starting Apply Kernel Variables...
         Starting Create Static Device Nodes in /dev...
         Starting Load/Save Random Seed...
         Starting udev Coldplug all Devices...
         Starting Flush Journal to Persistent Storage...
[[0;32m  OK  [0m] Mounted FUSE Control File System.
[[0;32m  OK  [0m] Started Apply Kernel Variables.
[[0;32m  OK  [0m] Started Load/Save Random Seed.
[[0;32m  OK  [0m] Started Create Static Device Nodes in /dev.
         Starting udev Kernel Device Manager...
[[0;32m  OK  [0m] Started Flush Journal to Persistent Storage.
[[0;32m  OK  [0m] Started udev Coldplug all Devices.
[[0;32m  OK  [0m] Started udev Kernel Device Manager.
[[0;32m  OK  [0m] Started Dispatch Password Requests to Console Directory Watch.
[[0;32m  OK  [0m] Found device /dev/ttyS0.
[[0;32m  OK  [0m] Listening on Load/Save RF Kill Switch Status /dev/rfkill Watch.
[[0;32m  OK  [0m] Started Monitoring of LVM2 mirrors,...ng dmeventd or progress polling.
[[0;32m  OK  [0m] Reached target Local File Systems (Pre).
[[0;32m  OK  [0m] Reached target Local File Systems.
         Starting Tell Plymouth To Write Out Runtime Data...
         Starting Set console font and keymap...
         Starting Commit a transient machine-id on disk...
         Starting Initial cloud-init job (pre-networking)...
         Starting Create Volatile Files and Directories...
         Starting LSB: AppArmor initialization...
[[0;32m  OK  [0m] Started Tell Plymouth To Write Out Runtime Data.
[[0;32m  OK  [0m] Started Create Volatile Files and Directories.
[[0;32m  OK  [0m] Started Commit a transient machine-id on disk.
         Starting Update UTMP about System Boot/Shutdown...
[[0;32m  OK  [0m] Started Update UTMP about System Boot/Shutdown.
[[0;32m  OK  [0m] Started Set console font and keymap.
[[0;32m  OK  [0m] Created slice system-getty.slice.
[[0;32m  OK  [0m] Started LSB: AppArmor initialization.
[    6.949100] cloud-init[639]: Cloud-init v. 18.5-45-g3554ffe8-0ubuntu1~16.04.1 running 'init-local' at Tue, 25 Jun 2019 01:59:40 +0000. Up 6.68 seconds.
[[0;32m  OK  [0m] Started Initial cloud-init job (pre-networking).
[[0;32m  OK  [0m] Reached target Network (Pre).
         Starting Raise network interfaces...
[[0;32m  OK  [0m] Started Raise network interfaces.
         Starting Initial cloud-init job (metadata service crawler)...
[[0;32m  OK  [0m] Reached target Network.
[    7.881607] cloud-init[955]: Cloud-init v. 18.5-45-g3554ffe8-0ubuntu1~16.04.1 running 'init' at Tue, 25 Jun 2019 01:59:41 +0000. Up 7.41 seconds.
[    7.884477] cloud-init[955]: ci-info: ++++++++++++++++++++++++++++++++++++++Net device info+++++++++++++++++++++++++++++++++++++++
[    7.886425] cloud-init[955]: ci-info: +--------+-------+----------------------------+---------------+--------+-------------------+
[    7.888864] cloud-init[955]: ci-info: | Device |   Up  |          Address           |      Mask     | Scope  |     Hw-Address    |
[    7.891523] cloud-init[955]: ci-info: +--------+-------+----------------------------+---------------+--------+-------------------+
[    7.894726] cloud-init[955]: ci-info: | enp0s3 |  True |         10.0.2.15          | 255.255.255.0 | global | 02:11:c2:af:aa:45 |
[    7.897200] cloud-init[955]: ci-info: | enp0s3 |  True | fe80::11:c2ff:feaf:aa45/64 |       .       |  link  | 02:11:c2:af:aa:45 |
[    7.899703] cloud-init[955]: ci-info: | enp0s8 | False |             .              |       .       |   .    | 08:00:27:23:5e:91 |
[    7.902316] cloud-init[955]: ci-info: |   lo   |  True |         127.0.0.1          |   255.0.0.0   |  host  |         .         |
[    7.908535] cloud-init[955]: ci-info: |   lo   |  True |          ::1/128           |       .       |  host  |         .         |
[    7.916463] cloud-init[955]: ci-info: +--------+-------+----------------------------+---------------+--------+-------------------+
[    7.917912] cloud-init[955]: ci-info: +++++++++++++++++++++++++++Route IPv4 info++++++++++++++++++++++++++++
[    7.919838] cloud-init[955]: ci-info: +-------+-------------+----------+---------------+-----------+-------+
[    7.921888] cloud-init[955]: ci-info: | Route | Destination | Gateway  |    Genmask    | Interface | Flags |
[    7.924135] cloud-init[955]: ci-info: +-------+-------------+----------+---------------+-----------+-------+
[    7.933013] cloud-init[955]: ci-info: |   0   |   0.0.0.0   | 10.0.2.2 |    0.0.0.0    |   enp0s3  |   UG  |
[[0;32m  OK  [0m] Started Initial cloud-init job (metadata service crawler).
[    7.935957] cloud-init[955]: ci-info: |   1   |   10.0.2.0  | 0.0.0.0  | 255.255.255.0 |   enp0s3  |   U   |[[0;32m  OK  [0m] Reached target Cloud-config availability.
[[0;32m  OK  [0m] Reached target System Initialization.

[    7.944948]          Starting LXD - unix socket.
[[0;32m  OK  [0m] Listening on ACPID Listen Socket.
[[0;32m  OK  [0m] Listening on UUID daemon activation socket.
         Starting Socket activation for snappy daemon.
[[0;32m  OK  [0m] Started Daily Cleanup of Temporary Directories.
cloud-init[955]: ci-info: +-------+-------------+----------+---------------+-----------+-------+
[    7.952483] cloud-init[955]: ci-info: +++++++++++++++++++Route IPv6 info+++++++++++++++++++
[[0;32m  OK  [0m] Started ACPI Events Check.
[    7.954950] [[0;32m  OK  [0m] Reached target Paths.
[[0;32m  OK  [0m] Listening on D-Bus System Message Bus Socket.
[[0;32m  OK  [0m] Started Daily apt download activities.
[[0;32m  OK  [0m] Started Daily apt upgrade and clean activities.
[[0;32m  OK  [0m] Reached target Timers.
[[0;32m  OK  [0m] Reached target Network is Online.
cloud-init[955]: ci-info: +-------+-------------+---------+-----------+-------+
         Starting iSCSI initiator daemon (iscsid)...
[    7.972991] cloud-init[955]: ci-info: | Route | Destination | Gateway | Interface | Flags |
[[0;32m  OK  [0m] Listening on LXD - unix socket.
[[0;32m  OK  [0m] Listening on Socket activation for snappy daemon.
[    7.983870] cloud-init[955]: ci-info: +-------+-------------+---------+-----------+-------+
[    7.996722] [[0;32m  OK  [0m] Started iSCSI initiator daemon (iscsid).
cloud-init[955]: ci-info: |   0   |  fe80::/64  |    ::   |   enp0s3  |   U   |
         Starting Login to default iSCSI targets...
[[0;32m  OK  [0m] Reached target Sockets.
[[0;32m  OK  [0m] Reached target Basic System.
[    8.000515] cloud-init[955]: ci-info: |   3   |   ff00::/8  |    ::   |   enp0s3  |   U   |
         [    8.009456] cloud-init[955]: ci-info: +-------+-------------+---------+-----------+-------+
[    8.009900] cloud-init[955]: Generating public/private rsa key pair.
[    8.010534] cloud-init[955]: Your identification has been saved in /etc/ssh/ssh_host_rsa_key.
[    8.011162] cloud-init[955]: Your public key has been saved in /etc/ssh/ssh_host_rsa_key.pub.
[    8.012368] cloud-init[955]: The key fingerprint is:
[    8.013084] cloud-init[955]: SHA256:ys6jYUvsGMGH+j6B/zCssUJ3glKgpBXfsrz7k9/UQdQ root@ubuntu-xenial
Starting Pollinate to seed the pseudo random number generator...
[    8.014984] cloud-init[955]: The key's randomart image is:
[    8.019479] cloud-init[955]: +---[RSA 2048]----+
         Starting Snappy daemon...
[    8.021454] cloud-init         Starting LSB: MD monitoring daemon...
         Starting System Logging Service...
         Starting LXD - container startup/shutdown...
[955]: |  ..        ..   |         Starting Virtualbox guest utils...

[    8.028062]          Starting LSB: Record successful boot for GRUB...
[[0;32m  OK  [0m] Started Unattended Upgrades Shutdown.
[[0;32m  OK  [0m] Started Deferred execution scheduler.
         Starting Login Service...
cloud-init[955]: |.... .     .  E  |
[[0;32m  OK  [0m] Started FUSE filesystem for LXC.
[[0;32m  OK  [0m] Started ACPI event daemon.
[[0;32m  OK  [0m] Started D-Bus System Message Bus.
[    8.055044] cloud-init[955]: |+o  o .     .    |
[    8.059127] cloud-init[955]: |o..o o     .     |
[    8.060764] cloud-init[955]: | o= +   S   .    |
[    8.065267] cloud-init[955]: |o=.* + .   . .   |
[    8.069985] cloud-init[955]: |=.*.O o.  . .    |
[    8.071552] cloud-init[955]: |.=oO *+  o       |
[    8.084337] cloud-init[955]: |+.+o*o++. .      |
[    8.085561] cloud-init[955]: +----[SHA256]-----+
[    8.087255] cloud-init[955]: Generating public/private dsa key pair.
[    8.090718] cloud-init[955]: Your identification has been saved in /etc/ssh/ssh_host_dsa_key.
[    8.094489] cloud-init[955]: Your public key has been saved in /etc/ssh/ssh_host_dsa_key.pub.
[    8.102039] cloud-init[955]: The key fingerprint is:
[    8.109336] cloud-init[955]: SHA256:DDdoTWw0iVROHAQEaBiXqrMuUS2hpNribtmCvV9jQlc root@ubuntu-xenial
[    8.124421] cloud-init[955]: The key's randomart image is:
[    8.125671] cloud-init[955]: +---[DSA 1024]----+
[    8.126970] cloud-init[955]: |.o.o.++OOo       |
[    8.128184] cloud-init[955]: |.o=   .*=.       |
[    8.130435] cloud-init[955]: |o+ o  +.E        |
[    8.140801]          Starting /etc/rc.local Compatibility...
cloud-init         Starting Accounts Service...
[[0;32m  OK  [0m] Started Regular background program processing daemon.
[955]: |+ o .. = .       |
[[0;32m  OK  [0m] Started System Logging Service.
[    8.150543] [[0;32m  OK  [0m] Started /etc/rc.local Compatibility.
cloud-init[955]: |oo .. . S        |
[    8.153563] cloud-init[955]: |* .. .           |
[    8.155483] cloud-init[955]: |o*o . +          |
[    8.157279] cloud-init[955]: |+=.. + .         |
[    8.158653] cloud-init[955]: |=ooo.            |
[    8.160161] cloud-init[955]: +----[SHA256]-----+
[    8.164116] cloud-init[955]: Generating public/private ecdsa key pair.
[    8.165829] cloud-init[955]: Your identification has been saved in /etc/ssh/ssh_host_ecdsa_key.
[    8.168576] cloud-init[955]: Your public key has been saved in /etc/ssh/ssh_host_ecdsa_key.pub.
[    8.171608] cloud-init[955]: The key fingerprint is:
[    8.179891] cloud-init[955]: SHA256:j3Oq5ZgjmmFyP996yA9fhsY+EN0FWEfl7HKQeJ4Nrmg root@ubuntu-xenial
[    8.191394] cloud-init[955]: The key's randomart image is:
[[0;32m  OK  [0m] Started LXD - container startup/shutdown.
[    8.196708] cloud-init[955]: +---[ECDSA 256]---+
[    8.198363] cloud-init[955]: |         oooo..  |
[    8.199516] cloud-init[955]: |        .  o.+   |
[    8.201556] cloud-init[955]: |       . ...= o  |
[    8.203021] cloud-init[955]: |      . . .+ *   |
[    8.205932] cloud-init[955]: |       .S   = +  |
[    8.206751] cloud-init[955]: |      .. = . o   |
[    8.207898] cloud-init[955]: |. +  ..oE *      |
[    8.209608] cloud-init[955]: | + +o +%o*       |
[    8.211058] cloud-init[955]: |  o..+**B.       |
[    8.214708] cloud-init[955]: +----[SHA256]-----+
[    8.219552] cloud-init[955]: Generating public/private ed25519 key pair.
[[0;32m  OK  [0m] Started Login to default iSCSI targets.
[    8.231655] cloud-init[955]: Your identification has been saved in /etc/ssh/ssh_host_ed25519_key.
[    8.252792] cloud-init[955]: Your public key has been saved in /etc/ssh/ssh_host_ed25519_key.pub.
[    8.258116] cloud-init[955]: The key fingerprint is:
[[0;32m  OK  [0m] Started LSB: MD monitoring daemon.
[    8.267852] cloud-init[955]: SHA256:Vy/h6TklXsERg6YRv2krs3GoOdV/JrHhFCCVDNGIrNc root@ubuntu-xenial
[    8.276649] cloud-init[955]: The key's randomart image is:
[    8.280527] cloud-init[955]: +--[ED25519 256]--+
[    8.281618] cloud-init[955]: |       . .+O.o+. |
[    8.282550] cloud-init[955]: |        o +.B. o |
[[0;32m  OK  [0m[    8.285177] cloud-init[955]: |       . . =+.o  |
[    8.285501] cloud-init[955]: |      . . Eo *.. |
[    8.286409] cloud-init[955]: |       .S ..O +. |
[    8.287013] cloud-init[955]: |         ..=.B+  |
[    8.287914] cloud-init[955]: |         .= B+ + |
] Started LSB: Record successful boot for GRUB.[    8.288448] cloud-init[955]: |        .o * .= o|
[    8.292089] cloud-init[955]: |        o..    + |
[    8.296286] cloud-init[955]: +----[SHA256]-----+

[[0;32m  OK  [0m] Started Login Service.
         Starting Authenticate and Authorize Users to Run Privileged Tasks...
[[0;32m  OK  [0m] Reached target Remote File Systems (Pre).
[[0;32m  OK  [0m] Reached target Remote File Systems.
         Starting LSB: automatic crash report generation...
         Starting LSB: Set the CPU Frequency Scaling governor to "ondemand"...
         Starting LSB: daemon to balance interrupts for SMP systems...
         Starting Permit User Sessions...
[[0;32m  OK  [0m] Started Virtualbox guest utils.
[[0;32m  OK  [0m] Started Permit User Sessions.
[[0;32m  OK  [0m] Started Authenticate and Authorize Users to Run Privileged Tasks.
[[0;32m  OK  [0m] Started Accounts Service.
[[0;32m  OK  [0m] Started Snappy daemon.
         Starting Wait until snapd is fully seeded...
         Starting Hold until boot process finishes up...
         Starting Terminate Plymouth Boot Screen...
[[0;32m  OK  [0m] Started LSB: automatic crash report generation.
[[0;32m  OK  [0m] Started LSB: Set the CPU Frequency Scaling governor to "ondemand".
[[0;32m  OK  [0m] Started LSB: daemon to balance interrupts for SMP systems.
[[0;32m  OK  [0m] Started Hold until boot process finishes up.
[[0;32m  OK  [0m] Started Terminate Plymouth Boot Screen.
[[0;32m  OK  [0m] Started Getty on tty1.
[[0;32m  OK  [0m] Started Serial Getty on ttyS0.
[[0;32m  OK  [0m] Reached target Login Prompts.
         Starting Set console scheme...
[[0;32m  OK  [0m] Started Set console scheme.
[[0;32m  OK  [0m] Started Pollinate to seed the pseudo random number generator.
         Starting OpenBSD Secure Shell server...
[[0;32m  OK  [0m] Started OpenBSD Secure Shell server.
[[0;32m  OK  [0m] Created slice User Slice of vagrant.
         Starting User Manager for UID 1000...
[[0;32m  OK  [0m] Started Session 1 of user vagrant.
[[0;32m  OK  [0m] Started User Manager for UID 1000.
[[0;32m  OK  [0m] Started Session 2 of user vagrant.
[[0;32m  OK  [0m] Started Wait until snapd is fully seeded.
[[0;32m  OK  [0m] Reached target Multi-User System.
[[0;32m  OK  [0m] Reached target Graphical Interface.
         Starting Update UTMP about System Runlevel Changes...
         Starting Apply the settings specified in cloud-config...
[[0;32m  OK  [0m] Started Update UTMP about System Runlevel Changes.
[   12.371248] cloud-init[1537]: Generating locales (this might take a while)...
[   13.175461] cloud-init[1537]:   en_US.UTF-8... done
[   13.184400] cloud-init[1537]: Generation complete.
[   13.629479] cloud-init[1537]: Cloud-init v. 18.5-45-g3554ffe8-0ubuntu1~16.04.1 running 'modules:config' at Tue, 25 Jun 2019 01:59:46 +0000. Up 12.20 seconds.
ci-info: no authorized ssh keys fingerprints found for user ubuntu.
<14>Jun 25 01:59:48 ec2: 
<14>Jun 25 01:59:48 ec2: #############################################################
<14>Jun 25 01:59:48 ec2: -----BEGIN SSH HOST KEY FINGERPRINTS-----
<14>Jun 25 01:59:48 ec2: 1024 SHA256:DDdoTWw0iVROHAQEaBiXqrMuUS2hpNribtmCvV9jQlc root@ubuntu-xenial (DSA)
<14>Jun 25 01:59:48 ec2: 256 SHA256:j3Oq5ZgjmmFyP996yA9fhsY+EN0FWEfl7HKQeJ4Nrmg root@ubuntu-xenial (ECDSA)
<14>Jun 25 01:59:48 ec2: 256 SHA256:Vy/h6TklXsERg6YRv2krs3GoOdV/JrHhFCCVDNGIrNc root@ubuntu-xenial (ED25519)
<14>Jun 25 01:59:48 ec2: 2048 SHA256:ys6jYUvsGMGH+j6B/zCssUJ3glKgpBXfsrz7k9/UQdQ root@ubuntu-xenial (RSA)
<14>Jun 25 01:59:48 ec2: -----END SSH HOST KEY FINGERPRINTS-----
<14>Jun 25 01:59:48 ec2: #############################################################
-----BEGIN SSH HOST KEY KEYS-----
ecdsa-sha2-nistp256 AAAAE2VjZHNhLXNoYTItbmlzdHAyNTYAAAAIbmlzdHAyNTYAAABBBLoAl+iDALtpfDsMDZPgZ1jHEef1j0WhjT/Lr5uYtq9FqEQ28EeDmkVsY8oWzx2ltN86Kjwnx+bhRJkgj0/Upj4= root@ubuntu-xenial
ssh-ed25519 AAAAC3NzaC1lZDI1NTE5AAAAIPS49yJ4eUVgzgBrArObuFe0mr36bGR7i5of2MEpffAV root@ubuntu-xenial
ssh-rsa AAAAB3NzaC1yc2EAAAADAQABAAABAQDHMaexyTBlLWh6phPQc6LF4y758WKUNM5+SsUWSaf7Xh1A1q32KCjWGW9impxLo4Ujz3jHRUYi9B8iI7qFVgXo+dYd7z6Nu1fTw42L4tpSrlbNiVWup79awm8LFfL6w9az2UkvAHQAlXFqcPdm2c3jQXL5mx8Vtqz42pD9gYo7SjUKnSF7ni4gztHRG1sKpGm8ZJKUgQ7Z2Dh0hlCC8HKYPf3heBh34JvWOC//zpxaU+PrVU2vKSAS+FOz6Mv4LbwlXkXX1qtJxg10cErGQTEJ3mHSm0bsmJaIm4yWM+gOfwzfASox6ZkDD/5BHTzhCMEu9T5Z6VPOlZi9yN5eg/FV root@ubuntu-xenial
-----END SSH HOST KEY KEYS-----
[   14.419967] cloud-init[1828]: Cloud-init v. 18.5-45-g3554ffe8-0ubuntu1~16.04.1 running 'modules:final' at Tue, 25 Jun 2019 01:59:48 +0000. Up 14.26 seconds.
[   14.423981] cloud-init[1828]: ci-info: no authorized ssh keys fingerprints found for user ubuntu.
[   14.426328] cloud-init[1828]: Cloud-init v. 18.5-45-g3554ffe8-0ubuntu1~16.04.1 finished at Tue, 25 Jun 2019 01:59:48 +0000. Datasource DataSourceNoCloud [seed=/dev/sdb][dsmode=net].  Up 14.38 seconds

Ubuntu 16.04.6 LTS ubuntu-xenial ttyS0

ubuntu-xenial login: 