[    0.000000] Initializing cgroup subsys cpuset
[    0.000000] Initializing cgroup subsys cpu
[    0.000000] Initializing cgroup subsys cpuacct
[    0.000000] Linux version 4.4.0-148-generic (buildd@lgw01-amd64-031) (gcc version 5.4.0 20160609 (Ubuntu 5.4.0-6ubuntu1~16.04.10) ) #174-Ubuntu SMP Tue May 7 12:20:14 UTC 2019 (Ubuntu 4.4.0-148.174-generic 4.4.177)
[    0.000000] Command line: BOOT_IMAGE=/boot/vmlinuz-4.4.0-148-generic root=LABEL=cloudimg-rootfs ro console=tty1 console=ttyS0
[    0.000000] KERNEL supported cpus:
[    0.000000]   Intel GenuineIntel
[    0.000000]   AMD AuthenticAMD
[    0.000000]   Centaur CentaurHauls
[    0.000000] x86/fpu: xstate_offset[2]:  576, xstate_sizes[2]:  256
[    0.000000] x86/fpu: Supporting XSAVE feature 0x01: 'x87 floating point registers'
[    0.000000] x86/fpu: Supporting XSAVE feature 0x02: 'SSE registers'
[    0.000000] x86/fpu: Supporting XSAVE feature 0x04: 'AVX registers'
[    0.000000] x86/fpu: Enabled xstate features 0x7, context size is 832 bytes, using 'standard' format.
[    0.000000] e820: BIOS-provided physical RAM map:
[    0.000000] BIOS-e820: [mem 0x0000000000000000-0x000000000009fbff] usable
[    0.000000] BIOS-e820: [mem 0x000000000009fc00-0x000000000009ffff] reserved
[    0.000000] BIOS-e820: [mem 0x00000000000f0000-0x00000000000fffff] reserved
[    0.000000] BIOS-e820: [mem 0x0000000000100000-0x000000003ffeffff] usable
[    0.000000] BIOS-e820: [mem 0x000000003fff0000-0x000000003fffffff] ACPI data
[    0.000000] BIOS-e820: [mem 0x00000000fec00000-0x00000000fec00fff] reserved
[    0.000000] BIOS-e820: [mem 0x00000000fee00000-0x00000000fee00fff] reserved
[    0.000000] BIOS-e820: [mem 0x00000000fffc0000-0x00000000ffffffff] reserved
[    0.000000] NX (Execute Disable) protection: active
[    0.000000] SMBIOS 2.5 present.
[    0.000000] Hypervisor detected: KVM
[    0.000000] e820: last_pfn = 0x3fff0 max_arch_pfn = 0x400000000
[    0.000000] MTRR: Disabled
[    0.000000] x86/PAT: MTRRs disabled, skipping PAT initialization too.
[    0.000000] CPU MTRRs all blank - virtualized system.
[    0.000000] x86/PAT: Configuration [0-7]: WB  WT  UC- UC  WB  WT  UC- UC  
[    0.000000] found SMP MP-table at [mem 0x0009fff0-0x0009ffff] mapped at [ffff88000009fff0]
[    0.000000] Scanning 1 areas for low memory corruption
[    0.000000] RAMDISK: [mem 0x362fa000-0x37174fff]
[    0.000000] ACPI: Early table checksum verification disabled
[    0.000000] ACPI: RSDP 0x00000000000E0000 000024 (v02 VBOX  )
[    0.000000] ACPI: XSDT 0x000000003FFF0030 00003C (v01 VBOX   VBOXXSDT 00000001 ASL  00000061)
[    0.000000] ACPI: FACP 0x000000003FFF00F0 0000F4 (v04 VBOX   VBOXFACP 00000001 ASL  00000061)
[    0.000000] ACPI: DSDT 0x000000003FFF0470 0022EA (v02 VBOX   VBOXBIOS 00000002 INTL 20100528)
[    0.000000] ACPI: FACS 0x000000003FFF0200 000040
[    0.000000] ACPI: FACS 0x000000003FFF0200 000040
[    0.000000] ACPI: APIC 0x000000003FFF0240 00005C (v02 VBOX   VBOXAPIC 00000001 ASL  00000061)
[    0.000000] ACPI: SSDT 0x000000003FFF02A0 0001CC (v01 VBOX   VBOXCPUT 00000002 INTL 20100528)
[    0.000000] No NUMA configuration found
[    0.000000] Faking a node at [mem 0x0000000000000000-0x000000003ffeffff]
[    0.000000] NODE_DATA(0) allocated [mem 0x3ffeb000-0x3ffeffff]
[    0.000000] kvm-clock: Using msrs 4b564d01 and 4b564d00
[    0.000000] kvm-clock: cpu 0, msr 0:3ffe3001, primary cpu clock
[    0.000000] kvm-clock: using sched offset of 5336861593 cycles
[    0.000000] clocksource: kvm-clock: mask: 0xffffffffffffffff max_cycles: 0x1cd42e4dffb, max_idle_ns: 881590591483 ns
[    0.000000] Zone ranges:
[    0.000000]   DMA      [mem 0x0000000000001000-0x0000000000ffffff]
[    0.000000]   DMA32    [mem 0x0000000001000000-0x000000003ffeffff]
[    0.000000]   Normal   empty
[    0.000000]   Device   empty
[    0.000000] Movable zone start for each node
[    0.000000] Early memory node ranges
[    0.000000]   node   0: [mem 0x0000000000001000-0x000000000009efff]
[    0.000000]   node   0: [mem 0x0000000000100000-0x000000003ffeffff]
[    0.000000] Initmem setup node 0 [mem 0x0000000000001000-0x000000003ffeffff]
[    0.000000] ACPI: PM-Timer IO Port: 0x4008
[    0.000000] IOAPIC[0]: apic_id 2, version 32, address 0xfec00000, GSI 0-23
[    0.000000] ACPI: INT_SRC_OVR (bus 0 bus_irq 0 global_irq 2 dfl dfl)
[    0.000000] ACPI: INT_SRC_OVR (bus 0 bus_irq 9 global_irq 9 low level)
[    0.000000] Using ACPI (MADT) for SMP configuration information
[    0.000000] smpboot: Allowing 2 CPUs, 0 hotplug CPUs
[    0.000000] PM: Registered nosave memory: [mem 0x00000000-0x00000fff]
[    0.000000] PM: Registered nosave memory: [mem 0x0009f000-0x0009ffff]
[    0.000000] PM: Registered nosave memory: [mem 0x000a0000-0x000effff]
[    0.000000] PM: Registered nosave memory: [mem 0x000f0000-0x000fffff]
[    0.000000] e820: [mem 0x40000000-0xfebfffff] available for PCI devices
[    0.000000] Booting paravirtualized kernel on KVM
[    0.000000] clocksource: refined-jiffies: mask: 0xffffffff max_cycles: 0xffffffff, max_idle_ns: 7645519600211568 ns
[    0.000000] setup_percpu: NR_CPUS:512 nr_cpumask_bits:512 nr_cpu_ids:2 nr_node_ids:1
[    0.000000] PERCPU: Embedded 34 pages/cpu @ffff88003fc00000 s99480 r8192 d31592 u1048576
[    0.000000] Built 1 zonelists in Node order, mobility grouping on.  Total pages: 257912
[    0.000000] Policy zone: DMA32
[    0.000000] Kernel command line: BOOT_IMAGE=/boot/vmlinuz-4.4.0-148-generic root=LABEL=cloudimg-rootfs ro console=tty1 console=ttyS0
[    0.000000] PID hash table entries: 4096 (order: 3, 32768 bytes)
[    0.000000] Memory: 997732K/1048120K available (8609K kernel code, 1334K rwdata, 4028K rodata, 1484K init, 1284K bss, 50388K reserved, 0K cma-reserved)
[    0.000000] SLUB: HWalign=64, Order=0-3, MinObjects=0, CPUs=2, Nodes=1
[    0.000000] Kernel/User page tables isolation: enabled
[    0.000000] Hierarchical RCU implementation.
[    0.000000] 	Build-time adjustment of leaf fanout to 64.
[    0.000000] 	RCU restricting CPUs from NR_CPUS=512 to nr_cpu_ids=2.
[    0.000000] RCU: Adjusting geometry for rcu_fanout_leaf=64, nr_cpu_ids=2
[    0.000000] NR_IRQS:33024 nr_irqs:440 16
[    0.000000] Console: colour VGA+ 80x25
[    0.000000] console [tty1] enabled
[    0.000000] console [ttyS0] enabled
[    0.000000] tsc: Detected 2303.998 MHz processor
[    0.174801] Calibrating delay loop (skipped) preset value.. 4607.99 BogoMIPS (lpj=9215992)
[    0.176959] pid_max: default: 32768 minimum: 301
[    0.178183] ACPI: Core revision 20150930
[    0.180056] ACPI: 2 ACPI AML tables successfully acquired and loaded
[    0.181734] Security Framework initialized
[    0.182834] Yama: becoming mindful.
[    0.183777] AppArmor: AppArmor initialized
[    0.184893] Dentry cache hash table entries: 131072 (order: 8, 1048576 bytes)
[    0.188484] Inode-cache hash table entries: 65536 (order: 7, 524288 bytes)
[    0.190283] Mount-cache hash table entries: 2048 (order: 2, 16384 bytes)
[    0.193489] Mountpoint-cache hash table entries: 2048 (order: 2, 16384 bytes)
[    0.195377] Initializing cgroup subsys io
[    0.196959] Initializing cgroup subsys memory
[    0.198464] Initializing cgroup subsys devices
[    0.199901] Initializing cgroup subsys freezer
[    0.201036] Initializing cgroup subsys net_cls
[    0.202210] Initializing cgroup subsys perf_event
[    0.203480] Initializing cgroup subsys net_prio
[    0.204638] Initializing cgroup subsys hugetlb
[    0.205782] Initializing cgroup subsys pids
[    0.208536] mce: CPU supports 0 MCE banks
[    0.209645] Last level iTLB entries: 4KB 64, 2MB 8, 4MB 8
[    0.211063] Last level dTLB entries: 4KB 64, 2MB 0, 4MB 0, 1GB 4
[    0.212533] Spectre V2 : Mitigation: Full generic retpoline
[    0.213905] Spectre V2 : Spectre v2 / SpectreRSB mitigation: Filling RSB on context switch
[    0.216115] Speculative Store Bypass: Vulnerable
[    0.217389] MDS: Vulnerable: Clear CPU buffers attempted, no microcode
[    0.221481] Freeing SMP alternatives memory: 36K
[    0.228165] ftrace: allocating 32293 entries in 127 pages
[    0.282180] smpboot: APIC(0) Converting physical 0 to logical package 0
[    0.284495] smpboot: Max logical packages: 1
[    0.287178] x2apic enabled
[    0.288314] Switched APIC routing to physical x2apic.
[    0.290538] ..TIMER: vector=0x30 apic1=0 pin1=2 apic2=-1 pin2=-1
[    0.398513] smpboot: CPU0: Intel(R) Core(TM) i5-7360U CPU @ 2.30GHz (family: 0x6, model: 0x8e, stepping: 0x9)
[    0.401538] Performance Events: unsupported p6 CPU model 142 no PMU driver, software events only.
[    0.413293] KVM setup paravirtual spinlock
[    0.415184] x86: Booting SMP configuration:
[    0.416675] .... node  #0, CPUs:      #1
[    0.418066] kvm-clock: cpu 1, msr 0:3ffe3041, secondary cpu clock
[    0.421057] mce: CPU supports 0 MCE banks
[    0.424302] x86: Booted up 1 node, 2 CPUs
[    0.426238] smpboot: Total of 2 processors activated (9215.99 BogoMIPS)
[    0.428649] devtmpfs: initialized
[    0.431296] evm: security.selinux
[    0.432450] evm: security.SMACK64
[    0.433490] evm: security.SMACK64EXEC
[    0.434520] evm: security.SMACK64TRANSMUTE
[    0.435634] evm: security.SMACK64MMAP
[    0.436784] evm: security.ima
[    0.437687] evm: security.capability
[    0.439212] clocksource: jiffies: mask: 0xffffffff max_cycles: 0xffffffff, max_idle_ns: 7645041785100000 ns
[    0.442573] futex hash table entries: 512 (order: 3, 32768 bytes)
[    0.444731] pinctrl core: initialized pinctrl subsystem
[    0.446169] RTC time: 22:46:30, date: 05/18/19
[    0.447476] NET: Registered protocol family 16
[    0.458639] cpuidle: using governor ladder
[    0.470963] cpuidle: using governor menu
[    0.473137] PCCT header not found.
[    0.474607] ACPI: bus type PCI registered
[    0.476134] acpiphp: ACPI Hot Plug PCI Controller Driver version: 0.5
[    0.478699] PCI: Using configuration type 1 for base access
[    0.495980] ACPI: Added _OSI(Module Device)
[    0.497879] ACPI: Added _OSI(Processor Device)
[    0.499488] ACPI: Added _OSI(3.0 _SCP Extensions)
[    0.500983] ACPI: Added _OSI(Processor Aggregator Device)
[    0.503971] ACPI: Executed 1 blocks of module-level executable AML code
[    0.507439] ACPI: Interpreter enabled
[    0.508456] ACPI: (supports S0 S5)
[    0.509401] ACPI: Using IOAPIC for interrupt routing
[    0.510770] PCI: Using host bridge windows from ACPI; if necessary, use "pci=nocrs" and report a bug
[    0.517198] ACPI: PCI Root Bridge [PCI0] (domain 0000 [bus 00-ff])
[    0.518871] acpi PNP0A03:00: _OSC: OS supports [ASPM ClockPM Segments MSI]
[    0.521140] acpi PNP0A03:00: _OSC: not requesting OS control; OS requires [ExtendedConfig ASPM ClockPM MSI]
[    0.523735] acpi PNP0A03:00: fail to add MMCONFIG information, can't access extended PCI configuration space under this bridge.
[    0.527578] PCI host bridge to bus 0000:00
[    0.529061] pci_bus 0000:00: root bus resource [io  0x0000-0x0cf7 window]
[    0.530829] pci_bus 0000:00: root bus resource [io  0x0d00-0xffff window]
[    0.532500] pci_bus 0000:00: root bus resource [mem 0x000a0000-0x000bffff window]
[    0.534475] pci_bus 0000:00: root bus resource [mem 0x40000000-0xfdffffff window]
[    0.536542] pci_bus 0000:00: root bus resource [bus 00-ff]
[    0.541277] pci 0000:00:01.1: legacy IDE quirk: reg 0x10: [io  0x01f0-0x01f7]
[    0.543146] pci 0000:00:01.1: legacy IDE quirk: reg 0x14: [io  0x03f6]
[    0.544912] pci 0000:00:01.1: legacy IDE quirk: reg 0x18: [io  0x0170-0x0177]
[    0.546723] pci 0000:00:01.1: legacy IDE quirk: reg 0x1c: [io  0x0376]
[    0.563854] pci 0000:00:07.0: quirk: [io  0x4000-0x403f] claimed by PIIX4 ACPI
[    0.574289] pci 0000:00:07.0: quirk: [io  0x4100-0x410f] claimed by PIIX4 SMB
[    0.587052] ACPI: PCI Interrupt Link [LNKA] (IRQs 5 9 10 *11)
[    0.589354] ACPI: PCI Interrupt Link [LNKB] (IRQs 5 9 *10 11)
[    0.591155] ACPI: PCI Interrupt Link [LNKC] (IRQs 5 *9 10 11)
[    0.593019] ACPI: PCI Interrupt Link [LNKD] (IRQs 5 9 10 *11)
[    0.594889] ACPI: Enabled 2 GPEs in block 00 to 07
[    0.596571] vgaarb: setting as boot device: PCI:0000:00:02.0
[    0.598011] vgaarb: device added: PCI:0000:00:02.0,decodes=io+mem,owns=io+mem,locks=none
[    0.600401] vgaarb: loaded
[    0.601300] vgaarb: bridge control possible 0000:00:02.0
[    0.603067] SCSI subsystem initialized
[    0.604333] ACPI: bus type USB registered
[    0.605546] usbcore: registered new interface driver usbfs
[    0.606981] usbcore: registered new interface driver hub
[    0.608493] usbcore: registered new device driver usb
[    0.610132] PCI: Using ACPI for IRQ routing
[    0.611779] NetLabel: Initializing
[    0.612733] NetLabel:  domain hash size = 128
[    0.613884] NetLabel:  protocols = UNLABELED CIPSOv4
[    0.616738] NetLabel:  unlabeled traffic allowed by default
[    0.618678] amd_nb: Cannot enumerate AMD northbridges
[    0.620379] clocksource: Switched to clocksource kvm-clock
[    0.629035] AppArmor: AppArmor Filesystem Enabled
[    0.631060] pnp: PnP ACPI init
[    0.633266] pnp: PnP ACPI: found 3 devices
[    0.643281] clocksource: acpi_pm: mask: 0xffffff max_cycles: 0xffffff, max_idle_ns: 2085701024 ns
[    0.646086] NET: Registered protocol family 2
[    0.647415] TCP established hash table entries: 8192 (order: 4, 65536 bytes)
[    0.649193] TCP bind hash table entries: 8192 (order: 5, 131072 bytes)
[    0.650790] TCP: Hash tables configured (established 8192 bind 8192)
[    0.652351] UDP hash table entries: 512 (order: 2, 16384 bytes)
[    0.654228] UDP-Lite hash table entries: 512 (order: 2, 16384 bytes)
[    0.656131] NET: Registered protocol family 1
[    0.657566] pci 0000:00:00.0: Limiting direct PCI/PCI transfers
[    0.659050] pci 0000:00:01.0: Activating ISA DMA hang workarounds
[    0.660866] Unpacking initramfs...
[    0.861400] Freeing initrd memory: 14828K
[    0.862717] clocksource: tsc: mask: 0xffffffffffffffff max_cycles: 0x2135f5e6f15, max_idle_ns: 440795231538 ns
[    0.865851] platform rtc_cmos: registered platform RTC device (no PNP device found)
[    0.868447] Scanning for low memory corruption every 60 seconds
[    0.870895] audit: initializing netlink subsys (disabled)
[    0.872415] audit: type=2000 audit(1558219597.552:1): initialized
[    0.874189] Initialise system trusted keyring
[    0.875983] HugeTLB registered 2 MB page size, pre-allocated 0 pages
[    0.880199] zbud: loaded
[    0.881497] VFS: Disk quotas dquot_6.6.0
[    0.883073] VFS: Dquot-cache hash table entries: 512 (order 0, 4096 bytes)
[    0.885614] squashfs: version 4.0 (2009/01/31) Phillip Lougher
[    0.887788] fuse init (API version 7.23)
[    0.889520] Key type big_key registered
[    0.890692] Allocating IMA MOK and blacklist keyrings.
[    0.893740] Key type asymmetric registered
[    0.894840] Asymmetric key parser 'x509' registered
[    0.896322] Block layer SCSI generic (bsg) driver version 0.4 loaded (major 249)
[    0.898442] io scheduler noop registered
[    0.899496] io scheduler deadline registered (default)
[    0.900910] io scheduler cfq registered
[    0.902043] pci_hotplug: PCI Hot Plug PCI Core version: 0.5
[    0.903789] pciehp: PCI Express Hot Plug Controller Driver version: 0.4
[    0.906666] ACPI: AC Adapter [AC] (on-line)
[    0.908411] input: Power Button as /devices/LNXSYSTM:00/LNXPWRBN:00/input/input0
[    0.911123] ACPI: Power Button [PWRF]
[    0.912713] input: Sleep Button as /devices/LNXSYSTM:00/LNXSLPBN:00/input/input1
[    0.915189] ACPI: Sleep Button [SLPF]
[    0.916811] GHES: HEST is not enabled!
[    0.918587] ACPI: Battery Slot [BAT0] (battery present)
[    0.920671] Serial: 8250/16550 driver, 32 ports, IRQ sharing enabled
[    0.946294] 00:02: ttyS0 at I/O 0x3f8 (irq = 4, base_baud = 115200) is a 16550A
[    0.954036] Linux agpgart interface v0.103
[    0.958921] loop: module loaded
[    0.961422] scsi host0: ata_piix
[    0.963123] scsi host1: ata_piix
[    0.964787] ata1: PATA max UDMA/33 cmd 0x1f0 ctl 0x3f6 bmdma 0xd000 irq 14
[    0.968059] ata2: PATA max UDMA/33 cmd 0x170 ctl 0x376 bmdma 0xd008 irq 15
[    0.971623] libphy: Fixed MDIO Bus: probed
[    0.973883] tun: Universal TUN/TAP device driver, 1.6
[    0.976370] tun: (C) 1999-2004 Max Krasnyansky <maxk@qualcomm.com>
[    0.979924] PPP generic driver version 2.4.2
[    0.982556] ehci_hcd: USB 2.0 'Enhanced' Host Controller (EHCI) Driver
[    0.985536] ehci-pci: EHCI PCI platform driver
[    0.987779] ehci-platform: EHCI generic platform driver
[    0.990217] ohci_hcd: USB 1.1 'Open' Host Controller (OHCI) Driver
[    0.993615] ohci-pci: OHCI PCI platform driver
[    0.995891] ohci-platform: OHCI generic platform driver
[    0.998589] uhci_hcd: USB Universal Host Controller Interface driver
[    1.001536] i8042: PNP: PS/2 Controller [PNP0303:PS2K,PNP0f03:PS2M] at 0x60,0x64 irq 1,12
[    1.006061] serio: i8042 KBD port at 0x60,0x64 irq 1
[    1.007896] serio: i8042 AUX port at 0x60,0x64 irq 12
[    1.009693] mousedev: PS/2 mouse device common for all mice
[    1.013234] input: AT Translated Set 2 keyboard as /devices/platform/i8042/serio0/input/input2
[    1.017037] rtc_cmos rtc_cmos: rtc core: registered rtc_cmos as rtc0
[    1.019389] rtc_cmos rtc_cmos: alarms up to one day, 114 bytes nvram
[    1.022025] i2c /dev entries driver
[    1.023280] device-mapper: uevent: version 1.0.3
[    1.025137] device-mapper: ioctl: 4.34.0-ioctl (2015-10-28) initialised: dm-devel@redhat.com
[    1.029192] ledtrig-cpu: registered to indicate activity on CPUs
[    1.031906] NET: Registered protocol family 10
[    1.033669] NET: Registered protocol family 17
[    1.035127] Key type dns_resolver registered
[    1.037047] registered taskstats version 1
[    1.038613] Loading compiled-in X.509 certificates
[    1.040838] Loaded X.509 cert 'Build time autogenerated kernel key: 5103689f9da3e841c6100f8bb032b132cf76e38d'
[    1.044110] zswap: loaded using pool lzo/zbud
[    1.047265] Key type trusted registered
[    1.051129] Key type encrypted registered
[    1.053819] AppArmor: AppArmor sha1 policy hashing enabled
[    1.055551] ima: No TPM chip found, activating TPM-bypass!
[    1.057463] ima: Allocated hash algorithm: sha1
[    1.059101] evm: HMAC attrs: 0x1
[    1.060844]   Magic number: 3:916:805
[    1.062004] rtc_cmos rtc_cmos: setting system clock to 2019-05-18 22:46:31 UTC (1558219591)
[    1.065034] BIOS EDD facility v0.16 2004-Jun-25, 0 devices found
[    1.067621] EDD information not available.
[    1.130183] Freeing unused kernel memory: 1484K
[    1.132894] Write protecting the kernel read-only data: 14336k
[    1.134909] Freeing unused kernel memory: 1620K
[    1.136203] Freeing unused kernel memory: 68K
Loading, please wait...
starting version 229
[    1.149143] random: systemd-udevd: uninitialized urandom read (16 bytes read, 3 bits of entropy available)
[    1.149706] random: udevadm: uninitialized urandom read (16 bytes read, 3 bits of entropy available)
[    1.149725] random: udevadm: uninitialized urandom read (16 bytes read, 3 bits of entropy available)
[    1.157632] random: udevadm: uninitialized urandom read (16 bytes read, 3 bits of entropy available)
[    1.157679] random: udevadm: uninitialized urandom read (16 bytes read, 3 bits of entropy available)
[    1.157825] random: udevadm: uninitialized urandom read (16 bytes read, 3 bits of entropy available)
[    1.157880] random: udevadm: uninitialized urandom read (16 bytes read, 3 bits of entropy available)
[    1.157930] random: udevadm: uninitialized urandom read (16 bytes read, 3 bits of entropy available)
[    1.157979] random: udevadm: uninitialized urandom read (16 bytes read, 3 bits of entropy available)
[    1.158029] random: udevadm: uninitialized urandom read (16 bytes read, 3 bits of entropy available)
[    1.208640] e1000: Intel(R) PRO/1000 Network Driver - version 7.3.21-k8-NAPI
[    1.210948] e1000: Copyright (c) 1999-2006 Intel Corporation.
[    1.214975] Fusion MPT base driver 3.04.20
[    1.216686] Copyright (c) 1999-2008 LSI Corporation
[    1.225575] Fusion MPT SPI Host driver 3.04.20
[    1.253809] AVX2 version of gcm_enc/dec engaged.
[    1.255262] AES CTR mode by8 optimization enabled
[    1.417787] input: ImExPS/2 Generic Explorer Mouse as /devices/platform/i8042/serio1/input/input4
[    1.640188] e1000 0000:00:03.0 eth0: (PCI:33MHz:32-bit) 02:11:c2:af:aa:45
[    1.643687] e1000 0000:00:03.0 eth0: Intel(R) PRO/1000 Network Connection
[    1.646426] mptbase: ioc0: Initiating bringup
[    1.709094] ioc0: LSI53C1030 A0: Capabilities={Initiator}
[    1.872533] scsi host2: ioc0: LSI53C1030 A0, FwRev=00000000h, Ports=1, MaxQ=256, IRQ=20
[    1.985852] scsi 2:0:0:0: Direct-Access     VBOX     HARDDISK         1.0  PQ: 0 ANSI: 5
[    1.989060] scsi target2:0:0: Beginning Domain Validation
[    1.993842] scsi target2:0:0: Domain Validation skipping write tests
[    1.995509] scsi target2:0:0: Ending Domain Validation
[    1.997031] scsi target2:0:0: asynchronous
[    1.998920] scsi 2:0:1:0: Direct-Access     VBOX     HARDDISK         1.0  PQ: 0 ANSI: 5
[    2.001125] scsi target2:0:1: Beginning Domain Validation
[    2.004046] scsi target2:0:1: Domain Validation skipping write tests
[    2.005697] scsi target2:0:1: Ending Domain Validation
[    2.007482] scsi target2:0:1: asynchronous
[    2.014349] sd 2:0:0:0: [sda] 20971520 512-byte logical blocks: (10.7 GB/10.0 GiB)
[    2.016392] sd 2:0:0:0: Attached scsi generic sg0 type 0
[    2.026975] sd 2:0:0:0: [sda] Write Protect is off
[    2.029315] sd 2:0:0:0: [sda] Incomplete mode parameter data
[    2.031535] sd 2:0:0:0: [sda] Assuming drive cache: write through
[    2.033735] sd 2:0:1:0: [sdb] 20480 512-byte logical blocks: (10.5 MB/10.0 MiB)
[    2.036666] sd 2:0:1:0: Attached scsi generic sg1 type 0
[    2.039723] sd 2:0:1:0: [sdb] Write Protect is off
[    2.041860] sd 2:0:1:0: [sdb] Incomplete mode parameter data
[    2.044218] sd 2:0:1:0: [sdb] Assuming drive cache: write through
[    2.049157]  sda: sda1
[    2.051184] sd 2:0:0:0: [sda] Attached SCSI disk
[    2.053223] sd 2:0:1:0: [sdb] Attached SCSI disk
[    2.680656] e1000 0000:00:08.0 eth1: (PCI:33MHz:32-bit) 08:00:27:55:2f:f1
[    2.683009] e1000 0000:00:08.0 eth1: Intel(R) PRO/1000 Network Connection
[    2.685955] e1000 0000:00:03.0 enp0s3: renamed from eth0
[    2.707074] e1000 0000:00:08.0 enp0s8: renamed from eth1
Begin: Loading essential drivers ... [    3.984665] md: linear personality registered for level -1
[    3.988623] md: multipath personality registered for level -4
[    3.992227] md: raid0 personality registered for level 0
[    3.996794] md: raid1 personality registered for level 1
[    4.068629] raid6: sse2x1   gen() 11435 MB/s
[    4.136507] raid6: sse2x1   xor()  8045 MB/s
[    4.204398] raid6: sse2x2   gen() 14523 MB/s
[    4.272402] raid6: sse2x2   xor() 10387 MB/s
[    4.340561] raid6: sse2x4   gen() 11101 MB/s
[    4.408412] raid6: sse2x4   xor()  9981 MB/s
[    4.476673] raid6: avx2x1   gen() 23198 MB/s
[    4.544633] raid6: avx2x2   gen() 26955 MB/s
[    4.612419] raid6: avx2x4   gen() 29800 MB/s
[    4.613849] raid6: using algorithm avx2x4 gen() 29800 MB/s
[    4.615360] raid6: using avx2x2 recovery algorithm
[    4.617836] xor: automatically using best checksumming function:
[    4.660539]    avx       : 34861.000 MB/sec
[    4.663064] async_tx: api initialized (async)
[    4.675499] md: raid6 personality registered for level 6
[    4.677787] md: raid5 personality registered for level 5
[    4.679539] md: raid4 personality registered for level 4
[    4.687752] md: raid10 personality registered for level 10
done.
Begin: Running /scripts/init-premount ... done.
Begin: Mounting root file system ... Begin: Running /scripts/local-top ... done.
Begin: Running /scripts/local-premount ... [    4.715856] Btrfs loaded
Scanning for Btrfs filesystems
done.
Warning: fsck not present, so skipping root file system
[    4.757722] EXT4-fs (sda1): mounted filesystem with ordered data mode. Opts: (null)
done.
Begin: Running /scripts/local-bottom ... done.
Begin: Running /scripts/init-bottom ... done.
[    4.886072] systemd[1]: systemd 229 running in system mode. (+PAM +AUDIT +SELINUX +IMA +APPARMOR +SMACK +SYSVINIT +UTMP +LIBCRYPTSETUP +GCRYPT +GNUTLS +ACL +XZ -LZ4 +SECCOMP +BLKID +ELFUTILS +KMOD -IDN)
[    4.891185] systemd[1]: Detected virtualization oracle.
[    4.892528] systemd[1]: Detected architecture x86-64.

Welcome to [1mUbuntu 16.04.6 LTS[0m!

[    4.903823] systemd[1]: Set hostname to <ubuntu>.
[    4.910942] systemd[1]: Initializing machine ID from random generator.
[    4.912954] systemd[1]: Installed transient /etc/machine-id file.
[    5.067231] systemd[1]: Started Forward Password Requests to Wall Directory Watch.
[[0;32m  OK  [0m] Started Forward Password Requests to Wall Directory Watch.
[    5.071236] systemd[1]: Listening on Journal Socket.
[[0;32m  OK  [0m] Listening on Journal Socket.
[    5.082014] systemd[1]: Created slice System Slice.
[[0;32m  OK  [0m] Created slice System Slice.
[    5.101346] systemd[1]: Starting Set console keymap...
         Starting Set console keymap...
[    5.105878] systemd[1]: Listening on udev Kernel Socket.
[[0;32m  OK  [0m] Listening on udev Kernel Socket.
[    5.110150] systemd[1]: Starting Uncomplicated firewall...
         Starting Uncomplicated firewall...
[    5.113521] systemd[1]: Reached target System Time Synchronized.
[[0;32m  OK  [0m] Reached target System Time Synchronized.
[    5.117176] systemd[1]: Listening on udev Control Socket.
[[0;32m  OK  [0m] Listening on udev Control Socket.
[    5.120451] systemd[1]: Mounting Debug File System...
         Mounting Debug File System...
[    5.123124] systemd[1]: Created slice system-serial\x2dgetty.slice.
[[0;32m  OK  [0m] Created slice system-serial\x2dgetty.slice.
[    5.126749] systemd[1]: Starting Nameserver information manager...
         Starting Nameserver information manager...
[    5.129977] systemd[1]: Listening on Journal Socket (/dev/log).
[[0;32m  OK  [0m] Listening on Journal Socket (/dev/log).
[    5.134061] systemd[1]: Created slice User and Session Slice.
[[0;32m  OK  [0m] Created slice User and Session Slice.
[    5.137072] systemd[1]: Reached target Slices.
[[0;32m  OK  [0m] Reached target Slices.
[    5.141535] systemd[1]: Starting Load Kernel Modules...
         Starting Load Kernel Modules...
[    5.145026] systemd[1]: Listening on LVM2 poll daemon socket.
[[0;32m  OK  [0m] Listening on LVM2 poll daemon socket.
[    5.149896] systemd[1]: Mounting POSIX Message Queue File System...
         Mounting POSIX Message Queue File System...
[    5.153968] systemd[1]: Starting Remount Root and Kernel File Systems...
[    5.156673] Loading iSCSI transport class v2.0-870.
         Starting Remount Root and Kernel File Systems...
[    5.159553] EXT4-fs (sda1): re-mounted. Opts: (null)
[    5.160026] systemd[1]: Started Trigger resolvconf update for networkd DNS.
[[0;32m  OK  [0m] Started Trigger resolvconf update for networkd DNS.
[    5.165184] systemd[1]: Listening on Device-mapper event daemon FIFOs.
[[0;32m  OK  [0m] Listening on Device-mapper event daemon FIFOs.
[    5.169024] systemd[1]: Reached target User and Group Name Lookups.
[[0;32m  OK  [0m] Reached target User and Group Name Lookups.
[    5.172862] iscsi: registered transport (tcp)
[    5.173013] systemd[1]: Set up automount Arbitrary Executable File Formats File System Automount Point.
[[0;32m  OK  [0m] Set up automount Arbitrary Executab...ats File System Automount Point.
[    5.180057] systemd[1]: Reached target Encrypted Volumes.
[[0;32m  OK  [0m] Reached target Encrypted Volumes.
[    5.200885] systemd[1]: Mounting Huge Pages File System...
         Mounting Huge Pages File System...
[    5.205488] iscsi: registered transport (iser)
[    5.208771] systemd[1]: Listening on LVM2 metadata daemon socket.
[[0;32m  OK  [0m] Listening on LVM2 metadata daemon socket.
[    5.212323] systemd[1]: Starting Monitoring of LVM2 mirrors, snapshots etc. using dmeventd or progress polling...
         Starting Monitoring of LVM2 mirrors... dmeventd or progress polling...
[    5.217640] systemd[1]: Starting Create list of required static device nodes for the current kernel...
         Starting Create list of required st... nodes for the current kernel...
[    5.223314] systemd[1]: Listening on Journal Audit Socket.
[[0;32m  OK  [0m] Listening on Journal Audit Socket.
[    5.226751] systemd[1]: Listening on /dev/initctl Compatibility Named Pipe.
[[0;32m  OK  [0m] Listening on /dev/initctl Compatibility Named Pipe.
[    5.236669] systemd[1]: Listening on Syslog Socket.
[[0;32m  OK  [0m] Listening on Syslog Socket.
[    5.239810] systemd[1]: Starting Journal Service...
         Starting Journal Service...
[    5.244730] systemd[1]: Reached target Swap.
[[0;32m  OK  [0m] Reached target Swap.
[    5.248985] systemd[1]: Mounted Debug File System.
[[0;32m  OK  [0m] Mounted Debug File System.
[    5.252004] systemd[1]: Mounted POSIX Message Queue File System.
[[0;32m  OK  [0m] Mounted POSIX Message Queue File System.
[    5.255546] systemd[1]: Mounted Huge Pages File System.
[[0;32m  OK  [0m] Mounted Huge Pages File System.
[    5.258617] systemd[1]: Started Set console keymap.
[[0;32m  OK  [0m] Started Set console keymap.
[    5.261685] systemd[1]: Started Uncomplicated firewall.
[[0;32m  OK  [0m] Started Uncomplicated firewall.
[    5.271484] systemd[1]: Started Load Kernel Modules.
[[0;32m  OK  [0m] Started Load Kernel Modules.
[    5.275830] systemd[1]: Started Remount Root and Kernel File Systems.
[[0;32m  OK  [0m] Started Remount Root and Kernel File Systems.
[    5.279916] systemd[1]: Started Create list of required static device nodes for the current kernel.
[[0;32m  OK  [0m] Started Create list of required sta...ce nodes for the current kernel.
[    5.284984] systemd[1]: Started Nameserver information manager.
[[0;32m  OK  [0m] Started Nameserver information manager.
[    5.292119] systemd[1]: Started Journal Service.
[[0;32m  OK  [0m] Started Journal Service.
[[0;32m  OK  [0m] Started LVM2 metadata daemon.
         Starting Create Static Device Nodes in /dev...
         Starting udev Coldplug all Devices...
         Starting Load/Save Random Seed...
         Starting Flush Journal to Persistent Storage...
         Mounting FUSE Control File System...
         Starting Apply Kernel Variables...
[[0;32m  OK  [0m] Mounted FUSE Control File System.
[[0;32m  OK  [0m] Started Create Static Device Nodes in /dev.
[[0;32m  OK  [0m] Started Load/Save Random Seed.
[[0;32m  OK  [0m] Started Apply Kernel Variables.
[[0;32m  OK  [0m] Started udev Coldplug all Devices.
[[0;32m  OK  [0m] Started Flush Journal to Persistent Storage.
         Starting udev Kernel Device Manager...
[[0;32m  OK  [0m] Started udev Kernel Device Manager.
[[0;32m  OK  [0m] Started Dispatch Password Requests to Console Directory Watch.
[[0;32m  OK  [0m] Started Monitoring of LVM2 mirrors,...ng dmeventd or progress polling.
[[0;32m  OK  [0m] Reached target Local File Systems (Pre).
[[0;32m  OK  [0m] Reached target Local File Systems.
         Starting Commit a transient machine-id on disk...
         Starting Tell Plymouth To Write Out Runtime Data...
         Starting Initial cloud-init job (pre-networking)...
         Starting LSB: AppArmor initialization...
         Starting Create Volatile Files and Directories...
         Starting Set console font and keymap...
[[0;32m  OK  [0m] Started Create Volatile Files and Directories.
[[0;32m  OK  [0m] Started Tell Plymouth To Write Out Runtime Data.
[[0;32m  OK  [0m] Started Commit a transient machine-id on disk.
         Starting Update UTMP about System Boot/Shutdown...
[[0;32m  OK  [0m] Started Update UTMP about System Boot/Shutdown.
[[0;32m  OK  [0m] Found device /dev/ttyS0.
[[0;32m  OK  [0m] Listening on Load/Save RF Kill Switch Status /dev/rfkill Watch.
[    6.428108] cloud-init[482]: Cloud-init v. 18.5-45-g3554ffe8-0ubuntu1~16.04.1 running 'init-local' at Sat, 18 May 2019 22:46:36 +0000. Up 6.04 seconds.
[[0;32m  OK  [0m] Started Initial cloud-init job (pre-networking).
[[0;32m  OK  [0m] Reached target Network (Pre).
[[0;32m  OK  [0m] Started LSB: AppArmor initialization.
         Starting Raise network interfaces...
[[0;32m  OK  [0m] Started Set console font and keymap.
[[0;32m  OK  [0m] Created slice system-getty.slice.
[[0;32m  OK  [0m] Started Raise network interfaces.
[[0;32m  OK  [0m] Reached target Network.
         Starting Initial cloud-init job (metadata service crawler)...
[    7.876007] cloud-init[961]: Cloud-init v. 18.5-45-g3554ffe8-0ubuntu1~16.04.1 running 'init' at Sat, 18 May 2019 22:46:38 +0000. Up 7.29 seconds.
[    7.878931] cloud-init[961]: ci-info: ++++++++++++++++++++++++++++++++++++++Net device info+++++++++++++++++++++++++++++++++++++++
[    7.881021] cloud-init[961]: ci-info: +--------+-------+----------------------------+---------------+--------+-------------------+
[    7.883012] cloud-init[961]: ci-info: | Device |   Up  |          Address           |      Mask     | Scope  |     Hw-Address    |
[    7.885169] cloud-init[961]: ci-info: +--------+-------+----------------------------+---------------+--------+-------------------+
[    7.888202] cloud-init[961]: ci-info: | enp0s3 |  True |         10.0.2.15          | 255.255.255.0 | global | 02:11:c2:af:aa:45 |
[    7.900488] cloud-init[961]: ci-info: | enp0s3 |  True | fe80::11:c2ff:feaf:aa45/64 |       .       |  link  | 02:11:c2:af:aa:45 |
[    7.903102] cloud-init[961]: ci-info: | enp0s8 | False |             .              |       .       |   .    | 08:00:27:55:2f:f1 |
[    7.912962] cloud-init[961]: ci-info: |   lo   |  True |         127.0.0.1          |   255.0.0.0   |  host  |         .         |
[    7.916461] cloud-init[961]: ci-info: |   lo   |  True |          ::1/128           |       .       |  host  |         .         |
[    7.918581] cloud-init[961]: ci-info: +--------+-------+----------------------------+---------------+--------+-------------------+
[    7.919812] cloud-init[961]: ci-info: +++++++++++++++++++++++++++Route IPv4 info++++++++++++++++++++++++++++
[    7.921445] cloud-init[961]: ci-info: +-------+-------------+----------+---------------+-----------+-------+
[    7.923118] cloud-init[961]: ci-info: | Route | Destination | Gateway  |    Genmask    | Interface | Flags |
[    7.924684] cloud-init[961]: ci-info: +-------+-------------+----------+---------------+-----------+-------+
[    7.926146] cloud-init[961]: ci-info: |   0   |   0.0.0.0   | 10.0.2.2 |    0.0.0.0    |   enp0s3  |   UG  |
[    7.927522] cloud-init[961]: ci-info: |   1   |   10.0.2.0  | 0.0.0.0  | 255.255.255.0 |   enp0s3  |   U   |
[    7.929354] cloud-init[961]: ci-info: +-------+-------------+----------+---------------+-----------+-------+
[    7.931599] cloud-init[961]: ci-info: +++++++++++++++++++Route IPv6 info+++++++++++++++++++
[    7.933619] cloud-init[961]: ci-info: +-------+-------------+---------+-----------+-------+
[    7.935648] cloud-init[961]: ci-info: | Route | Destination | Gateway | Interface | Flags |
[    7.937671] cloud-init[961]: ci-info: +-------+-------------+---------+-----------+-------+
[    7.939856] cloud-init[961]: ci-info: |   0   |  fe80::/64  |    ::   |   enp0s3  |   U   |
[    7.941908] cloud-init[961]: ci-info: |   3   |   ff00::/8  |    ::   |   enp0s3  |   U   |
[    7.944482] cloud-init[961]: ci-info: +-------+-------------+---------+-----------+-------+
[    7.946217] cloud-init[961]: Generating public/private rsa key pair.
[    7.947192] cloud-init[961]: Your identification has been saved in /etc/ssh/ssh_host_rsa_key.
[    7.948443] cloud-init[961]: Your public key has been saved in /etc/ssh/ssh_host_rsa_key.pub.
[    7.950521] cloud-init[961]: The key fingerprint is:
[    7.951871] cloud-init[961]: SHA256:pGBZMAWpXgD4D1SdHRXVIrnodkADfsDgWIkw86yfXcw root@ubuntu-xenial
[    7.954017] cloud-init[961]: The key's randomart image is:
[    7.955472] cloud-init[961]: +---[RSA 2048]----+
[    7.956799] cloud-init[961]: |*o oBX=+.oo+..   |
[    7.958092] cloud-init[961]: |.=++o=+.+ o . .  |
[    7.959391] cloud-init[961]: | o+o= ..oo o .   |
[    7.960907] cloud-init[961]: | .+..+ +o .      |
[    7.962209] cloud-init[961]: |.. +  E.S.       |
[    7.963510] cloud-init[961]: | ..o..  o .      |
[    7.964783] cloud-init[961]: |  o .  . .       |
[    7.966484] cloud-init[961]: |                 |
[    7.968334] cloud-init[961]: |                 |
[[0;32m  OK  [0m] Started Initial cloud-init job (metadata service crawler).
[[0;32m  OK  [0m] Reached target Network is Online.
[    7.970927] cloud-init[961]: +----[SHA256]-----+
[    7.974682] cloud-init[961]: Generating public/private dsa key pair.
         Starting iSCSI initiator daemon (iscsid)...
[[0;32m  OK  [0m] Reached target System Initialization.
[[0;32m  OK  [0m] Started Daily apt download activities.
[[0;32m  OK  [0m] Started Daily apt upgrade and clean activities.
[[0;32m  OK  [0m] Listening on UUID daemon activation socket.
[[0;32m  OK  [0m] Listening on ACPID Listen Socket.
[[0;32m  OK  [0m] Listening on D-Bus System Message Bus Socket.
[    7.975934] cloud-init[961]: Your identification has been saved in /etc/ssh/ssh_host_dsa_key.
[    7.986214] cloud-init[961]: Your public key has been saved in /etc/ssh/ssh_host_dsa_key.pub.
         Starting Socket activation for snappy daemon.
[    7.988396] cloud-init[961]: The key fingerprint is:
         Starting LXD - unix socket.
[    7.991782] cloud-init[961]: SHA256:9fmJkPsmKWP/QiGfFtAD6H2/SGjHjMhZlfbQZyldZYc root@ubuntu-xenial
[[0;32m  OK  [0m] Started ACPI Events Check.
[[0;32m  OK  [0m] Reached target Paths.
[[0;32m  OK  [0m] Started Daily Cleanup of Temporary Directories.
[[0;32m  OK  [0m] Reached target Timers.
[[0;32m  OK  [0m] Reached target Cloud-config availability.
[[0;32m  OK  [0m] Listening on Socket activation for snappy daemon.
[    7.996090] cloud-init[961]: The key's randomart image is:
[[0;32m  OK  [0m] Listening on LXD - unix socket.
[    8.001174] cloud-init[961]: +---[DSA 1024]----+[[0;32m  OK  [0m] Reached target Sockets.
[[0;32m  OK  [0m] Reached target Basic System.
[[0;32m  OK  [0m] Started Unattended Upgrades Shutdown.

[    8.011509]          Starting Virtualbox guest utils...
cloud-init[961]: |       ..o o . +*|
[    8.014090] [[0;32m  OK  [0m] Started ACPI event daemon.
cloud-init[961]: |      . . B o E..|
         Starting LSB: MD monitoring daemon...
[[0;32m  OK  [0m] Started Regular background program processing daemon.
         Starting LSB: Record successful boot for GRUB...
[    8.016786] cloud-init[961]: |     . . +.+ +   |
[    8.025943] cloud-init[961]: |      . +.+o..   |
[    8.031042] cloud-init[961]: |     . +SOo=o    |
         Starting /etc/rc.local Compatibility...
[    8.033344]          Starting System Logging Service...
         Starting Accounts Service...
cloud-init[961]: |      + + Xo.o . |
[[0;32m  OK  [0m] Started Deferred execution scheduler.
         Starting LXD - container startup/shutdown...
[    8.039856] [[0;32m  OK  [0m] Started FUSE filesystem for LXC.
cloud-init[961]:          Starting Pollinate to seed the pseudo random number generator...
         Starting Login Service...
[[0;32m  OK  [0m] Started D-Bus System Message Bus.
|       . =.o..o  |
[    8.064860] cloud-init[961]: |        + =.o    |
[    8.068876] cloud-init[961]: |       . +.=o    |
[    8.070617] cloud-init[961]: +----[SHA256]-----+
[    8.074658] cloud-init[961]: Generating public/private ecdsa key pair.
[    8.085688] cloud-init[961]: Your identification has been saved in /etc/ssh/ssh_host_ecdsa_key.
[    8.091401] cloud-init[961]: Your public key has been saved in /etc/ssh/ssh_host_ecdsa_key.pub.
[    8.095296] cloud-init[961]: The key fingerprint is:
[    8.099233] cloud-init[961]: SHA256:Nd1qEdU09IuDHIFZrQGeJh0Cuw1prhkzkCQlgOBI6fY root@ubuntu-xenial
[    8.108825]          cloud-initStarting Snappy daemon...[961]: 
The key's randomart image is:
[    8.111277] cloud-init[961]: [[0;32m  OK  [0m] Started System Logging Service.
[[0;32m  OK  [0m] Started /etc/rc.local Compatibility.
+---[ECDSA 256]---+
[[0;32m  OK  [0m] Started iSCSI initiator daemon (iscsid).
[[0;32m  OK  [0m] Started LSB: MD monitoring daemon.
[    8.162509] cloud-init[961]: |O+o  ... o=oo.o=.|
[    8.167280] cloud-init[961]: |Bo.   o +ooo.+  +|
[    8.169469] cloud-init[961]: |o+   = . =o.= . .|
[    8.171187] cloud-init[961]: | o. o + o..ooo. .|
[    8.182894] cloud-init[961]: |. .+ o .S  ooo . |
[    8.196666] cloud-init[961]: |   E*      .  .  |
[[0;32m  OK  [0m] Started Login Service.
[    8.206268] cloud-init[961]: |   o             |
[    8.216517] cloud-init[961]: |                 |
[    8.218006] cloud-init[961]: |                 |
         Starting Authenticate and Authorize Users to Run Privileged Tasks...
         Starting Login to default iSCSI targets...
[[0;32m  OK  [0m] Started LSB: Record successful boot for GRUB.
[[0;32m  OK  [0m] Started LXD - container startup/shutdown.
[    8.225503] cloud-init[961]: +----[SHA256]-----+
[    8.240417] cloud-init[961]: Generating public/private ed25519 key pair.
[    8.242242] cloud-init[961]: Your identification has been saved in /etc/ssh/ssh_host_ed25519_key.
[    8.253101] cloud-init[961]: Your public key has been saved in /etc/ssh/ssh_host_ed25519_key.pub.
[    8.255294] cloud-init[961]: The key fingerprint is:
[[0;32m  OK  [0m] Started Authenticate and Authorize Users to Run Privileged Tasks.
[[0;32m  OK  [0m] Started Accounts Service.
[    8.265760] cloud-init[961]: SHA256:q8ltflZ6Gza0m4tMmg2OLgCJyMT4nzpL2vfRkUDJrFM root@ubuntu-xenial
[    8.272744] cloud-init[961]: The key's randomart image is:
[    8.275521] cloud-init[961]: +--[ED25519 256]--+
[    8.276990] cloud-init[961]: |o    o..         |
[[0;32m  OK  [0m] Started Virtualbox guest utils.
[[0;32m  OK  [0m] Started Login to default iSCSI targets.
[[0;32m  OK  [0m] Reached target Remote File Systems (Pre).
[[0;32m  OK  [0m] Reached target Remote File Systems.
[    8.281944] cloud-init[961]: |.o   .E          |
         Starting LSB: Set the CPU Frequency Scaling governor to "ondemand"...
[    8.321491] cloud-init[961]: |=o   o.          |
[    8.331819] cloud-init[961]: |=.. o  . .       |
[    8.332121] cloud-init[961]: | . . o  S   .    |
[    8.332710] cloud-init[961]: |  . o  . o ...   |
[    8.334085] cloud-init[961]: |  .o  . + .o=    |
[    8.337013] cloud-init[961]: | +o o. B.B+o.=   |
[    8.337070] cloud-init[961]: |. o+ +Bo*o+.=o   |
[    8.337117] cloud-init[961]: +----[SHA256]-----+
         Starting LSB: daemon to balance interrupts for SMP systems...
         Starting LSB: automatic crash report generation...
         Starting Permit User Sessions...
[[0;32m  OK  [0m] Started Permit User Sessions.
[[0;32m  OK  [0m] Started LSB: Set the CPU Frequency Scaling governor to "ondemand".
         Starting Terminate Plymouth Boot Screen...
         Starting Hold until boot process finishes up...
[[0;32m  OK  [0m] Started Snappy daemon.
[[0;32m  OK  [0m] Started LSB: daemon to balance interrupts for SMP systems.
[[0;32m  OK  [0m] Started LSB: automatic crash report generation.
[[0;32m  OK  [0m] Started Hold until boot process finishes up.
[[0;32m  OK  [0m] Started Terminate Plymouth Boot Screen.
[[0;32m  OK  [0m] Started Serial Getty on ttyS0.
         Starting Set console scheme...
[[0;32m  OK  [0m] Started Getty on tty1.
[[0;32m  OK  [0m] Reached target Login Prompts.
         Starting Wait until snapd is fully seeded...
[[0;32m  OK  [0m] Started Set console scheme.
[[0;32m  OK  [0m] Started Pollinate to seed the pseudo random number generator.
         Starting OpenBSD Secure Shell server...
[[0;32m  OK  [0m] Started OpenBSD Secure Shell server.
[[0;32m  OK  [0m] Created slice User Slice of vagrant.
         Starting User Manager for UID 1000...
[[0;32m  OK  [0m] Started Session 1 of user vagrant.
[[0;32m  OK  [0m] Started User Manager for UID 1000.
         Stopping User Manager for UID 1000...
[[0;32m  OK  [0m] Stopped User Manager for UID 1000.
[[0;32m  OK  [0m] Removed slice User Slice of vagrant.
[[0;32m  OK  [0m] Created slice User Slice of vagrant.
         Starting User Manager for UID 1000...
[[0;32m  OK  [0m] Started Session 2 of user vagrant.
[[0;32m  OK  [0m] Started User Manager for UID 1000.
[[0;32m  OK  [0m] Started Wait until snapd is fully seeded.
         Starting Apply the settings specified in cloud-config...
[[0;32m  OK  [0m] Reached target Multi-User System.
[[0;32m  OK  [0m] Reached target Graphical Interface.
         Starting Update UTMP about System Runlevel Changes...
[[0;32m  OK  [0m] Started Update UTMP about System Runlevel Changes.
[   12.933087] cloud-init[1539]: Generating locales (this might take a while)...
[   13.967736] cloud-init[1539]:   en_US.UTF-8... done
[   13.971213] cloud-init[1539]: Generation complete.
[   14.499115] cloud-init[1539]: Cloud-init v. 18.5-45-g3554ffe8-0ubuntu1~16.04.1 running 'modules:config' at Sat, 18 May 2019 22:46:43 +0000. Up 12.83 seconds.

Ubuntu 16.04.6 LTS ubuntu-xenial ttyS0

ubuntu-xenial login: ci-info: no authorized ssh keys fingerprints found for user ubuntu.
<14>May 18 22:46:47 ec2: 
<14>May 18 22:46:47 ec2: #############################################################
<14>May 18 22:46:47 ec2: -----BEGIN SSH HOST KEY FINGERPRINTS-----
<14>May 18 22:46:47 ec2: 1024 SHA256:9fmJkPsmKWP/QiGfFtAD6H2/SGjHjMhZlfbQZyldZYc root@ubuntu-xenial (DSA)
<14>May 18 22:46:47 ec2: 256 SHA256:Nd1qEdU09IuDHIFZrQGeJh0Cuw1prhkzkCQlgOBI6fY root@ubuntu-xenial (ECDSA)
<14>May 18 22:46:47 ec2: 256 SHA256:q8ltflZ6Gza0m4tMmg2OLgCJyMT4nzpL2vfRkUDJrFM root@ubuntu-xenial (ED25519)
<14>May 18 22:46:47 ec2: 2048 SHA256:pGBZMAWpXgD4D1SdHRXVIrnodkADfsDgWIkw86yfXcw root@ubuntu-xenial (RSA)
<14>May 18 22:46:47 ec2: -----END SSH HOST KEY FINGERPRINTS-----
<14>May 18 22:46:47 ec2: #############################################################
-----BEGIN SSH HOST KEY KEYS-----
ecdsa-sha2-nistp256 AAAAE2VjZHNhLXNoYTItbmlzdHAyNTYAAAAIbmlzdHAyNTYAAABBBHNnrxJPcGXagx8DXn6c2Y4GoGRqZugecu5zd0+wCd+UPieSejcCy8Q7D36ZhBhDx5+tXfr3eI2iC2VhXerHyzI= root@ubuntu-xenial
ssh-ed25519 AAAAC3NzaC1lZDI1NTE5AAAAIEixkK/MUUAV8i4/OH7hnVOYzddGF/UC+jeB9+d4i+Bt root@ubuntu-xenial
ssh-rsa AAAAB3NzaC1yc2EAAAADAQABAAABAQDUtbZvhFC8o4/V/Q8QjJbeAYwWRUM2wZ+m1PWDzvC5XI+KUwcmf3TmcRL3rWCzZiPkeuG+rACyZ1lSYSoUsNnnUN3Db7SS5HIWnDY5kc99zZIPoCaFmxoGCwSHPPJmXSpOVlDRPSiBBJChgMmCAcJwLBTlVA4Y/FtkQW/nAXTZfanomrKNyErFUEylJK4akQ3PlFCxEk2CUSQjwWqKef0E1PzHqQcCyf6Gz6RhfPlJFXzmbubJ/CIZ0Y8fbopV3/VKhFZAXR5QEbQyY8NwS8JwPyGGmooqkwfwmq7tgvclQZ9TF5O6UoWeeNiJ7Rvwm3AczkYkyFvbBfxitlAVFrj/ root@ubuntu-xenial
-----END SSH HOST KEY KEYS-----
[   16.430883] cloud-init[1765]: Cloud-init v. 18.5-45-g3554ffe8-0ubuntu1~16.04.1 running 'modules:final' at Sat, 18 May 2019 22:46:46 +0000. Up 15.54 seconds.
[   16.431136] cloud-init[1765]: ci-info: no authorized ssh keys fingerprints found for user ubuntu.
[   16.452962] cloud-init[1765]: Cloud-init v. 18.5-45-g3554ffe8-0ubuntu1~16.04.1 finished at Sat, 18 May 2019 22:46:47 +0000. Datasource DataSourceNoCloud [seed=/dev/sdb][dsmode=net].  Up 16.39 seconds
[[0;32m  OK  [0m] Stopped target Timers.
[[0;32m  OK  [0m] Stopped target RPC Port Mapper.
         Stopping User Manager for UID 1000...
         Stopping Authenticate and Authorize Users to Run Privileged Tasks...
[[0;32m  OK  [0m] Stopped target Cloud-init target.
[[0;32m  OK  [0m] Stopped Execute cloud user/final scripts.
         Stopping ACPI event daemon...
[[0;32m  OK  [0m] Stopped Daily apt upgrade and clean activities.
[[0;32m  OK  [0m] Stopped Daily Cleanup of Temporary Directories.
[[0;32m  OK  [0m] Stopped Apply the settings specified in cloud-config.
[[0;32m  OK  [0m] Stopped Daily apt download activities.
         Stopping Session 7 of user vagrant.
[[0;32m  OK  [0m] Stopped target System Time Synchronized.
[[0;32m  OK  [0m] Stopped target Graphical Interface.
[[0;32m  OK  [0m] Stopped target Multi-User System.
         Stopping Regular background program processing daemon...
         Stopping Virtualbox guest utils...
[[0;32m  OK  [0m] Stopped Wait until snapd is fully seeded.
         Stopping FUSE filesystem for LXC...
         Stopping LXD - container startup/shutdown...
[[0;32m  OK  [0m] Stopped target Login Prompts.
         Stopping Serial Getty on ttyS0...
         Stopping Getty on tty1...
         Stopping D-Bus System Message Bus...
         Stopping Deferred execution scheduler...
         Stopping Unattended Upgrades Shutdown...
         Stopping LSB: automatic crash report generation...
         Stopping LSB: daemon to balance interrupts for SMP systems...
         Stopping Accounts Service...
         Stopping LSB: Record successful boot for GRUB...
         Stopping LSB: Set the CPU Frequency Scaling governor to "ondemand"...
         Stopping LSB: Start xrdp and sesman daemons...
         Stopping LSB: MD monitoring daemon...
[[0;32m  OK  [0m] Stopped target Cloud-config availability.
[[0;32m  OK  [0m] Closed Load/Save RF Kill Switch Status /dev/rfkill Watch.
         Stopping OpenBSD Secure Shell server...
         Stopping System Logging Service...
[[0;32m  OK  [0m] Unmounted /var/lib/lxcfs.
[[0;32m  OK  [0m] Stopped ACPI event daemon.
[[0;32m  OK  [0m] Stopped Regular background program processing daemon.
[[0;32m  OK  [0m] Stopped System Logging Service.
[[0;32m  OK  [0m] Stopped Accounts Service.
[[0;32m  OK  [0m] Stopped Deferred execution scheduler.
[[0;32m  OK  [0m] Stopped Authenticate and Authorize Users to Run Privileged Tasks.
[[0;32m  OK  [0m] Stopped Serial Getty on ttyS0.
[[0;32m  OK  [0m] Stopped Getty on tty1.
[[0;32m  OK  [0m] Stopped OpenBSD Secure Shell server.
[[0;32m  OK  [0m] Stopped User Manager for UID 1000.
[[0;32m  OK  [0m] Stopped D-Bus System Message Bus.
[[0;32m  OK  [0m] Stopped Session 7 of user vagrant.
[[0;32m  OK  [0m] Stopped FUSE filesystem for LXC.
[[0;32m  OK  [0m] Stopped LXD - container startup/shutdown.
[[0;32m  OK  [0m] Stopped Unattended Upgrades Shutdown.
[[0;32m  OK  [0m] Stopped LSB: Set the CPU Frequency Scaling governor to "ondemand".
[[0;32m  OK  [0m] Stopped LSB: daemon to balance interrupts for SMP systems.
[[0;32m  OK  [0m] Stopped LSB: automatic crash report generation.
[[0;32m  OK  [0m] Stopped LSB: Record successful boot for GRUB.
[[0;32m  OK  [0m] Stopped LSB: Start xrdp and sesman daemons.
[[0;32m  OK  [0m] Stopped LSB: MD monitoring daemon.
[[0;32m  OK  [0m] Stopped Virtualbox guest utils.
[[0;32m  OK  [0m] Removed slice User Slice of vagrant.
         Stopping Login Service...
[[0;32m  OK  [0m] Removed slice system-getty.slice.
[[0;32m  OK  [0m] Stopped /etc/rc.local Compatibility.
         Stopping Permit User Sessions...
[[0;32m  OK  [0m] Removed slice system-serial\x2dgetty.slice.
[[0;32m  OK  [0m] Stopped Permit User Sessions.
[[0;32m  OK  [0m] Stopped target Remote File Systems.
[[0;32m  OK  [0m] Stopped target Remote File Systems (Pre).
         Stopping RPC bind portmap service...
         Stopping Login to default iSCSI targets...
[[0;32m  OK  [0m] Stopped Login Service.
[[0;32m  OK  [0m] Stopped RPC bind portmap service.
[[0;32m  OK  [0m] Stopped target Basic System.
[[0;32m  OK  [0m] Stopped target Paths.
[[0;32m  OK  [0m] Stopped ACPI Events Check.
[[0;32m  OK  [0m] Stopped Dispatch Password Requests to Console Directory Watch.
[[0;32m  OK  [0m] Stopped Forward Password Requests to Wall Directory Watch.
[[0;32m  OK  [0m] Stopped target Sockets.
[[0;32m  OK  [0m] Closed Syslog Socket.
[[0;32m  OK  [0m] Closed UUID daemon activation socket.
[[0;32m  OK  [0m] Closed Socket activation for snappy daemon.
[[0;32m  OK  [0m] Closed RPCbind Server Activation Socket.
[[0;32m  OK  [0m] Closed LXD - unix socket.
[[0;32m  OK  [0m] Closed ACPID Listen Socket.
[[0;32m  OK  [0m] Stopped target Slices.
[[0;32m  OK  [0m] Closed D-Bus System Message Bus Socket.
[[0;32m  OK  [0m] Stopped target System Initialization.
[[0;32m  OK  [0m] Stopped Create Volatile Files and Directories.
         Stopping Load/Save Random Seed...
[[0;32m  OK  [0m] Stopped target Encrypted Volumes.
[[0;32m  OK  [0m] Stopped target Swap.
[[0;32m  OK  [0m] Stopped Commit a transient machine-id on disk.
[[0;32m  OK  [0m] Removed slice User and Session Slice.
[[0;32m  OK  [0m] Stopped target User and Group Name Lookups.
[[0;32m  OK  [0m] Stopped Load/Save Random Seed.
[[0;32m  OK  [0m] Stopped Login to default iSCSI targets.
         Stopping iSCSI initiator daemon (iscsid)...
[[0;32m  OK  [0m] Stopped iSCSI initiator daemon (iscsid).
[[0;32m  OK  [0m] Stopped target Network is Online.
[[0;32m  OK  [0m] Stopped Initial cloud-init job (metadata service crawler).
[[0;32m  OK  [0m] Stopped target Network.
         Stopping Raise network interfaces...
[[0;32m  OK  [0m] Stopped Raise network interfaces.
[[0;32m  OK  [0m] Stopped Apply Kernel Variables.
[[0;32m  OK  [0m] Stopped target Local File Systems.
         Unmounting /vagrant...
         Unmounting /run/user/1000...
[[0;32m  OK  [0m] Stopped Load Kernel Modules.
[[0;32m  OK  [0m] Stopped target Network (Pre).
[[0;32m  OK  [0m] Stopped Initial cloud-init job (pre-networking).
[[0;32m  OK  [0m] Unmounted /vagrant.
[[0;32m  OK  [0m] Unmounted /run/user/1000.
[[0;32m  OK  [0m] Reached target Unmount All Filesystems.
[[0;32m  OK  [0m] Stopped target Local File Systems (Pre).
         Stopping Monitoring of LVM2 mirrors... dmeventd or progress polling...
[[0;32m  OK  [0m] Stopped Remount Root and Kernel File Systems.
[[0;32m  OK  [0m] Stopped Create Static Device Nodes in /dev.
[[0;32m  OK  [0m] Reached target Shutdown.
[  804.777440] reboot: Restarting system
[    0.000000] Initializing cgroup subsys cpuset
[    0.000000] Initializing cgroup subsys cpu
[    0.000000] Initializing cgroup subsys cpuacct
[    0.000000] Linux version 4.4.0-148-generic (buildd@lgw01-amd64-031) (gcc version 5.4.0 20160609 (Ubuntu 5.4.0-6ubuntu1~16.04.10) ) #174-Ubuntu SMP Tue May 7 12:20:14 UTC 2019 (Ubuntu 4.4.0-148.174-generic 4.4.177)
[    0.000000] Command line: BOOT_IMAGE=/boot/vmlinuz-4.4.0-148-generic root=UUID=1bbe14b0-e1b4-4636-83ed-ba0fa2a5acca ro console=tty1 console=ttyS0
[    0.000000] KERNEL supported cpus:
[    0.000000]   Intel GenuineIntel
[    0.000000]   AMD AuthenticAMD
[    0.000000]   Centaur CentaurHauls
[    0.000000] x86/fpu: xstate_offset[2]:  576, xstate_sizes[2]:  256
[    0.000000] x86/fpu: Supporting XSAVE feature 0x01: 'x87 floating point registers'
[    0.000000] x86/fpu: Supporting XSAVE feature 0x02: 'SSE registers'
[    0.000000] x86/fpu: Supporting XSAVE feature 0x04: 'AVX registers'
[    0.000000] x86/fpu: Enabled xstate features 0x7, context size is 832 bytes, using 'standard' format.
[    0.000000] e820: BIOS-provided physical RAM map:
[    0.000000] BIOS-e820: [mem 0x0000000000000000-0x000000000009fbff] usable
[    0.000000] BIOS-e820: [mem 0x000000000009fc00-0x000000000009ffff] reserved
[    0.000000] BIOS-e820: [mem 0x00000000000f0000-0x00000000000fffff] reserved
[    0.000000] BIOS-e820: [mem 0x0000000000100000-0x000000003ffeffff] usable
[    0.000000] BIOS-e820: [mem 0x000000003fff0000-0x000000003fffffff] ACPI data
[    0.000000] BIOS-e820: [mem 0x00000000fec00000-0x00000000fec00fff] reserved
[    0.000000] BIOS-e820: [mem 0x00000000fee00000-0x00000000fee00fff] reserved
[    0.000000] BIOS-e820: [mem 0x00000000fffc0000-0x00000000ffffffff] reserved
[    0.000000] NX (Execute Disable) protection: active
[    0.000000] SMBIOS 2.5 present.
[    0.000000] Hypervisor detected: KVM
[    0.000000] e820: last_pfn = 0x3fff0 max_arch_pfn = 0x400000000
[    0.000000] MTRR: Disabled
[    0.000000] x86/PAT: MTRRs disabled, skipping PAT initialization too.
[    0.000000] CPU MTRRs all blank - virtualized system.
[    0.000000] x86/PAT: Configuration [0-7]: WB  WT  UC- UC  WB  WT  UC- UC  
[    0.000000] Scanning 1 areas for low memory corruption
[    0.000000] RAMDISK: [mem 0x361ea000-0x370ecfff]
[    0.000000] ACPI: Early table checksum verification disabled
[    0.000000] ACPI: RSDP 0x00000000000E0000 000024 (v02 VBOX  )
[    0.000000] ACPI: XSDT 0x000000003FFF0030 00003C (v01 VBOX   VBOXXSDT 00000001 ASL  00000061)
[    0.000000] ACPI: FACP 0x000000003FFF00F0 0000F4 (v04 VBOX   VBOXFACP 00000001 ASL  00000061)
[    0.000000] ACPI: DSDT 0x000000003FFF0470 0022EA (v02 VBOX   VBOXBIOS 00000002 INTL 20100528)
[    0.000000] ACPI: FACS 0x000000003FFF0200 000040
[    0.000000] ACPI: FACS 0x000000003FFF0200 000040
[    0.000000] ACPI: APIC 0x000000003FFF0240 00005C (v02 VBOX   VBOXAPIC 00000001 ASL  00000061)
[    0.000000] ACPI: SSDT 0x000000003FFF02A0 0001CC (v01 VBOX   VBOXCPUT 00000002 INTL 20100528)
[    0.000000] No NUMA configuration found
[    0.000000] Faking a node at [mem 0x0000000000000000-0x000000003ffeffff]
[    0.000000] NODE_DATA(0) allocated [mem 0x3ffeb000-0x3ffeffff]
[    0.000000] kvm-clock: Using msrs 4b564d01 and 4b564d00
[    0.000000] kvm-clock: cpu 0, msr 0:3ffe3001, primary cpu clock
[    0.000000] kvm-clock: using sched offset of 814711331888 cycles
[    0.000000] clocksource: kvm-clock: mask: 0xffffffffffffffff max_cycles: 0x1cd42e4dffb, max_idle_ns: 881590591483 ns
[    0.000000] Zone ranges:
[    0.000000]   DMA      [mem 0x0000000000001000-0x0000000000ffffff]
[    0.000000]   DMA32    [mem 0x0000000001000000-0x000000003ffeffff]
[    0.000000]   Normal   empty
[    0.000000]   Device   empty
[    0.000000] Movable zone start for each node
[    0.000000] Early memory node ranges
[    0.000000]   node   0: [mem 0x0000000000001000-0x000000000009efff]
[    0.000000]   node   0: [mem 0x0000000000100000-0x000000003ffeffff]
[    0.000000] Initmem setup node 0 [mem 0x0000000000001000-0x000000003ffeffff]
[    0.000000] ACPI: PM-Timer IO Port: 0x4008
[    0.000000] IOAPIC[0]: apic_id 2, version 32, address 0xfec00000, GSI 0-23
[    0.000000] ACPI: INT_SRC_OVR (bus 0 bus_irq 0 global_irq 2 dfl dfl)
[    0.000000] ACPI: INT_SRC_OVR (bus 0 bus_irq 9 global_irq 9 low level)
[    0.000000] Using ACPI (MADT) for SMP configuration information
[    0.000000] smpboot: Allowing 2 CPUs, 0 hotplug CPUs
[    0.000000] PM: Registered nosave memory: [mem 0x00000000-0x00000fff]
[    0.000000] PM: Registered nosave memory: [mem 0x0009f000-0x0009ffff]
[    0.000000] PM: Registered nosave memory: [mem 0x000a0000-0x000effff]
[    0.000000] PM: Registered nosave memory: [mem 0x000f0000-0x000fffff]
[    0.000000] e820: [mem 0x40000000-0xfebfffff] available for PCI devices
[    0.000000] Booting paravirtualized kernel on KVM
[    0.000000] clocksource: refined-jiffies: mask: 0xffffffff max_cycles: 0xffffffff, max_idle_ns: 7645519600211568 ns
[    0.000000] setup_percpu: NR_CPUS:512 nr_cpumask_bits:512 nr_cpu_ids:2 nr_node_ids:1
[    0.000000] PERCPU: Embedded 34 pages/cpu @ffff88003fc00000 s99480 r8192 d31592 u1048576
[    0.000000] Built 1 zonelists in Node order, mobility grouping on.  Total pages: 257912
[    0.000000] Policy zone: DMA32
[    0.000000] Kernel command line: BOOT_IMAGE=/boot/vmlinuz-4.4.0-148-generic root=UUID=1bbe14b0-e1b4-4636-83ed-ba0fa2a5acca ro console=tty1 console=ttyS0
[    0.000000] PID hash table entries: 4096 (order: 3, 32768 bytes)
[    0.000000] Memory: 997188K/1048120K available (8609K kernel code, 1334K rwdata, 4028K rodata, 1484K init, 1284K bss, 50932K reserved, 0K cma-reserved)
[    0.000000] SLUB: HWalign=64, Order=0-3, MinObjects=0, CPUs=2, Nodes=1
[    0.000000] Kernel/User page tables isolation: enabled
[    0.000000] Hierarchical RCU implementation.
[    0.000000] 	Build-time adjustment of leaf fanout to 64.
[    0.000000] 	RCU restricting CPUs from NR_CPUS=512 to nr_cpu_ids=2.
[    0.000000] RCU: Adjusting geometry for rcu_fanout_leaf=64, nr_cpu_ids=2
[    0.000000] NR_IRQS:33024 nr_irqs:440 16
[    0.000000] Console: colour VGA+ 80x25
[    0.000000] console [tty1] enabled
[    0.000000] console [ttyS0] enabled
[    0.000000] tsc: Detected 2303.998 MHz processor
[    0.179337] Calibrating delay loop (skipped) preset value.. 4607.99 BogoMIPS (lpj=9215992)
[    0.181672] pid_max: default: 32768 minimum: 301
[    0.182889] ACPI: Core revision 20150930
[    0.184631] ACPI: 2 ACPI AML tables successfully acquired and loaded
[    0.186493] Security Framework initialized
[    0.187824] Yama: becoming mindful.
[    0.188845] AppArmor: AppArmor initialized
[    0.190087] Dentry cache hash table entries: 131072 (order: 8, 1048576 bytes)
[    0.192416] Inode-cache hash table entries: 65536 (order: 7, 524288 bytes)
[    0.194586] Mount-cache hash table entries: 2048 (order: 2, 16384 bytes)
[    0.196195] Mountpoint-cache hash table entries: 2048 (order: 2, 16384 bytes)
[    0.198607] Initializing cgroup subsys io
[    0.199803] Initializing cgroup subsys memory
[    0.200938] Initializing cgroup subsys devices
[    0.202114] Initializing cgroup subsys freezer
[    0.203278] Initializing cgroup subsys net_cls
[    0.204415] Initializing cgroup subsys perf_event
[    0.206023] Initializing cgroup subsys net_prio
[    0.207412] Initializing cgroup subsys hugetlb
[    0.208750] Initializing cgroup subsys pids
[    0.211456] mce: CPU supports 0 MCE banks
[    0.212575] Last level iTLB entries: 4KB 64, 2MB 8, 4MB 8
[    0.214225] Last level dTLB entries: 4KB 64, 2MB 0, 4MB 0, 1GB 4
[    0.215743] Spectre V2 : Mitigation: Full generic retpoline
[    0.217543] Spectre V2 : Spectre v2 / SpectreRSB mitigation: Filling RSB on context switch
[    0.220107] Speculative Store Bypass: Vulnerable
[    0.221890] MDS: Vulnerable: Clear CPU buffers attempted, no microcode
[    0.226110] Freeing SMP alternatives memory: 36K
[    0.233062] ftrace: allocating 32293 entries in 127 pages
[    0.286923] smpboot: APIC(0) Converting physical 0 to logical package 0
[    0.288715] smpboot: Max logical packages: 1
[    0.290262] x2apic enabled
[    0.291362] Switched APIC routing to physical x2apic.
[    0.294153] ..TIMER: vector=0x30 apic1=0 pin1=2 apic2=-1 pin2=-1
[    0.402783] smpboot: CPU0: Intel(R) Core(TM) i5-7360U CPU @ 2.30GHz (family: 0x6, model: 0x8e, stepping: 0x9)
[    0.406199] Performance Events: unsupported p6 CPU model 142 no PMU driver, software events only.
[    0.417717] KVM setup paravirtual spinlock
[    0.419681] x86: Booting SMP configuration:
[    0.421007] .... node  #0, CPUs:      #1
[    0.422495] kvm-clock: cpu 1, msr 0:3ffe3041, secondary cpu clock
[    0.425365] mce: CPU supports 0 MCE banks
[    0.428178] x86: Booted up 1 node, 2 CPUs
[    0.429560] smpboot: Total of 2 processors activated (9215.99 BogoMIPS)
[    0.431864] devtmpfs: initialized
[    0.434426] evm: security.selinux
[    0.435902] evm: security.SMACK64
[    0.436832] evm: security.SMACK64EXEC
[    0.437872] evm: security.SMACK64TRANSMUTE
[    0.439174] evm: security.SMACK64MMAP
[    0.440341] evm: security.ima
[    0.441446] evm: security.capability
[    0.442551] clocksource: jiffies: mask: 0xffffffff max_cycles: 0xffffffff, max_idle_ns: 7645041785100000 ns
[    0.445628] futex hash table entries: 512 (order: 3, 32768 bytes)
[    0.447258] pinctrl core: initialized pinctrl subsystem
[    0.448688] RTC time: 23:00:00, date: 05/18/19
[    0.449976] NET: Registered protocol family 16
[    0.463924] cpuidle: using governor ladder
[    0.475372] cpuidle: using governor menu
[    0.477471] PCCT header not found.
[    0.479190] ACPI: bus type PCI registered
[    0.481142] acpiphp: ACPI Hot Plug PCI Controller Driver version: 0.5
[    0.484767] PCI: Using configuration type 1 for base access
[    0.502164] ACPI: Added _OSI(Module Device)
[    0.504130] ACPI: Added _OSI(Processor Device)
[    0.505642] ACPI: Added _OSI(3.0 _SCP Extensions)
[    0.507456] ACPI: Added _OSI(Processor Aggregator Device)
[    0.509956] ACPI: Executed 1 blocks of module-level executable AML code
[    0.513432] ACPI: Interpreter enabled
[    0.514597] ACPI: (supports S0 S5)
[    0.515810] ACPI: Using IOAPIC for interrupt routing
[    0.517528] PCI: Using host bridge windows from ACPI; if necessary, use "pci=nocrs" and report a bug
[    0.524636] ACPI: PCI Root Bridge [PCI0] (domain 0000 [bus 00-ff])
[    0.526474] acpi PNP0A03:00: _OSC: OS supports [ASPM ClockPM Segments MSI]
[    0.528606] acpi PNP0A03:00: _OSC: not requesting OS control; OS requires [ExtendedConfig ASPM ClockPM MSI]
[    0.531916] acpi PNP0A03:00: fail to add MMCONFIG information, can't access extended PCI configuration space under this bridge.
[    0.535840] PCI host bridge to bus 0000:00
[    0.536957] pci_bus 0000:00: root bus resource [io  0x0000-0x0cf7 window]
[    0.539032] pci_bus 0000:00: root bus resource [io  0x0d00-0xffff window]
[    0.540779] pci_bus 0000:00: root bus resource [mem 0x000a0000-0x000bffff window]
[    0.543186] pci_bus 0000:00: root bus resource [mem 0x40000000-0xfdffffff window]
[    0.545531] pci_bus 0000:00: root bus resource [bus 00-ff]
[    0.550499] pci 0000:00:01.1: legacy IDE quirk: reg 0x10: [io  0x01f0-0x01f7]
[    0.552752] pci 0000:00:01.1: legacy IDE quirk: reg 0x14: [io  0x03f6]
[    0.554675] pci 0000:00:01.1: legacy IDE quirk: reg 0x18: [io  0x0170-0x0177]
[    0.556427] pci 0000:00:01.1: legacy IDE quirk: reg 0x1c: [io  0x0376]
[    0.574219] pci 0000:00:07.0: quirk: [io  0x4000-0x403f] claimed by PIIX4 ACPI
[    0.576626] pci 0000:00:07.0: quirk: [io  0x4100-0x410f] claimed by PIIX4 SMB
[    0.588892] ACPI: PCI Interrupt Link [LNKA] (IRQs 5 9 10 *11)
[    0.599208] ACPI: PCI Interrupt Link [LNKB] (IRQs 5 9 *10 11)
[    0.601353] ACPI: PCI Interrupt Link [LNKC] (IRQs 5 *9 10 11)
[    0.603731] ACPI: PCI Interrupt Link [LNKD] (IRQs 5 9 10 *11)
[    0.605999] ACPI: Enabled 2 GPEs in block 00 to 07
[    0.607899] vgaarb: setting as boot device: PCI:0000:00:02.0
[    0.609756] vgaarb: device added: PCI:0000:00:02.0,decodes=io+mem,owns=io+mem,locks=none
[    0.612913] vgaarb: loaded
[    0.613862] vgaarb: bridge control possible 0000:00:02.0
[    0.615683] SCSI subsystem initialized
[    0.617050] ACPI: bus type USB registered
[    0.618576] usbcore: registered new interface driver usbfs
[    0.620361] usbcore: registered new interface driver hub
[    0.621930] usbcore: registered new device driver usb
[    0.623436] PCI: Using ACPI for IRQ routing
[    0.624997] NetLabel: Initializing
[    0.626428] NetLabel:  domain hash size = 128
[    0.627598] NetLabel:  protocols = UNLABELED CIPSOv4
[    0.629193] NetLabel:  unlabeled traffic allowed by default
[    0.630777] amd_nb: Cannot enumerate AMD northbridges
[    0.632216] clocksource: Switched to clocksource kvm-clock
[    0.638632] AppArmor: AppArmor Filesystem Enabled
[    0.640267] pnp: PnP ACPI init
[    0.642587] pnp: PnP ACPI: found 3 devices
[    0.653191] clocksource: acpi_pm: mask: 0xffffff max_cycles: 0xffffff, max_idle_ns: 2085701024 ns
[    0.656027] NET: Registered protocol family 2
[    0.657481] TCP established hash table entries: 8192 (order: 4, 65536 bytes)
[    0.659251] TCP bind hash table entries: 8192 (order: 5, 131072 bytes)
[    0.660935] TCP: Hash tables configured (established 8192 bind 8192)
[    0.662964] UDP hash table entries: 512 (order: 2, 16384 bytes)
[    0.664419] UDP-Lite hash table entries: 512 (order: 2, 16384 bytes)
[    0.666384] NET: Registered protocol family 1
[    0.667893] pci 0000:00:00.0: Limiting direct PCI/PCI transfers
[    0.669609] pci 0000:00:01.0: Activating ISA DMA hang workarounds
[    0.671290] Unpacking initramfs...
[    0.854452] Freeing initrd memory: 15372K
[    0.855914] clocksource: tsc: mask: 0xffffffffffffffff max_cycles: 0x2135f5e6f15, max_idle_ns: 440795231538 ns
[    0.859203] platform rtc_cmos: registered platform RTC device (no PNP device found)
[    0.861548] Scanning for low memory corruption every 60 seconds
[    0.863492] audit: initializing netlink subsys (disabled)
[    0.865262] audit: type=2000 audit(1558221216.309:1): initialized
[    0.866975] Initialise system trusted keyring
[    0.868518] HugeTLB registered 2 MB page size, pre-allocated 0 pages
[    0.871664] zbud: loaded
[    0.872962] VFS: Disk quotas dquot_6.6.0
[    0.874190] VFS: Dquot-cache hash table entries: 512 (order 0, 4096 bytes)
[    0.876537] squashfs: version 4.0 (2009/01/31) Phillip Lougher
[    0.878441] fuse init (API version 7.23)
[    0.880023] Key type big_key registered
[    0.881275] Allocating IMA MOK and blacklist keyrings.
[    0.884094] Key type asymmetric registered
[    0.885434] Asymmetric key parser 'x509' registered
[    0.887048] Block layer SCSI generic (bsg) driver version 0.4 loaded (major 249)
[    0.889608] io scheduler noop registered
[    0.890791] io scheduler deadline registered (default)
[    0.892442] io scheduler cfq registered
[    0.893577] pci_hotplug: PCI Hot Plug PCI Core version: 0.5
[    0.895371] pciehp: PCI Express Hot Plug Controller Driver version: 0.4
[    0.897562] ACPI: AC Adapter [AC] (on-line)
[    0.899084] input: Power Button as /devices/LNXSYSTM:00/LNXPWRBN:00/input/input0
[    0.901057] ACPI: Power Button [PWRF]
[    0.902134] input: Sleep Button as /devices/LNXSYSTM:00/LNXSLPBN:00/input/input1
[    0.904211] ACPI: Sleep Button [SLPF]
[    0.905493] GHES: HEST is not enabled!
[    0.906710] ACPI: Battery Slot [BAT0] (battery present)
[    0.909101] Serial: 8250/16550 driver, 32 ports, IRQ sharing enabled
[    0.931521] 00:02: ttyS0 at I/O 0x3f8 (irq = 4, base_baud = 115200) is a 16550A
[    0.936322] Linux agpgart interface v0.103
[    0.939295] loop: module loaded
[    0.940785] scsi host0: ata_piix
[    0.941964] scsi host1: ata_piix
[    0.943145] ata1: PATA max UDMA/33 cmd 0x1f0 ctl 0x3f6 bmdma 0xd000 irq 14
[    0.944942] ata2: PATA max UDMA/33 cmd 0x170 ctl 0x376 bmdma 0xd008 irq 15
[    0.947165] libphy: Fixed MDIO Bus: probed
[    0.948479] tun: Universal TUN/TAP device driver, 1.6
[    0.949744] tun: (C) 1999-2004 Max Krasnyansky <maxk@qualcomm.com>
[    0.951650] PPP generic driver version 2.4.2
[    0.953022] ehci_hcd: USB 2.0 'Enhanced' Host Controller (EHCI) Driver
[    0.954672] ehci-pci: EHCI PCI platform driver
[    0.955855] ehci-platform: EHCI generic platform driver
[    0.957360] ohci_hcd: USB 1.1 'Open' Host Controller (OHCI) Driver
[    0.959401] ohci-pci: OHCI PCI platform driver
[    0.960875] ohci-platform: OHCI generic platform driver
[    0.962301] uhci_hcd: USB Universal Host Controller Interface driver
[    0.963910] i8042: PNP: PS/2 Controller [PNP0303:PS2K,PNP0f03:PS2M] at 0x60,0x64 irq 1,12
[    0.966540] serio: i8042 KBD port at 0x60,0x64 irq 1
[    0.967985] serio: i8042 AUX port at 0x60,0x64 irq 12
[    0.969676] mousedev: PS/2 mouse device common for all mice
[    0.971355] input: AT Translated Set 2 keyboard as /devices/platform/i8042/serio0/input/input2
[    0.974080] rtc_cmos rtc_cmos: rtc core: registered rtc_cmos as rtc0
[    0.975792] rtc_cmos rtc_cmos: alarms up to one day, 114 bytes nvram
[    0.977476] i2c /dev entries driver
[    0.978475] device-mapper: uevent: version 1.0.3
[    0.979819] device-mapper: ioctl: 4.34.0-ioctl (2015-10-28) initialised: dm-devel@redhat.com
[    0.982776] ledtrig-cpu: registered to indicate activity on CPUs
[    0.985804] NET: Registered protocol family 10
[    0.987531] NET: Registered protocol family 17
[    0.989201] Key type dns_resolver registered
[    0.991167] registered taskstats version 1
[    0.992863] Loading compiled-in X.509 certificates
[    0.995121] Loaded X.509 cert 'Build time autogenerated kernel key: 5103689f9da3e841c6100f8bb032b132cf76e38d'
[    0.998775] zswap: loaded using pool lzo/zbud
[    1.003169] Key type trusted registered
[    1.009134] Key type encrypted registered
[    1.010208] AppArmor: AppArmor sha1 policy hashing enabled
[    1.011618] ima: No TPM chip found, activating TPM-bypass!
[    1.013071] ima: Allocated hash algorithm: sha1
[    1.014427] evm: HMAC attrs: 0x1
[    1.016183]   Magic number: 3:748:49
[    1.017733] rtc_cmos rtc_cmos: setting system clock to 2019-05-18 23:00:00 UTC (1558220400)
[    1.020708] BIOS EDD facility v0.16 2004-Jun-25, 0 devices found
[    1.022862] EDD information not available.
[    1.102186] Freeing unused kernel memory: 1484K
[    1.104147] Write protecting the kernel read-only data: 14336k
[    1.106788] Freeing unused kernel memory: 1620K
[    1.108474] Freeing unused kernel memory: 68K
Loading, please wait...
starting version 229
[    1.121505] random: systemd-udevd: uninitialized urandom read (16 bytes read, 3 bits of entropy available)
[    1.121982] random: udevadm: uninitialized urandom read (16 bytes read, 3 bits of entropy available)
[    1.121999] random: udevadm: uninitialized urandom read (16 bytes read, 3 bits of entropy available)
[    1.129310] random: udevadm: uninitialized urandom read (16 bytes read, 3 bits of entropy available)
[    1.129344] random: udevadm: uninitialized urandom read (16 bytes read, 3 bits of entropy available)
[    1.129446] random: udevadm: uninitialized urandom read (16 bytes read, 3 bits of entropy available)
[    1.129485] random: udevadm: uninitialized urandom read (16 bytes read, 3 bits of entropy available)
[    1.129521] random: udevadm: uninitialized urandom read (16 bytes read, 3 bits of entropy available)
[    1.129557] random: udevadm: uninitialized urandom read (16 bytes read, 3 bits of entropy available)
[    1.129595] random: udevadm: uninitialized urandom read (16 bytes read, 3 bits of entropy available)
[    1.175040] e1000: Intel(R) PRO/1000 Network Driver - version 7.3.21-k8-NAPI
[    1.177377] e1000: Copyright (c) 1999-2006 Intel Corporation.
[    1.180640] Fusion MPT base driver 3.04.20
[    1.182120] Copyright (c) 1999-2008 LSI Corporation
[    1.187075] Fusion MPT SPI Host driver 3.04.20
[    1.204726] AVX2 version of gcm_enc/dec engaged.
[    1.205947] AES CTR mode by8 optimization enabled
[    1.389603] input: ImExPS/2 Generic Explorer Mouse as /devices/platform/i8042/serio1/input/input4
[    1.602490] e1000 0000:00:03.0 eth0: (PCI:33MHz:32-bit) 02:11:c2:af:aa:45
[    1.604700] e1000 0000:00:03.0 eth0: Intel(R) PRO/1000 Network Connection
[    1.607021] mptbase: ioc0: Initiating bringup
[    1.673314] ioc0: LSI53C1030 A0: Capabilities={Initiator}
[    1.840085] scsi host2: ioc0: LSI53C1030 A0, FwRev=00000000h, Ports=1, MaxQ=256, IRQ=20
[    1.958382] scsi 2:0:0:0: Direct-Access     VBOX     HARDDISK         1.0  PQ: 0 ANSI: 5
[    1.961489] scsi target2:0:0: Beginning Domain Validation
[    1.964210] scsi target2:0:0: Domain Validation skipping write tests
[    1.966067] scsi target2:0:0: Ending Domain Validation
[    1.967872] scsi target2:0:0: asynchronous
[    1.969733] scsi 2:0:1:0: Direct-Access     VBOX     HARDDISK         1.0  PQ: 0 ANSI: 5
[    1.972243] scsi target2:0:1: Beginning Domain Validation
[    1.974730] scsi target2:0:1: Domain Validation skipping write tests
[    1.976272] scsi target2:0:1: Ending Domain Validation
[    1.977647] scsi target2:0:1: asynchronous
[    1.984889] sd 2:0:0:0: [sda] 20971520 512-byte logical blocks: (10.7 GB/10.0 GiB)
[    1.985082] sd 2:0:0:0: Attached scsi generic sg0 type 0
[    1.985248] sd 2:0:1:0: Attached scsi generic sg1 type 0
[    1.985757] sd 2:0:1:0: [sdb] 20480 512-byte logical blocks: (10.5 MB/10.0 MiB)
[    1.985994] sd 2:0:1:0: [sdb] Write Protect is off
[    1.986114] sd 2:0:1:0: [sdb] Incomplete mode parameter data
[    1.986115] sd 2:0:1:0: [sdb] Assuming drive cache: write through
[    2.007480] sd 2:0:0:0: [sda] Write Protect is off
[    2.009525] sd 2:0:0:0: [sda] Incomplete mode parameter data
[    2.011369] sd 2:0:0:0: [sda] Assuming drive cache: write through
[    2.015558]  sda: sda1
[    2.019960] sd 2:0:1:0: [sdb] Attached SCSI disk
[    2.025437] sd 2:0:0:0: [sda] Attached SCSI disk
[    2.384345] e1000 0000:00:08.0 eth1: (PCI:33MHz:32-bit) 08:00:27:55:2f:f1
[    2.386363] e1000 0000:00:08.0 eth1: Intel(R) PRO/1000 Network Connection
[    2.389408] e1000 0000:00:03.0 enp0s3: renamed from eth0
[    2.401559] e1000 0000:00:08.0 enp0s8: renamed from eth1
Begin: Loading essential drivers ... [    3.685135] md: linear personality registered for level -1
[    3.689613] md: multipath personality registered for level -4
[    3.693629] md: raid0 personality registered for level 0
[    3.698838] md: raid1 personality registered for level 1
[    3.768332] raid6: sse2x1   gen() 11786 MB/s
[    3.836521] raid6: sse2x1   xor()  8399 MB/s
[    3.904469] raid6: sse2x2   gen() 14819 MB/s
[    3.972384] raid6: sse2x2   xor() 10279 MB/s
[    4.040484] raid6: sse2x4   gen() 16828 MB/s
[    4.108251] raid6: sse2x4   xor() 11175 MB/s
[    4.176409] raid6: avx2x1   gen() 23838 MB/s
[    4.244427] raid6: avx2x2   gen() 27862 MB/s
[    4.312694] raid6: avx2x4   gen() 30546 MB/s
[    4.314157] raid6: using algorithm avx2x4 gen() 30546 MB/s
[    4.315973] raid6: using avx2x2 recovery algorithm
[    4.318744] xor: automatically using best checksumming function:
[    4.360487]    avx       : 29949.000 MB/sec
[    4.363069] async_tx: api initialized (async)
[    4.374182] md: raid6 personality registered for level 6
[    4.375726] md: raid5 personality registered for level 5
[    4.377454] md: raid4 personality registered for level 4
[    4.385385] md: raid10 personality registered for level 10
done.
Begin: Running /scripts/init-premount ... done.
Begin: Mounting root file system ... Begin: Running /scripts/local-top ... done.
Begin: Running /scripts/local-premount ... [    4.414101] Btrfs loaded
Scanning for Btrfs filesystems
done.
Warning: fsck not present, so skipping root file system
[    4.449920] EXT4-fs (sda1): mounted filesystem with ordered data mode. Opts: (null)
done.
Begin: Running /scripts/local-bottom ... done.
Begin: Running /scripts/init-bottom ... done.
[    4.566972] systemd[1]: systemd 229 running in system mode. (+PAM +AUDIT +SELINUX +IMA +APPARMOR +SMACK +SYSVINIT +UTMP +LIBCRYPTSETUP +GCRYPT +GNUTLS +ACL +XZ -LZ4 +SECCOMP +BLKID +ELFUTILS +KMOD -IDN)
[    4.572332] systemd[1]: Detected virtualization oracle.
[    4.573686] systemd[1]: Detected architecture x86-64.

Welcome to [1mUbuntu 16.04.6 LTS[0m!

[    4.579299] systemd[1]: Set hostname to <ubuntu-xenial>.
[    4.761423] systemd[1]: Listening on LVM2 poll daemon socket.
[[0;32m  OK  [0m] Listening on LVM2 poll daemon socket.
[    4.765987] systemd[1]: Listening on Device-mapper event daemon FIFOs.
[[0;32m  OK  [0m] Listening on Device-mapper event daemon FIFOs.
[    4.769755] systemd[1]: Listening on Journal Socket.
[[0;32m  OK  [0m] Listening on Journal Socket.
[    4.772559] systemd[1]: Created slice User and Session Slice.
[[0;32m  OK  [0m] Created slice User and Session Slice.
[    4.775356] systemd[1]: Reached target User and Group Name Lookups.
[[0;32m  OK  [0m] Reached target User and Group Name Lookups.
[    4.778186] systemd[1]: Listening on Journal Audit Socket.
[[0;32m  OK  [0m] Listening on Journal Audit Socket.
[    4.781333] systemd[1]: Listening on LVM2 metadata daemon socket.
[[0;32m  OK  [0m] Listening on LVM2 metadata daemon socket.
[    4.784833] systemd[1]: Listening on /dev/initctl Compatibility Named Pipe.
[[0;32m  OK  [0m] Listening on /dev/initctl Compatibility Named Pipe.
[    4.787809] systemd[1]: Listening on Syslog Socket.
[[0;32m  OK  [0m] Listening on Syslog Socket.
[    4.790831] systemd[1]: Listening on udev Kernel Socket.
[[0;32m  OK  [0m] Listening on udev Kernel Socket.
[    4.793601] systemd[1]: Created slice System Slice.
[[0;32m  OK  [0m] Created slice System Slice.
[    4.809032] systemd[1]: Mounting Huge Pages File System...
         Mounting Huge Pages File System...
[    4.813818] systemd[1]: Starting Monitoring of LVM2 mirrors, snapshots etc. using dmeventd or progress polling...
         Starting Monitoring of LVM2 mirrors... dmeventd or progress polling...
[    4.830222] systemd[1]: Starting Load Kernel Modules...
         Starting Load Kernel Modules...
[    4.837263] systemd[1]: Starting Create list of required static device nodes for the current kernel...
         Starting Create list of required st... nodes for the current kernel...
[    4.843647] systemd[1]: Reached target Encrypted Volumes.
[    4.845991] Loading iSCSI transport class v2.0-870.
[[0;32m  OK  [0m] Reached target Encrypted Volumes.
[    4.848742] systemd[1]: Set up automount Arbitrary Executable File Formats File System Automount Point.
[[0;32m  OK  [0m] Set up automount Arbitrary Executab...ats File System Automount Point.
[    4.858594] systemd[1]: Starting Set console keymap...
         Starting Set console keymap...
[    4.862013] systemd[1]: Listening on Journal Socket (/dev/log).
[[0;32m  OK  [0m] Listening on Journal Socket (/dev/log).
[    4.865195] systemd[1]: Reached target System Time Synchronized.
[[0;32m  OK  [0m] Reached target System Time Synchronized.
[    4.868111] systemd[1]: Started Forward Password Requests to Wall Directory Watch.
[[0;32m  OK  [0m] Started Forward Password Requests to Wall Directory Watch.
[    4.874638] iscsi: registered transport (tcp)
[    4.874711] systemd[1]: Reached target Swap.
[[0;32m  OK  [0m] Reached target Swap.
[    4.878572] systemd[1]: Reached target Slices.
[[0;32m  OK  [0m] Reached target Slices.
[    4.881937] systemd[1]: Starting Nameserver information manager...
         Starting Nameserver information manager...
[    4.893235] systemd[1]: Created slice system-serial\x2dgetty.slice.
[[0;32m  OK  [0m] Created slice system-serial\x2dgetty.slice.
[    4.898200] systemd[1]: Listening on udev Control Socket.
[[0;32m  OK  [0m] Listening on udev Control Socket.
[    4.903708] systemd[1]: Starting Remount Root and Kernel File Systems...
         Starting Remount Root and Kernel File Systems...
[    4.909092] systemd[1]: Mounting Debug File System...
         Mounting Debug File System...
[    4.912413] systemd[1]: Mounting POSIX Message Queue File System...
         Mounting POSIX Message Queue File System...
[    4.916126] systemd[1]: Starting Uncomplicated firewall...
[    4.918525] EXT4-fs (sda1): re-mounted. Opts: (null)
         Starting Uncomplicated firewall...
[    4.921980] systemd[1]: Starting Journal Service...
         Starting Journal Service...
[    4.924849] systemd[1]: Started Trigger resolvconf update for networkd DNS.
[[0;32m  OK  [0m] Started Trigger resolvconf update for networkd DNS.
[    4.943353] iscsi: registered transport (iser)
[    4.945166] systemd[1]: Mounted Debug File System.
[[0;32m  OK  [0m] Mounted Debug File System.
[    4.949267] systemd[1]: Mounted POSIX Message Queue File System.
[[0;32m  OK  [0m] Mounted POSIX Message Queue File System.
[    4.952595] systemd[1]: Mounted Huge Pages File System.
[[0;32m  OK  [0m] Mounted Huge Pages File System.
[    4.958411] systemd[1]: Started Journal Service.
[[0;32m  OK  [0m] Started Journal Service.
[[0;32m  OK  [0m] Started Load Kernel Modules.
[[0;32m  OK  [0m] Started Create list of required sta...ce nodes for the current kernel.
[[0;32m  OK  [0m] Started Set console keymap.
[[0;32m  OK  [0m] Started Remount Root and Kernel File Systems.
[[0;32m  OK  [0m] Started Uncomplicated firewall.
[[0;32m  OK  [0m] Started Nameserver information manager.
[[0;32m  OK  [0m] Started LVM2 metadata daemon.
         Starting Load/Save Random Seed...
         Starting udev Coldplug all Devices...
         Starting Create Static Device Nodes in /dev...
         Mounting FUSE Control File System...
         Starting Apply Kernel Variables...
         Starting Flush Journal to Persistent Storage...
[[0;32m  OK  [0m] Started Load/Save Random Seed.
[[0;32m  OK  [0m] Mounted FUSE Control File System.
[[0;32m  OK  [0m] Started Apply Kernel Variables.
[[0;32m  OK  [0m] Started Create Static Device Nodes in /dev.
[[0;32m  OK  [0m] Started udev Coldplug all Devices.
[[0;32m  OK  [0m] Started Flush Journal to Persistent Storage.
         Starting udev Kernel Device Manager...
[[0;32m  OK  [0m] Started Monitoring of LVM2 mirrors,...ng dmeventd or progress polling.
[[0;32m  OK  [0m] Reached target Local File Systems (Pre).
[[0;32m  OK  [0m] Reached target Local File Systems.
         Starting Create Volatile Files and Directories...
         Starting Set console font and keymap...
         Starting Initial cloud-init job (pre-networking)...
         Starting LSB: AppArmor initialization...
         Starting Enable support for additional executable binary formats...
         Starting Tell Plymouth To Write Out Runtime Data...
[[0;32m  OK  [0m] Started udev Kernel Device Manager.
[[0;32m  OK  [0m] Started Create Volatile Files and Directories.
[[0;32m  OK  [0m] Started Tell Plymouth To Write Out Runtime Data.
         Mounting Arbitrary Executable File Formats File System...
         Starting Update UTMP about System Boot/Shutdown...
[[0;32m  OK  [0m] Started Dispatch Password Requests to Console Directory Watch.
[[0;32m  OK  [0m] Mounted Arbitrary Executable File Formats File System.
[[0;32m  OK  [0m] Started LSB: AppArmor initialization.
[[0;32m  OK  [0m] Started Enable support for additional executable binary formats.
[[0;32m  OK  [0m] Started Update UTMP about System Boot/Shutdown.
[[0;32m  OK  [0m] Found device /dev/ttyS0.
[[0;32m  OK  [0m] Listening on Load/Save RF Kill Switch Status /dev/rfkill Watch.
[[0;32m  OK  [0m] Found device 82540EM Gigabit Ethern...r (PRO/1000 MT Desktop Adapter).
[[0;32m  OK  [0m] Found device 82540EM Gigabit Ethern...r (PRO/1000 MT Desktop Adapter).
[[0;32m  OK  [0m] Started Set console font and keymap.
[[0;32m  OK  [0m] Created slice system-getty.slice.
[    5.794244] cloud-init[485]: Cloud-init v. 18.5-45-g3554ffe8-0ubuntu1~16.04.1 running 'init-local' at Sat, 18 May 2019 23:00:05 +0000. Up 5.56 seconds.
[[0;32m  OK  [0m] Started Initial cloud-init job (pre-networking).
[[0;32m  OK  [0m] Reached target Network (Pre).
[[0;32m  OK  [0m] Started ifup for enp0s3.
[[0;32m  OK  [0m] Started ifup for enp0s8.
         Starting Raise network interfaces...
[[0;32m  OK  [0m] Started Raise network interfaces.
[[0;32m  OK  [0m] Reached target Network.
         Starting Initial cloud-init job (metadata service crawler)...
[    6.477495] cloud-init[1058]: Cloud-init v. 18.5-45-g3554ffe8-0ubuntu1~16.04.1 running 'init' at Sat, 18 May 2019 23:00:06 +0000. Up 6.25 seconds.
[    6.481245] cloud-init[1058]: ci-info: ++++++++++++++++++++++++++++++++++++++Net device info+++++++++++++++++++++++++++++++++++++++
[    6.484758] cloud-init[1058]: ci-info: +--------+------+-----------------------------+---------------+--------+-------------------+
[    6.487881] cloud-init[1058]: ci-info: | Device |  Up  |           Address           |      Mask     | Scope  |     Hw-Address    |
[    6.489210] cloud-init[1058]: ci-info: +--------+------+-----------------------------+---------------+--------+-------------------+
[    6.491218] cloud-init[1058]: ci-info: | enp0s3 | True |          10.0.2.15          | 255.255.255.0 | global | 02:11:c2:af:aa:45 |
[    6.493637] cloud-init[1058]: ci-info: | enp0s3 | True |  fe80::11:c2ff:feaf:aa45/64 |       .       |  link  | 02:11:c2:af:aa:45 |
[    6.495361] cloud-init[1058]: ci-info: | enp0s8 | True |          10.1.1.30          | 255.255.255.0 | global | 08:00:27:55:2f:f1 |
[    6.497466] cloud-init[1058]: ci-info: | enp0s8 | True | fe80::a00:27ff:fe55:2ff1/64 |       .       |  link  | 08:00:27:55:2f:f1 |
[    6.500748] cloud-init[1058]: ci-info: |   lo   | True |          127.0.0.1          |   255.0.0.0   |  host  |         .         |
[    6.504559] cloud-init[1058]: ci-info: |   lo   | True |           ::1/128           |       .       |  host  |         .         |
[    6.509786] cloud-init[1058]: ci-info: +--------+------+-----------------------------+---------------+--------+-------------------+
[    6.520941] cloud-init[1058]: ci-info: +++++++++++++++++++++++++++Route IPv4 info++++++++++++++++++++++++++++
[    6.522492] cloud-init[1058]: ci-info: +-------+-------------+----------+---------------+-----------+-------+
[    6.524953] cloud-init[1058]: ci-info: | Route | Destination | Gateway  |    Genmask    | Interface | Flags |
[    6.527266] cloud-init[1058]: ci-info: +-------+-------------+----------+---------------+-----------+-------+
[    6.529028] cloud-init[1058]: ci-info: |   0   |   0.0.0.0   | 10.0.2.2 |    0.0.0.0    |   enp0s3  |   UG  |
[    6.530164] cloud-init[1058]: ci-info: |   1   |   10.0.2.0  | 0.0.0.0  | 255.255.255.0 |   enp0s3  |   U   |
[    6.532708] cloud-init[1058]: ci-info: |   2   |   10.1.1.0  | 0.0.0.0  | 255.255.255.0 |   enp0s8  |   U   |
[    6.535593] cloud-init[1058]: ci-info: +-------+-------------+----------+---------------+-----------+-------+
[    6.538014] cloud-init[1058]: ci-info: +++++++++++++++++++Route IPv6 info+++++++++++++++++++
[    6.539109] cloud-init[1058]: ci-info: +-------+-------------+---------+-----------+-------+
[    6.540327] cloud-init[1058]: ci-info: | Route | Destination | Gateway | Interface | Flags |
[    6.542172] cloud-init[1058]: ci-info: +-------+-------------+---------+-----------+-------+
[    6.543168] cloud-init[1058]: ci-info: |   0   |  fe80::/64  |    ::   |   enp0s8  |   U   |
[    6.544216] cloud-init[1058]: ci-info: |   1   |  fe80::/64  |    ::   |   enp0s3  |   U   |
[    6.545891] cloud-init[1058]: ci-info: |   4   |   ff00::/8  |    ::   |   enp0s8  |   U   |
[    6.548274] cloud-init[1058]: ci-info: |   5   |   ff00::/8  |    ::   |   enp0s3  |   U   |
[    6.550500] cloud-init[1058]: ci-info: +-------+-------------+---------+-----------+-------+
[[0;32m  OK  [0m] Started Initial cloud-init job (metadata service crawler).
[[0;32m  OK  [0m] Reached target Network is Online.
         Starting iSCSI initiator daemon (iscsid)...
[[0;32m  OK  [0m] Reached target Cloud-config availability.
[[0;32m  OK  [0m] Reached target System Initialization.
[[0;32m  OK  [0m] Listening on ACPID Listen Socket.
         Starting LXD - unix socket.
[[0;32m  OK  [0m] Listening on UUID daemon activation socket.
         Starting Socket activation for snappy daemon.
[[0;32m  OK  [0m] Started Daily Cleanup of Temporary Directories.
[[0;32m  OK  [0m] Started ACPI Events Check.
[[0;32m  OK  [0m] Reached target Paths.
[[0;32m  OK  [0m] Listening on D-Bus System Message Bus Socket.
[[0;32m  OK  [0m] Listening on RPCbind Server Activation Socket.
[[0;32m  OK  [0m] Started Daily apt download activities.
[[0;32m  OK  [0m] Started Daily apt upgrade and clean activities.
[[0;32m  OK  [0m] Reached target Timers.
[[0;32m  OK  [0m] Listening on LXD - unix socket.
[[0;32m  OK  [0m] Listening on Socket activation for snappy daemon.
[[0;32m  OK  [0m] Started iSCSI initiator daemon (iscsid).
         Starting Login to default iSCSI targets...
[[0;32m  OK  [0m] Reached target Sockets.
[[0;32m  OK  [0m] Reached target Basic System.
[[0;32m  OK  [0m] Started Unattended Upgrades Shutdown.
[[0;32m  OK  [0m] Started FUSE filesystem for LXC.
         Starting Login Service...
         Starting System Logging Service...
         Starting LXD - container startup/shutdown...
[[0;32m  OK  [0m] Started D-Bus System Message Bus.
         Starting OpenBSD Secure Shell server...
         Starting Snappy daemon...
[[0;32m  OK  [0m] Started Deferred execution scheduler.
[[0;32m  OK  [0m] Started ACPI event daemon.
         Starting Accounts Service...
         Starting LSB: MD monitoring daemon...
         Starting /etc/rc.local Compatibility...
         Starting Virtualbox guest utils...
[[0;32m  OK  [0m] Started Regular background program processing daemon.
         Starting LSB: Record successful boot for GRUB...
[[0;32m  OK  [0m] Started System Logging Service.
[[0;32m  OK  [0m] Started /etc/rc.local Compatibility.
[[0;32m  OK  [0m] Started LXD - container startup/shutdown.
[[0;32m  OK  [0m] Started Login to default iSCSI targets.
[[0;32m  OK  [0m] Started OpenBSD Secure Shell server.
[[0;32m  OK  [0m] Started LSB: MD monitoring daemon.
[[0;32m  OK  [0m] Started LSB: Record successful boot for GRUB.
[[0;32m  OK  [0m] Started Login Service.
         Starting Authenticate and Authorize Users to Run Privileged Tasks...
[[0;32m  OK  [0m] Reached target Remote File Systems (Pre).
[[0;32m  OK  [0m] Reached target Remote File Systems.
         Starting LSB: Start xrdp and sesman daemons...
         Starting LSB: daemon to balance interrupts for SMP systems...
         Starting LSB: automatic crash report generation...
         Starting Permit User Sessions...
         Starting LSB: Set the CPU Frequency Scaling governor to "ondemand"...
[[0;32m  OK  [0m] Started Virtualbox guest utils.
[[0;32m  OK  [0m] Started Snappy daemon.
[[0;32m  OK  [0m] Started Permit User Sessions.
[[0;32m  OK  [0m] Started Authenticate and Authorize Users to Run Privileged Tasks.
         Starting Terminate Plymouth Boot Screen...
         Starting Hold until boot process finishes up...
         Starting Wait until snapd is fully seeded...
[[0;32m  OK  [0m] Started LSB: Set the CPU Frequency Scaling governor to "ondemand".
[[0;32m  OK  [0m] Started Accounts Service.
[[0;32m  OK  [0m] Started Terminate Plymouth Boot Screen.
[[0;32m  OK  [0m] Started Hold until boot process finishes up.
[[0;32m  OK  [0m] Started LSB: daemon to balance interrupts for SMP systems.
[[0;32m  OK  [0m] Started LSB: automatic crash report generation.
[[0;32m  OK  [0m] Started Wait until snapd is fully seeded.
         Starting Apply the settings specified in cloud-config...
         Starting Set console scheme...
[[0;32m  OK  [0m] Started Serial Getty on ttyS0.
[[0;32m  OK  [0m] Started Getty on tty1.
[[0;32m  OK  [0m] Reached target Login Prompts.
[[0;32m  OK  [0m] Started LSB: Start xrdp and sesman daemons.
[[0;32m  OK  [0m] Started Set console scheme.
[[0;32m  OK  [0m] Reached target Multi-User System.
[[0;32m  OK  [0m] Reached target Graphical Interface.
         Starting Update UTMP about System Runlevel Changes...
[[0;32m  OK  [0m] Started Update UTMP about System Runlevel Changes.
[    7.451870] cloud-init[1310]: Cloud-init v. 18.5-45-g3554ffe8-0ubuntu1~16.04.1 running 'modules:config' at Sat, 18 May 2019 23:00:07 +0000. Up 7.36 seconds.
[[0;32m  OK  [0m] Started Apply the settings specified in cloud-config.
         Starting Execute cloud user/final scripts...
[    7.799283] cloud-init[1332]: Cloud-init v. 18.5-45-g3554ffe8-0ubuntu1~16.04.1 running 'modules:final' at Sat, 18 May 2019 23:00:07 +0000. Up 7.71 seconds.
[    7.801951] cloud-init[1332]: Cloud-init v. 18.5-45-g3554ffe8-0ubuntu1~16.04.1 finished at Sat, 18 May 2019 23:00:07 +0000. Datasource DataSourceNoCloud [seed=/dev/sdb][dsmode=net].  Up 7.79 seconds
[[0;32m  OK  [0m] Started Execute cloud user/final scripts.
[[0;32m  OK  [0m] Reached target Cloud-init target.

Ubuntu 16.04.6 LTS ubuntu-xenial ttyS0

ubuntu-xenial login: 