[    0.000000] Initializing cgroup subsys cpuset
[    0.000000] Initializing cgroup subsys cpu
[    0.000000] Initializing cgroup subsys cpuacct
[    0.000000] Linux version 4.4.0-148-generic (buildd@lgw01-amd64-031) (gcc version 5.4.0 20160609 (Ubuntu 5.4.0-6ubuntu1~16.04.10) ) #174-Ubuntu SMP Tue May 7 12:20:14 UTC 2019 (Ubuntu 4.4.0-148.174-generic 4.4.177)
[    0.000000] Command line: BOOT_IMAGE=/boot/vmlinuz-4.4.0-148-generic root=LABEL=cloudimg-rootfs ro console=tty1 console=ttyS0
[    0.000000] KERNEL supported cpus:
[    0.000000]   Intel GenuineIntel
[    0.000000]   AMD AuthenticAMD
[    0.000000]   Centaur CentaurHauls
[    0.000000] x86/fpu: xstate_offset[2]:  576, xstate_sizes[2]:  256
[    0.000000] x86/fpu: Supporting XSAVE feature 0x01: 'x87 floating point registers'
[    0.000000] x86/fpu: Supporting XSAVE feature 0x02: 'SSE registers'
[    0.000000] x86/fpu: Supporting XSAVE feature 0x04: 'AVX registers'
[    0.000000] x86/fpu: Enabled xstate features 0x7, context size is 832 bytes, using 'standard' format.
[    0.000000] e820: BIOS-provided physical RAM map:
[    0.000000] BIOS-e820: [mem 0x0000000000000000-0x000000000009fbff] usable
[    0.000000] BIOS-e820: [mem 0x000000000009fc00-0x000000000009ffff] reserved
[    0.000000] BIOS-e820: [mem 0x00000000000f0000-0x00000000000fffff] reserved
[    0.000000] BIOS-e820: [mem 0x0000000000100000-0x000000001ffeffff] usable
[    0.000000] BIOS-e820: [mem 0x000000001fff0000-0x000000001fffffff] ACPI data
[    0.000000] BIOS-e820: [mem 0x00000000fec00000-0x00000000fec00fff] reserved
[    0.000000] BIOS-e820: [mem 0x00000000fee00000-0x00000000fee00fff] reserved
[    0.000000] BIOS-e820: [mem 0x00000000fffc0000-0x00000000ffffffff] reserved
[    0.000000] NX (Execute Disable) protection: active
[    0.000000] SMBIOS 2.5 present.
[    0.000000] Hypervisor detected: KVM
[    0.000000] e820: last_pfn = 0x1fff0 max_arch_pfn = 0x400000000
[    0.000000] MTRR: Disabled
[    0.000000] x86/PAT: MTRRs disabled, skipping PAT initialization too.
[    0.000000] CPU MTRRs all blank - virtualized system.
[    0.000000] x86/PAT: Configuration [0-7]: WB  WT  UC- UC  WB  WT  UC- UC  
[    0.000000] found SMP MP-table at [mem 0x0009fff0-0x0009ffff] mapped at [ffff88000009fff0]
[    0.000000] Scanning 1 areas for low memory corruption
[    0.000000] RAMDISK: [mem 0x1e8b5000-0x1f72ffff]
[    0.000000] ACPI: Early table checksum verification disabled
[    0.000000] ACPI: RSDP 0x00000000000E0000 000024 (v02 VBOX  )
[    0.000000] ACPI: XSDT 0x000000001FFF0030 00003C (v01 VBOX   VBOXXSDT 00000001 ASL  00000061)
[    0.000000] ACPI: FACP 0x000000001FFF00F0 0000F4 (v04 VBOX   VBOXFACP 00000001 ASL  00000061)
[    0.000000] ACPI: DSDT 0x000000001FFF0470 0022EA (v02 VBOX   VBOXBIOS 00000002 INTL 20100528)
[    0.000000] ACPI: FACS 0x000000001FFF0200 000040
[    0.000000] ACPI: FACS 0x000000001FFF0200 000040
[    0.000000] ACPI: APIC 0x000000001FFF0240 00005C (v02 VBOX   VBOXAPIC 00000001 ASL  00000061)
[    0.000000] ACPI: SSDT 0x000000001FFF02A0 0001CC (v01 VBOX   VBOXCPUT 00000002 INTL 20100528)
[    0.000000] No NUMA configuration found
[    0.000000] Faking a node at [mem 0x0000000000000000-0x000000001ffeffff]
[    0.000000] NODE_DATA(0) allocated [mem 0x1ffeb000-0x1ffeffff]
[    0.000000] kvm-clock: Using msrs 4b564d01 and 4b564d00
[    0.000000] kvm-clock: cpu 0, msr 0:1ffe3001, primary cpu clock
[    0.000000] kvm-clock: using sched offset of 3818284054 cycles
[    0.000000] clocksource: kvm-clock: mask: 0xffffffffffffffff max_cycles: 0x1cd42e4dffb, max_idle_ns: 881590591483 ns
[    0.000000] Zone ranges:
[    0.000000]   DMA      [mem 0x0000000000001000-0x0000000000ffffff]
[    0.000000]   DMA32    [mem 0x0000000001000000-0x000000001ffeffff]
[    0.000000]   Normal   empty
[    0.000000]   Device   empty
[    0.000000] Movable zone start for each node
[    0.000000] Early memory node ranges
[    0.000000]   node   0: [mem 0x0000000000001000-0x000000000009efff]
[    0.000000]   node   0: [mem 0x0000000000100000-0x000000001ffeffff]
[    0.000000] Initmem setup node 0 [mem 0x0000000000001000-0x000000001ffeffff]
[    0.000000] ACPI: PM-Timer IO Port: 0x4008
[    0.000000] IOAPIC[0]: apic_id 2, version 32, address 0xfec00000, GSI 0-23
[    0.000000] ACPI: INT_SRC_OVR (bus 0 bus_irq 0 global_irq 2 dfl dfl)
[    0.000000] ACPI: INT_SRC_OVR (bus 0 bus_irq 9 global_irq 9 low level)
[    0.000000] Using ACPI (MADT) for SMP configuration information
[    0.000000] smpboot: Allowing 2 CPUs, 0 hotplug CPUs
[    0.000000] PM: Registered nosave memory: [mem 0x00000000-0x00000fff]
[    0.000000] PM: Registered nosave memory: [mem 0x0009f000-0x0009ffff]
[    0.000000] PM: Registered nosave memory: [mem 0x000a0000-0x000effff]
[    0.000000] PM: Registered nosave memory: [mem 0x000f0000-0x000fffff]
[    0.000000] e820: [mem 0x20000000-0xfebfffff] available for PCI devices
[    0.000000] Booting paravirtualized kernel on KVM
[    0.000000] clocksource: refined-jiffies: mask: 0xffffffff max_cycles: 0xffffffff, max_idle_ns: 7645519600211568 ns
[    0.000000] setup_percpu: NR_CPUS:512 nr_cpumask_bits:512 nr_cpu_ids:2 nr_node_ids:1
[    0.000000] PERCPU: Embedded 34 pages/cpu @ffff88001fc00000 s99480 r8192 d31592 u1048576
[    0.000000] Built 1 zonelists in Node order, mobility grouping on.  Total pages: 128888
[    0.000000] Policy zone: DMA32
[    0.000000] Kernel command line: BOOT_IMAGE=/boot/vmlinuz-4.4.0-148-generic root=LABEL=cloudimg-rootfs ro console=tty1 console=ttyS0
[    0.000000] PID hash table entries: 2048 (order: 2, 16384 bytes)
[    0.000000] Memory: 481652K/523832K available (8609K kernel code, 1334K rwdata, 4028K rodata, 1484K init, 1284K bss, 42180K reserved, 0K cma-reserved)
[    0.000000] SLUB: HWalign=64, Order=0-3, MinObjects=0, CPUs=2, Nodes=1
[    0.000000] Kernel/User page tables isolation: enabled
[    0.000000] Hierarchical RCU implementation.
[    0.000000] 	Build-time adjustment of leaf fanout to 64.
[    0.000000] 	RCU restricting CPUs from NR_CPUS=512 to nr_cpu_ids=2.
[    0.000000] RCU: Adjusting geometry for rcu_fanout_leaf=64, nr_cpu_ids=2
[    0.000000] NR_IRQS:33024 nr_irqs:440 16
[    0.000000] Console: colour VGA+ 80x25
[    0.000000] console [tty1] enabled
[    0.000000] console [ttyS0] enabled
[    0.000000] tsc: Detected 2304.000 MHz processor
[    0.191667] Calibrating delay loop (skipped) preset value.. 4608.00 BogoMIPS (lpj=9216000)
[    0.193557] pid_max: default: 32768 minimum: 301
[    0.194590] ACPI: Core revision 20150930
[    0.196447] ACPI: 2 ACPI AML tables successfully acquired and loaded
[    0.198269] Security Framework initialized
[    0.199670] Yama: becoming mindful.
[    0.200514] AppArmor: AppArmor initialized
[    0.201889] Dentry cache hash table entries: 65536 (order: 7, 524288 bytes)
[    0.204399] Inode-cache hash table entries: 32768 (order: 6, 262144 bytes)
[    0.206956] Mount-cache hash table entries: 1024 (order: 1, 8192 bytes)
[    0.209063] Mountpoint-cache hash table entries: 1024 (order: 1, 8192 bytes)
[    0.211052] Initializing cgroup subsys io
[    0.212026] Initializing cgroup subsys memory
[    0.213015] Initializing cgroup subsys devices
[    0.214332] Initializing cgroup subsys freezer
[    0.215556] Initializing cgroup subsys net_cls
[    0.216807] Initializing cgroup subsys perf_event
[    0.218583] Initializing cgroup subsys net_prio
[    0.219944] Initializing cgroup subsys hugetlb
[    0.221247] Initializing cgroup subsys pids
[    0.224121] mce: CPU supports 0 MCE banks
[    0.225332] Last level iTLB entries: 4KB 64, 2MB 8, 4MB 8
[    0.226966] Last level dTLB entries: 4KB 64, 2MB 0, 4MB 0, 1GB 4
[    0.229222] Spectre V2 : Mitigation: Full generic retpoline
[    0.230815] Spectre V2 : Spectre v2 / SpectreRSB mitigation: Filling RSB on context switch
[    0.233296] Speculative Store Bypass: Vulnerable
[    0.235175] MDS: Vulnerable: Clear CPU buffers attempted, no microcode
[    0.239184] Freeing SMP alternatives memory: 36K
[    0.245792] ftrace: allocating 32293 entries in 127 pages
[    0.299486] smpboot: APIC(0) Converting physical 0 to logical package 0
[    0.301536] smpboot: Max logical packages: 1
[    0.303781] x2apic enabled
[    0.305349] Switched APIC routing to physical x2apic.
[    0.308369] ..TIMER: vector=0x30 apic1=0 pin1=2 apic2=-1 pin2=-1
[    0.415179] smpboot: CPU0: Intel(R) Core(TM) i5-7360U CPU @ 2.30GHz (family: 0x6, model: 0x8e, stepping: 0x9)
[    0.418252] Performance Events: unsupported p6 CPU model 142 no PMU driver, software events only.
[    0.429556] KVM setup paravirtual spinlock
[    0.431611] x86: Booting SMP configuration:
[    0.432614] .... node  #0, CPUs:      #1
[    0.433624] kvm-clock: cpu 1, msr 0:1ffe3041, secondary cpu clock
[    0.436349] mce: CPU supports 0 MCE banks
[    0.439031] x86: Booted up 1 node, 2 CPUs
[    0.440494] smpboot: Total of 2 processors activated (9216.00 BogoMIPS)
[    0.443953] devtmpfs: initialized
[    0.446297] evm: security.selinux
[    0.447158] evm: security.SMACK64
[    0.448299] evm: security.SMACK64EXEC
[    0.449183] evm: security.SMACK64TRANSMUTE
[    0.450125] evm: security.SMACK64MMAP
[    0.451054] evm: security.ima
[    0.451883] evm: security.capability
[    0.452875] clocksource: jiffies: mask: 0xffffffff max_cycles: 0xffffffff, max_idle_ns: 7645041785100000 ns
[    0.455082] futex hash table entries: 512 (order: 3, 32768 bytes)
[    0.456496] pinctrl core: initialized pinctrl subsystem
[    0.457763] RTC time:  5:40:38, date: 06/26/19
[    0.458972] NET: Registered protocol family 16
[    0.472192] cpuidle: using governor ladder
[    0.487770] cpuidle: using governor menu
[    0.489453] PCCT header not found.
[    0.490874] ACPI: bus type PCI registered
[    0.491965] acpiphp: ACPI Hot Plug PCI Controller Driver version: 0.5
[    0.493690] PCI: Using configuration type 1 for base access
[    0.507588] ACPI: Added _OSI(Module Device)
[    0.509200] ACPI: Added _OSI(Processor Device)
[    0.510372] ACPI: Added _OSI(3.0 _SCP Extensions)
[    0.511694] ACPI: Added _OSI(Processor Aggregator Device)
[    0.513878] ACPI: Executed 1 blocks of module-level executable AML code
[    0.518148] ACPI: Interpreter enabled
[    0.519470] ACPI: (supports S0 S5)
[    0.520565] ACPI: Using IOAPIC for interrupt routing
[    0.521792] PCI: Using host bridge windows from ACPI; if necessary, use "pci=nocrs" and report a bug
[    0.527746] ACPI: PCI Root Bridge [PCI0] (domain 0000 [bus 00-ff])
[    0.529574] acpi PNP0A03:00: _OSC: OS supports [ASPM ClockPM Segments MSI]
[    0.531326] acpi PNP0A03:00: _OSC: not requesting OS control; OS requires [ExtendedConfig ASPM ClockPM MSI]
[    0.533446] acpi PNP0A03:00: fail to add MMCONFIG information, can't access extended PCI configuration space under this bridge.
[    0.536365] PCI host bridge to bus 0000:00
[    0.537313] pci_bus 0000:00: root bus resource [io  0x0000-0x0cf7 window]
[    0.538750] pci_bus 0000:00: root bus resource [io  0x0d00-0xffff window]
[    0.540212] pci_bus 0000:00: root bus resource [mem 0x000a0000-0x000bffff window]
[    0.541910] pci_bus 0000:00: root bus resource [mem 0x20000000-0xfdffffff window]
[    0.543671] pci_bus 0000:00: root bus resource [bus 00-ff]
[    0.548000] pci 0000:00:01.1: legacy IDE quirk: reg 0x10: [io  0x01f0-0x01f7]
[    0.549779] pci 0000:00:01.1: legacy IDE quirk: reg 0x14: [io  0x03f6]
[    0.551224] pci 0000:00:01.1: legacy IDE quirk: reg 0x18: [io  0x0170-0x0177]
[    0.552706] pci 0000:00:01.1: legacy IDE quirk: reg 0x1c: [io  0x0376]
[    0.564789] pci 0000:00:07.0: quirk: [io  0x4000-0x403f] claimed by PIIX4 ACPI
[    0.574917] pci 0000:00:07.0: quirk: [io  0x4100-0x410f] claimed by PIIX4 SMB
[    0.585714] ACPI: PCI Interrupt Link [LNKA] (IRQs 5 9 10 *11)
[    0.587942] ACPI: PCI Interrupt Link [LNKB] (IRQs 5 9 *10 11)
[    0.589651] ACPI: PCI Interrupt Link [LNKC] (IRQs 5 *9 10 11)
[    0.591336] ACPI: PCI Interrupt Link [LNKD] (IRQs 5 9 10 *11)
[    0.593005] ACPI: Enabled 2 GPEs in block 00 to 07
[    0.594833] vgaarb: setting as boot device: PCI:0000:00:02.0
[    0.596325] vgaarb: device added: PCI:0000:00:02.0,decodes=io+mem,owns=io+mem,locks=none
[    0.598413] vgaarb: loaded
[    0.599109] vgaarb: bridge control possible 0000:00:02.0
[    0.600474] SCSI subsystem initialized
[    0.601566] ACPI: bus type USB registered
[    0.602555] usbcore: registered new interface driver usbfs
[    0.603747] usbcore: registered new interface driver hub
[    0.604915] usbcore: registered new device driver usb
[    0.606314] PCI: Using ACPI for IRQ routing
[    0.607650] NetLabel: Initializing
[    0.608470] NetLabel:  domain hash size = 128
[    0.609455] NetLabel:  protocols = UNLABELED CIPSOv4
[    0.611104] NetLabel:  unlabeled traffic allowed by default
[    0.612579] amd_nb: Cannot enumerate AMD northbridges
[    0.613945] clocksource: Switched to clocksource kvm-clock
[    0.621126] AppArmor: AppArmor Filesystem Enabled
[    0.622709] pnp: PnP ACPI init
[    0.624533] pnp: PnP ACPI: found 3 devices
[    0.634204] clocksource: acpi_pm: mask: 0xffffff max_cycles: 0xffffff, max_idle_ns: 2085701024 ns
[    0.636644] NET: Registered protocol family 2
[    0.637800] TCP established hash table entries: 4096 (order: 3, 32768 bytes)
[    0.640079] TCP bind hash table entries: 4096 (order: 4, 65536 bytes)
[    0.641445] TCP: Hash tables configured (established 4096 bind 4096)
[    0.642838] UDP hash table entries: 256 (order: 1, 8192 bytes)
[    0.644087] UDP-Lite hash table entries: 256 (order: 1, 8192 bytes)
[    0.645440] NET: Registered protocol family 1
[    0.646461] pci 0000:00:00.0: Limiting direct PCI/PCI transfers
[    0.647757] pci 0000:00:01.0: Activating ISA DMA hang workarounds
[    0.650679] Unpacking initramfs...
[    0.870477] Freeing initrd memory: 14828K
[    0.871879] clocksource: tsc: mask: 0xffffffffffffffff max_cycles: 0x2135f7c97c8, max_idle_ns: 440795273205 ns
[    0.874881] platform rtc_cmos: registered platform RTC device (no PNP device found)
[    0.877236] Scanning for low memory corruption every 60 seconds
[    0.879514] audit: initializing netlink subsys (disabled)
[    0.880824] audit: type=2000 audit(1561527643.761:1): initialized
[    0.882399] Initialise system trusted keyring
[    0.883985] HugeTLB registered 2 MB page size, pre-allocated 0 pages
[    0.886596] zbud: loaded
[    0.887847] VFS: Disk quotas dquot_6.6.0
[    0.888837] VFS: Dquot-cache hash table entries: 512 (order 0, 4096 bytes)
[    0.891113] squashfs: version 4.0 (2009/01/31) Phillip Lougher
[    0.892806] fuse init (API version 7.23)
[    0.893891] Key type big_key registered
[    0.895017] Allocating IMA MOK and blacklist keyrings.
[    0.900628] Key type asymmetric registered
[    0.902065] Asymmetric key parser 'x509' registered
[    0.903625] Block layer SCSI generic (bsg) driver version 0.4 loaded (major 249)
[    0.906000] io scheduler noop registered
[    0.907091] io scheduler deadline registered (default)
[    0.908423] io scheduler cfq registered
[    0.909536] pci_hotplug: PCI Hot Plug PCI Core version: 0.5
[    0.910888] pciehp: PCI Express Hot Plug Controller Driver version: 0.4
[    0.912639] ACPI: AC Adapter [AC] (off-line)
[    0.913727] input: Power Button as /devices/LNXSYSTM:00/LNXPWRBN:00/input/input0
[    0.915575] ACPI: Power Button [PWRF]
[    0.916562] input: Sleep Button as /devices/LNXSYSTM:00/LNXSLPBN:00/input/input1
[    0.918368] ACPI: Sleep Button [SLPF]
[    0.920686] ACPI: Battery Slot [BAT0] (battery present)
[    0.922249] GHES: HEST is not enabled!
[    0.923851] Serial: 8250/16550 driver, 32 ports, IRQ sharing enabled
[    0.946402] 00:02: ttyS0 at I/O 0x3f8 (irq = 4, base_baud = 115200) is a 16550A
[    0.949483] Linux agpgart interface v0.103
[    0.952235] loop: module loaded
[    0.953802] scsi host0: ata_piix
[    0.955079] scsi host1: ata_piix
[    0.956214] ata1: PATA max UDMA/33 cmd 0x1f0 ctl 0x3f6 bmdma 0xd000 irq 14
[    0.958059] ata2: PATA max UDMA/33 cmd 0x170 ctl 0x376 bmdma 0xd008 irq 15
[    0.960142] libphy: Fixed MDIO Bus: probed
[    0.961297] tun: Universal TUN/TAP device driver, 1.6
[    0.962669] tun: (C) 1999-2004 Max Krasnyansky <maxk@qualcomm.com>
[    0.964621] PPP generic driver version 2.4.2
[    0.965878] ehci_hcd: USB 2.0 'Enhanced' Host Controller (EHCI) Driver
[    0.967400] ehci-pci: EHCI PCI platform driver
[    0.968576] ehci-platform: EHCI generic platform driver
[    0.969983] ohci_hcd: USB 1.1 'Open' Host Controller (OHCI) Driver
[    0.971386] ohci-pci: OHCI PCI platform driver
[    0.972419] ohci-platform: OHCI generic platform driver
[    0.973573] uhci_hcd: USB Universal Host Controller Interface driver
[    0.975055] i8042: PNP: PS/2 Controller [PNP0303:PS2K,PNP0f03:PS2M] at 0x60,0x64 irq 1,12
[    0.977408] serio: i8042 KBD port at 0x60,0x64 irq 1
[    0.978981] serio: i8042 AUX port at 0x60,0x64 irq 12
[    0.980596] mousedev: PS/2 mouse device common for all mice
[    0.982777] rtc_cmos rtc_cmos: rtc core: registered rtc_cmos as rtc0
[    0.984215] rtc_cmos rtc_cmos: alarms up to one day, 114 bytes nvram
[    0.985669] i2c /dev entries driver
[    0.986635] input: AT Translated Set 2 keyboard as /devices/platform/i8042/serio0/input/input2
[    0.989268] device-mapper: uevent: version 1.0.3
[    0.990769] device-mapper: ioctl: 4.34.0-ioctl (2015-10-28) initialised: dm-devel@redhat.com
[    0.993278] ledtrig-cpu: registered to indicate activity on CPUs
[    0.995422] NET: Registered protocol family 10
[    0.996962] NET: Registered protocol family 17
[    0.998384] Key type dns_resolver registered
[    0.999922] registered taskstats version 1
[    1.001297] Loading compiled-in X.509 certificates
[    1.003251] Loaded X.509 cert 'Build time autogenerated kernel key: 5103689f9da3e841c6100f8bb032b132cf76e38d'
[    1.006162] zswap: loaded using pool lzo/zbud
[    1.009144] Key type trusted registered
[    1.013098] Key type encrypted registered
[    1.014395] AppArmor: AppArmor sha1 policy hashing enabled
[    1.015989] ima: No TPM chip found, activating TPM-bypass!
[    1.017589] ima: Allocated hash algorithm: sha1
[    1.019036] evm: HMAC attrs: 0x1
[    1.020662]   Magic number: 7:614:669
[    1.021684] rtc_cmos rtc_cmos: setting system clock to 2019-06-26 05:40:38 UTC (1561527638)
[    1.023964] BIOS EDD facility v0.16 2004-Jun-25, 0 devices found
[    1.025292] EDD information not available.
[    1.115203] Freeing unused kernel memory: 1484K
[    1.116580] Write protecting the kernel read-only data: 14336k
[    1.119192] Freeing unused kernel memory: 1620K
[    1.121084] Freeing unused kernel memory: 68K
Loading, please wait...
starting version[    1.139686] random: systemd-udevd: uninitialized urandom read (16 bytes read, 3 bits of entropy available)
 229
[    1.143136] random: udevadm: uninitialized urandom read (16 bytes read, 3 bits of entropy available)
[    1.143168] random: udevadm: uninitialized urandom read (16 bytes read, 3 bits of entropy available)
[    1.154509] random: udevadm: uninitialized urandom read (16 bytes read, 3 bits of entropy available)
[    1.154557] random: udevadm: uninitialized urandom read (16 bytes read, 3 bits of entropy available)
[    1.154733] random: udevadm: uninitialized urandom read (16 bytes read, 3 bits of entropy available)
[    1.154785] random: udevadm: uninitialized urandom read (16 bytes read, 3 bits of entropy available)
[    1.154839] random: udevadm: uninitialized urandom read (16 bytes read, 3 bits of entropy available)
[    1.154889] random: udevadm: uninitialized urandom read (16 bytes read, 3 bits of entropy available)
[    1.154942] random: udevadm: uninitialized urandom read (16 bytes read, 3 bits of entropy available)
[    1.210206] e1000: Intel(R) PRO/1000 Network Driver - version 7.3.21-k8-NAPI
[    1.213640] e1000: Copyright (c) 1999-2006 Intel Corporation.
[    1.221792] Fusion MPT base driver 3.04.20
[    1.223550] Copyright (c) 1999-2008 LSI Corporation
[    1.249405] AVX2 version of gcm_enc/dec engaged.
[    1.254819] AES CTR mode by8 optimization enabled
[    1.272929] Fusion MPT SPI Host driver 3.04.20
[    1.452712] input: ImExPS/2 Generic Explorer Mouse as /devices/platform/i8042/serio1/input/input4
[    1.652001] e1000 0000:00:03.0 eth0: (PCI:33MHz:32-bit) 02:11:c2:af:aa:45
[    1.654324] e1000 0000:00:03.0 eth0: Intel(R) PRO/1000 Network Connection
[    1.657375] mptbase: ioc0: Initiating bringup
[    1.898586] ioc0: LSI53C1030 A0: Capabilities={Initiator}
[    3.693685] scsi host2: ioc0: LSI53C1030 A0, FwRev=00000000h, Ports=1, MaxQ=256, IRQ=20
[    4.428066] scsi 2:0:0:0: Direct-Access     VBOX     HARDDISK         1.0  PQ: 0 ANSI: 5
[    4.431029] scsi target2:0:0: Beginning Domain Validation
[    4.434352] scsi target2:0:0: Domain Validation skipping write tests
[    4.436121] scsi target2:0:0: Ending Domain Validation
[    4.437452] scsi target2:0:0: asynchronous
[    4.439213] scsi 2:0:1:0: Direct-Access     VBOX     HARDDISK         1.0  PQ: 0 ANSI: 5
[    4.441049] scsi target2:0:1: Beginning Domain Validation
[    4.443895] scsi target2:0:1: Domain Validation skipping write tests
[    4.445302] scsi target2:0:1: Ending Domain Validation
[    4.446555] scsi target2:0:1: asynchronous
[    4.452623] sd 2:0:0:0: Attached scsi generic sg0 type 0
[    4.454088] sd 2:0:0:0: [sda] 20971520 512-byte logical blocks: (10.7 GB/10.0 GiB)
[    4.464095] sd 2:0:1:0: [sdb] 20480 512-byte logical blocks: (10.5 MB/10.0 MiB)
[    4.467582] sd 2:0:1:0: Attached scsi generic sg1 type 0
[    4.469183] sd 2:0:1:0: [sdb] Write Protect is off
[    4.470811] sd 2:0:1:0: [sdb] Incomplete mode parameter data
[    4.472128] sd 2:0:1:0: [sdb] Assuming drive cache: write through
[    4.477043] sd 2:0:1:0: [sdb] Attached SCSI disk
[    4.482074] sd 2:0:0:0: [sda] Write Protect is off
[    4.483740] sd 2:0:0:0: [sda] Incomplete mode parameter data
[    4.485684] sd 2:0:0:0: [sda] Assuming drive cache: write through
[    4.496170]  sda: sda1
[    4.497888] sd 2:0:0:0: [sda] Attached SCSI disk
[    4.825404] e1000 0000:00:08.0 eth1: (PCI:33MHz:32-bit) 08:00:27:16:8d:18
[    4.827750] e1000 0000:00:08.0 eth1: Intel(R) PRO/1000 Network Connection
[    4.830760] e1000 0000:00:03.0 enp0s3: renamed from eth0
[    4.839057] e1000 0000:00:08.0 enp0s8: renamed from eth1
Begin: Loading essential drivers ... [    6.122765] md: linear personality registered for level -1
[    6.126815] md: multipath personality registered for level -4
[    6.131149] md: raid0 personality registered for level 0
[    6.136603] md: raid1 personality registered for level 1
[    6.210331] raid6: sse2x1   gen() 12263 MB/s
[    6.278078] raid6: sse2x1   xor()  6283 MB/s
[    6.347288] raid6: sse2x2   gen() 12809 MB/s
[    6.415096] raid6: sse2x2   xor()  9924 MB/s
[    6.487486] raid6: sse2x4   gen() 17446 MB/s
[    6.554356] raid6: sse2x4   xor() 11464 MB/s
[    6.622444] raid6: avx2x1   gen() 23684 MB/s
[    6.690219] raid6: avx2x2   gen() 27906 MB/s
[    6.761263] raid6: avx2x4   gen() 32517 MB/s
[    6.762754] raid6: using algorithm avx2x4 gen() 32517 MB/s
[    6.764050] raid6: using avx2x2 recovery algorithm
[    6.766417] xor: automatically using best checksumming function:
[    6.806123]    avx       : 25755.000 MB/sec
[    6.808719] async_tx: api initialized (async)
[    6.820075] md: raid6 personality registered for level 6
[    6.821727] md: raid5 personality registered for level 5
[    6.823118] md: raid4 personality registered for level 4
[    6.830240] md: raid10 personality registered for level 10
done.
Begin: Running /scripts/init-premount ... done.
Begin: Mounting root file system ... Begin: Running /scripts/local-top ... done.
Begin: Running /scripts/local-premount ... [    6.855811] Btrfs loaded
Scanning for Btrfs filesystems
done.
Warning: fsck not present, so skipping root file system
[    6.894179] EXT4-fs (sda1): mounted filesystem with ordered data mode. Opts: (null)
done.
Begin: Running /scripts/local-bottom ... done.
Begin: Running /scripts/init-bottom ... done.
[    6.960161] systemd[1]: systemd 229 running in system mode. (+PAM +AUDIT +SELINUX +IMA +APPARMOR +SMACK +SYSVINIT +UTMP +LIBCRYPTSETUP +GCRYPT +GNUTLS +ACL +XZ -LZ4 +SECCOMP +BLKID +ELFUTILS +KMOD -IDN)
[    6.964163] systemd[1]: Detected virtualization oracle.
[    6.965338] systemd[1]: Detected architecture x86-64.

Welcome to [1mUbuntu 16.04.6 LTS[0m!

[    6.968835] systemd[1]: Set hostname to <ubuntu>.
[    6.971699] systemd[1]: Initializing machine ID from random generator.
[    6.973132] systemd[1]: Installed transient /etc/machine-id file.
[    7.067670] systemd[1]: Reached target System Time Synchronized.
[[0;32m  OK  [0m] Reached target System Time Synchronized.
[    7.070121] systemd[1]: Reached target Swap.
[[0;32m  OK  [0m] Reached target Swap.
[    7.072052] systemd[1]: Started Forward Password Requests to Wall Directory Watch.
[[0;32m  OK  [0m] Started Forward Password Requests to Wall Directory Watch.
[    7.075127] systemd[1]: Created slice User and Session Slice.
[[0;32m  OK  [0m] Created slice User and Session Slice.
[    7.077944] systemd[1]: Listening on udev Kernel Socket.
[[0;32m  OK  [0m] Listening on udev Kernel Socket.
[    7.080141] systemd[1]: Listening on /dev/initctl Compatibility Named Pipe.
[[0;32m  OK  [0m] Listening on /dev/initctl Compatibility Named Pipe.
[    7.084346] systemd[1]: Listening on Journal Socket (/dev/log).
[[0;32m  OK  [0m] Listening on Journal Socket (/dev/log).
[    7.088442] systemd[1]: Set up automount Arbitrary Executable File Formats File System Automount Point.
[[0;32m  OK  [0m] Set up automount Arbitrary Executab...ats File System Automount Point.
[    7.092695] systemd[1]: Listening on Journal Audit Socket.
[[0;32m  OK  [0m] Listening on Journal Audit Socket.
[    7.094980] systemd[1]: Listening on LVM2 metadata daemon socket.
[[0;32m  OK  [0m] Listening on LVM2 metadata daemon socket.
[    7.097809] systemd[1]: Created slice System Slice.
[[0;32m  OK  [0m] Created slice System Slice.
[    7.099985] systemd[1]: Created slice system-serial\x2dgetty.slice.
[[0;32m  OK  [0m] Created slice system-serial\x2dgetty.slice.
[    7.110999] systemd[1]: Reached target Slices.
[[0;32m  OK  [0m] Reached target Slices.
[    7.114868] systemd[1]: Reached target Encrypted Volumes.
[[0;32m  OK  [0m] Reached target Encrypted Volumes.
[    7.118613] systemd[1]: Reached target User and Group Name Lookups.
[[0;32m  OK  [0m] Reached target User and Group Name Lookups.
[    7.126899] systemd[1]: Listening on udev Control Socket.
[[0;32m  OK  [0m] Listening on udev Control Socket.
[    7.131172] systemd[1]: Listening on Journal Socket.
[[0;32m  OK  [0m] Listening on Journal Socket.
[    7.146830] systemd[1]: Starting Uncomplicated firewall...
         Starting Uncomplicated firewall...
[    7.155922] systemd[1]: Starting Load Kernel Modules...
         Starting Load Kernel Modules...
[    7.161073] systemd[1]: Starting Nameserver information manager...
         Starting Nameserver information manager...
[    7.167008] systemd[1]: Mounting Huge Pages File System...
[    7.168743] Loading iSCSI transport class v2.0-870.
         Mounting Huge Pages File System...
[    7.171854] systemd[1]: Starting Create list of required static device nodes for the current kernel...
         Starting Create list of required st... nodes for the current kernel...
[    7.178091] iscsi: registered transport (tcp)
[    7.179922] systemd[1]: Mounting POSIX Message Queue File System...
         Mounting POSIX Message Queue File System...
[    7.184835] systemd[1]: Starting Remount Root and Kernel File Systems...
         Starting Remount Root and Kernel File Systems...
[    7.188697] EXT4-fs (sda1): re-mounted. Opts: (null)
[    7.198706] systemd[1]: Starting Set console keymap...
         Starting Set console keymap...
[    7.202420] systemd[1]: Mounting Debug File System...
         Mounting Debug File System...
[    7.205159] systemd[1]: Started Trigger resolvconf update for networkd DNS.
[[0;32m  OK  [0m] Started Trigger resolvconf update for networkd DNS.
[    7.218266] systemd[1]: Listening on Syslog Socket.
[[0;32m  OK  [0m] Listening on Syslog Socket.
[    7.221118] systemd[1]: Starting Journal Service...
         Starting Journal Service...
[    7.225726] systemd[1]: Listening on Device-mapper event daemon FIFOs.
[[0;32m  OK  [0m] Listening on Device-mapper event daemon FIFOs.
[    7.230077] iscsi: registered transport (iser)
[    7.232176] systemd[1]: Starting Monitoring of LVM2 mirrors, snapshots etc. using dmeventd or progress polling...
         Starting Monitoring of LVM2 mirrors... dmeventd or progress polling...
[    7.239834] systemd[1]: Listening on LVM2 poll daemon socket.
[[0;32m  OK  [0m] Listening on LVM2 poll daemon socket.
[    7.244624] systemd[1]: Mounted Debug File System.
[[0;32m  OK  [0m] Mounted Debug File System.
[    7.248582] systemd[1]: Mounted POSIX Message Queue File System.
[[0;32m  OK  [0m] Mounted POSIX Message Queue File System.
[    7.252435] systemd[1]: Mounted Huge Pages File System.
[[0;32m  OK  [0m] Mounted Huge Pages File System.
[    7.255667] systemd[1]: Started Journal Service.
[[0;32m  OK  [0m] Started Journal Service.
[[0;32m  OK  [0m] Started Uncomplicated firewall.
[[0;32m  OK  [0m] Started Load Kernel Modules.
[[0;32m  OK  [0m] Started Create list of required sta...ce nodes for the current kernel.
[[0;32m  OK  [0m] Started Remount Root and Kernel File Systems.
[[0;32m  OK  [0m] Started Set console keymap.
[[0;32m  OK  [0m] Started Nameserver information manager.
[[0;32m  OK  [0m] Started LVM2 metadata daemon.
         Starting Load/Save Random Seed...
         Starting udev Coldplug all Devices...
         Starting Create Static Device Nodes in /dev...
         Mounting FUSE Control File System...
         Starting Apply Kernel Variables...
         Starting Flush Journal to Persistent Storage...
[[0;32m  OK  [0m] Mounted FUSE Control File System.
[[0;32m  OK  [0m] Started Load/Save Random Seed.
[[0;32m  OK  [0m] Started Apply Kernel Variables.
[[0;32m  OK  [0m] Started Create Static Device Nodes in /dev.
[[0;32m  OK  [0m] Started udev Coldplug all Devices.
[[0;32m  OK  [0m] Started Flush Journal to Persistent Storage.
         Starting udev Kernel Device Manager...
[[0;32m  OK  [0m] Started udev Kernel Device Manager.
[[0;32m  OK  [0m] Started Dispatch Password Requests to Console Directory Watch.
[[0;32m  OK  [0m] Found device /dev/ttyS0.
[[0;32m  OK  [0m] Listening on Load/Save RF Kill Switch Status /dev/rfkill Watch.
[[0;32m  OK  [0m] Started Monitoring of LVM2 mirrors,...ng dmeventd or progress polling.
[[0;32m  OK  [0m] Reached target Local File Systems (Pre).
[[0;32m  OK  [0m] Reached target Local File Systems.
         Starting Tell Plymouth To Write Out Runtime Data...
         Starting Create Volatile Files and Directories...
         Starting Commit a transient machine-id on disk...
         Starting Set console font and keymap...
         Starting Initial cloud-init job (pre-networking)...
         Starting LSB: AppArmor initialization...
[[0;32m  OK  [0m] Started Tell Plymouth To Write Out Runtime Data.
[[0;32m  OK  [0m] Started Create Volatile Files and Directories.
         Starting Update UTMP about System Boot/Shutdown...
[[0;32m  OK  [0m] Started Commit a transient machine-id on disk.
[[0;32m  OK  [0m] Started Update UTMP about System Boot/Shutdown.
[[0;32m  OK  [0m] Started Set console font and keymap.
[[0;32m  OK  [0m] Created slice system-getty.slice.
[    8.607549] cloud-init[615]: Cloud-init v. 18.5-45-g3554ffe8-0ubuntu1~16.04.1 running 'init-local' at Wed, 26 Jun 2019 05:40:46 +0000. Up 8.27 seconds.
[[0;32m  OK  [0m] Started LSB: AppArmor initialization.
[[0;32m  OK  [0m] Started Initial cloud-init job (pre-networking).
[[0;32m  OK  [0m] Reached target Network (Pre).
         Starting Raise network interfaces...
[[0;32m  OK  [0m] Started Raise network interfaces.
         Starting Initial cloud-init job (metadata service crawler)...
[[0;32m  OK  [0m] Reached target Network.
[    9.502268] cloud-init[954]: Cloud-init v. 18.5-45-g3554ffe8-0ubuntu1~16.04.1 running 'init' at Wed, 26 Jun 2019 05:40:46 +0000. Up 9.04 seconds.
[    9.506997] cloud-init[954]: ci-info: ++++++++++++++++++++++++++++++++++++++Net device info+++++++++++++++++++++++++++++++++++++++
[    9.509142] cloud-init[954]: ci-info: +--------+-------+----------------------------+---------------+--------+-------------------+
[    9.510668] cloud-init[954]: ci-info: | Device |   Up  |          Address           |      Mask     | Scope  |     Hw-Address    |
[    9.512446] cloud-init[954]: ci-info: +--------+-------+----------------------------+---------------+--------+-------------------+
[    9.514590] cloud-init[954]: ci-info: | enp0s3 |  True |         10.0.2.15          | 255.255.255.0 | global | 02:11:c2:af:aa:45 |
[    9.516834] cloud-init[954]: ci-info: | enp0s3 |  True | fe80::11:c2ff:feaf:aa45/64 |       .       |  link  | 02:11:c2:af:aa:45 |
[    9.518835] cloud-init[954]: ci-info: | enp0s8 | False |             .              |       .       |   .    | 08:00:27:16:8d:18 |
[    9.520775] cloud-init[954]: ci-info: |   lo   |  True |         127.0.0.1          |   255.0.0.0   |  host  |         .         |
[    9.522768] cloud-init[954]: ci-info: |   lo   |  True |          ::1/128           |       .       |  host  |         .         |
[    9.525117] cloud-init[954]: ci-info: +--------+-------+----------------------------+---------------+--------+-------------------+
[    9.527065] cloud-init[954]: ci-info: +++++++++++++++++++++++++++Route IPv4 info++++++++++++++++++++++++++++
[    9.528887] cloud-init[954]: ci-info: +-------+-------------+----------+---------------+-----------+-------+
[    9.530498] cloud-init[954]: ci-info: | Route | Destination | Gateway  |    Genmask    | Interface | Flags |
[    9.531720] cloud-init[954]: ci-info: +-------+-------------+----------+---------------+-----------+-------+
[    9.533361] cloud-init[954]: ci-info: |   0   |   0.0.0.0   | 10.0.2.2 |    0.0.0.0    |   enp0s3  |   UG  |
[    9.535118] cloud-init[954]: ci-info: |   1   |   10.0.2.0  | 0.0.0.0  | 255.255.255.0 |   enp0s3  |   U   |
[    9.536806] cloud-init[954]: ci-info: +-------+-------------+----------+---------------+-----------+-------+
[    9.544886] cloud-init[954]: ci-info: +++++++++++++++++++Route IPv6 info+++++++++++++++++++
[    9.546370] cloud-init[954]: ci-info: +-------+-------------+---------+-----------+-------+
[    9.547999] cloud-init[954]: ci-info: | Route | Destination | Gateway | Interface | Flags |
[    9.549695] cloud-init[954]: ci-info: +-------+-------------+---------+-----------+-------+
[    9.551320] cloud-init[954]: ci-info: |   0   |  fe80::/64  |    ::   |   enp0s3  |   U   |
[    9.553173] cloud-init[954]: ci-info: |   3   |   ff00::/8  |    ::   |   enp0s3  |   U   |
[    9.554932] cloud-init[954]: ci-info: +-------+-------------+---------+-----------+-------+
[    9.556354] cloud-init[954]: Generating public/private rsa key pair.
[    9.557301] cloud-init[954]: Your identification has been saved in /etc/ssh/ssh_host_rsa_key.
[    9.559071] cloud-init[954]: Your public key has been saved in /etc/ssh/ssh_host_rsa_key.pub.
[    9.560409] cloud-init[954]: The key fingerprint is:
[    9.561551] cloud-init[954]: SHA256:suAZjDjDpyc1CSHR76ArVlNfFxNX1tMh7qZLU9Lxa/0 root@ubuntu-xenial
[    9.563083] cloud-init[954]: The key's randomart image is:
[    9.563936] cloud-init[954]: +---[RSA 2048]----+
[    9.564703] cloud-init[954]: |o+         ..o.++|
[    9.565816] cloud-init[954]: |. o        oo o.o|
[    9.567074] cloud-init[954]: | . .        oo  .|
[    9.568507] cloud-init[954]: |..ooo.   . .o o  |
[    9.569748] cloud-init[954]: |+o.B= o S .. = . |
[    9.570975] cloud-init[954]: |.o++o+ +    =   o|
[    9.572233] cloud-init[954]: | +..+ .    +   o.|
[    9.573738] cloud-init[954]: |o.o       . o . .|
[    9.574970] cloud-init[954]: |o          .    E|
[    9.576217] cloud-init[954]: +----[SHA256]-----+
[    9.577434] cloud-init[954]: Generating public/private dsa key pair.
[    9.579038] cloud-init[954]: Your identification has been saved in /etc/ssh/ssh_host_dsa_key.
[    9.581066] cloud-init[954]: Your public key has been saved in /etc/ssh/ssh_host_dsa_key.pub.
[    9.583097] cloud-init[954]: The key fingerprint is:
[    9.584461] cloud-init[954]: SHA256:SZP4xMI0j4UhdeuwXPiHHsS97K72CCpGBWqC/o+9T6A root@ubuntu-xenial
[    9.586522] cloud-init[954]: The key's randomart image is:
[    9.587940] cloud-init[954]: +---[DSA 1024]----+
[    9.589210] cloud-init[954]: |    ..=oo        |
[    9.590277] cloud-init[954]: |  .  +.@ +       |
[    9.591215] cloud-init[954]: |.. .  B % .      |
[    9.592216] cloud-init[954]: |+.  .. % = .     |
[    9.593054] cloud-init[954]: |+  . .o S +      |
[    9.594147] cloud-init[954]: | .. . .. +       |
[    9.594996] cloud-init[954]: | ..E  ... .      |
[    9.595847] cloud-init[954]: |  o.o....o       |
[    9.596733] cloud-init[954]: | . oo+ooooo      |
[    9.597470] cloud-init[954]: +----[SHA256]-----+
[    9.598639] cloud-init[954]: Generating public/private ecdsa key pair.
[    9.599747] cloud-init[954]: Your identification has been saved in /etc/ssh/ssh_host_ecdsa_key.
[    9.601443] cloud-init[954]: Your public key has been saved in /etc/ssh/ssh_host_ecdsa_key.pub.
[    9.602981] cloud-init[954]: The key fingerprint is:
[    9.604171] cloud-init[954]: SHA256:rAasBUDdy8yyv3m0WezUdkT1MJ1UU5Xkdi2oC42Sa4o root@ubuntu-xenial
[    9.605943] cloud-init[954]: The key's randomart image is:
[    9.606212] cloud-init[954]: +---[ECDSA 256]---+
[    9.607107] cloud-init[954]: |o.. .         **X|
[    9.608157] cloud-init[954]: | . . .       o.==|
[    9.608874] cloud-init[954]: |  . + .     o .o+|
[    9.609746] cloud-init[954]: |   + = o o . ....|
[    9.610634] cloud-init[954]: |    * o S + .    |
[    9.611525] cloud-init[954]: |   + . = = + .   |
[    9.612762] cloud-init[954]: |  . . * * o .    |
[    9.613651] cloud-init[954]: |   . =.+ .       |
[    9.614524] cloud-init[954]: |  E .oo          |
[    9.615407] cloud-init[954]: +----[SHA256]-----+
[    9.616904] cloud-init[954]: Generating public/private ed25519 key pair.
[    9.617780] cloud-init[954]: Your identification has been saved in /etc/ssh/ssh_host_ed25519_key.
[    9.618663] cloud-init[954]: Your public key has been saved in /etc/ssh/ssh_host_ed25519_key.pub.
[[0;32m  OK  [0m] Started Initial cloud-init job (metadata service crawler).
[    9.619490] cloud-init[954]: The key fingerprint is:
[    9.624521] cloud-init[954]: SHA256:nVUC6TQJgvPr4Rfs8awz++T8gN7TvZOyxenT9Tk5h44 root@ubuntu-xenial
[    9.624757] cloud-init[954]: The key's randomart image is:
[    9.625653] cloud-init[954]: +--[ED25519 256]--+
[    9.626535] cloud-init[954]: |     .. ...+. .  |
[    9.627125] cloud-init[954]: |    o  .  =  o   |
[    9.627728] cloud-init[954]: |     o   o ..    |
[    9.629239] cloud-init[954]: |      .  ..o     |
[    9.630228] cloud-init[954]: |       oS o      |
[    9.631102] cloud-init[954]: |      o +.   . ..|
[    9.632028] cloud-init[954]: |     o o.=o. .++=|
[    9.632893] cloud-init[954]: |      o.==+.o+*=+|
[    9.634484] cloud-init[954]: |       .+*=oE++++|
[    9.634736] cloud-init[954]: +----[SHA256]-----+
[[0;32m  OK  [0m] Reached target Network is Online.
         Starting iSCSI initiator daemon (iscsid)...
[[0;32m  OK  [0m] Reached target Cloud-config availability.
[[0;32m  OK  [0m] Reached target System Initialization.
[[0;32m  OK  [0m] Listening on D-Bus System Message Bus Socket.
[[0;32m  OK  [0m] Listening on UUID daemon activation socket.
[[0;32m  OK  [0m] Started Daily Cleanup of Temporary Directories.
         Starting LXD - unix socket.
         Starting Socket activation for snappy daemon.
[[0;32m  OK  [0m] Listening on ACPID Listen Socket.
[[0;32m  OK  [0m] Started Daily apt download activities.
[[0;32m  OK  [0m] Started Daily apt upgrade and clean activities.
[[0;32m  OK  [0m] Reached target Timers.
[[0;32m  OK  [0m] Started ACPI Events Check.
[[0;32m  OK  [0m] Reached target Paths.
[[0;32m  OK  [0m] Listening on LXD - unix socket.
[[0;32m  OK  [0m] Listening on Socket activation for snappy daemon.
[[0;32m  OK  [0m] Started iSCSI initiator daemon (iscsid).
         Starting Login to default iSCSI targets...
[[0;32m  OK  [0m] Reached target Sockets.
[[0;32m  OK  [0m] Reached target Basic System.
         Starting System Logging Service...
         Starting LXD - container startup/shutdown...
         Starting LSB: MD monitoring daemon...
[[0;32m  OK  [0m] Started Regular background program processing daemon.
[[0;32m  OK  [0m] Started D-Bus System Message Bus.
         Starting LSB: Record successful boot for GRUB...
         Starting Pollinate to seed the pseudo random number generator...
[[0;32m  OK  [0m] Started FUSE filesystem for LXC.
         Starting /etc/rc.local Compatibility...
[[0;32m  OK  [0m] Started Unattended Upgrades Shutdown.
[[0;32m  OK  [0m] Started ACPI event daemon.
         Starting Accounts Service...
         Starting Login Service...
[[0;32m  OK  [0m] Started Deferred execution scheduler.
         Starting Virtualbox guest utils...
         Starting Snappy daemon...
[[0;32m  OK  [0m] Started System Logging Service.
[[0;32m  OK  [0m] Started /etc/rc.local Compatibility.
[[0;32m  OK  [0m] Started Login to default iSCSI targets.
[[0;32m  OK  [0m] Reached target Remote File Systems (Pre).
[[0;32m  OK  [0m] Reached target Remote File Systems.
         Starting Permit User Sessions...
         Starting LSB: Set the CPU Frequency Scaling governor to "ondemand"...
         Starting LSB: automatic crash report generation...
         Starting LSB: daemon to balance interrupts for SMP systems...
[[0;32m  OK  [0m] Started LSB: MD monitoring daemon.
[[0;32m  OK  [0m] Started Permit User Sessions.
[[0;32m  OK  [0m] Started Login Service.
[[0;32m  OK  [0m] Started LSB: Record successful boot for GRUB.
         Starting Authenticate and Authorize Users to Run Privileged Tasks...
         Starting Hold until boot process finishes up...
         Starting Terminate Plymouth Boot Screen...
[[0;32m  OK  [0m] Started LSB: Set the CPU Frequency Scaling governor to "ondemand".
[[0;32m  OK  [0m] Started LSB: automatic crash report generation.
[[0;32m  OK  [0m] Started LSB: daemon to balance interrupts for SMP systems.
[[0;32m  OK  [0m] Started LXD - container startup/shutdown.
[[0;32m  OK  [0m] Started Hold until boot process finishes up.
[[0;32m  OK  [0m] Started Terminate Plymouth Boot Screen.
[[0;32m  OK  [0m] Started Authenticate and Authorize Users to Run Privileged Tasks.
[[0;32m  OK  [0m] Started Getty on tty1.
[[0;32m  OK  [0m] Started Serial Getty on ttyS0.
[[0;32m  OK  [0m] Reached target Login Prompts.
         Starting Set console scheme...
[[0;32m  OK  [0m] Started Accounts Service.
[[0;32m  OK  [0m] Started Set console scheme.
[[0;32m  OK  [0m] Started Virtualbox guest utils.
[[0;32m  OK  [0m] Started Snappy daemon.
         Starting Wait until snapd is fully seeded...
[[0;32m  OK  [0m] Started Pollinate to seed the pseudo random number generator.
         Starting OpenBSD Secure Shell server...
[[0;32m  OK  [0m] Started OpenBSD Secure Shell server.
[[0;32m  OK  [0m] Created slice User Slice of vagrant.
         Starting User Manager for UID 1000...
[[0;32m  OK  [0m] Started Session 1 of user vagrant.
[[0;32m  OK  [0m] Started User Manager for UID 1000.
         Stopping User Manager for UID 1000...
[[0;32m  OK  [0m] Stopped User Manager for UID 1000.
[[0;32m  OK  [0m] Removed slice User Slice of vagrant.
[[0;32m  OK  [0m] Created slice User Slice of vagrant.
         Starting User Manager for UID 1000...
[[0;32m  OK  [0m] Started Session 2 of user vagrant.
[[0;32m  OK  [0m] Started User Manager for UID 1000.
[[0;32m  OK  [0m] Started Wait until snapd is fully seeded.
         Starting Apply the settings specified in cloud-config...
[[0;32m  OK  [0m] Reached target Multi-User System.
[[0;32m  OK  [0m] Reached target Graphical Interface.
         Starting Update UTMP about System Runlevel Changes...
[[0;32m  OK  [0m] Started Update UTMP about System Runlevel Changes.
[   14.668329] cloud-init[1557]: Generating locales (this might take a while)...
[   15.948504] cloud-init[1557]:   en_US.UTF-8... done
[   15.950460] cloud-init[1557]: Generation complete.

Ubuntu 16.04.6 LTS ubuntu-xenial ttyS0

ubuntu-xenial login: [   16.444457] cloud-init[1557]: Cloud-init v. 18.5-45-g3554ffe8-0ubuntu1~16.04.1 running 'modules:config' at Wed, 26 Jun 2019 05:40:52 +0000. Up 14.50 seconds.
ci-info: no authorized ssh keys fingerprints found for user ubuntu.
<14>Jun 26 05:40:54 ec2: 
<14>Jun 26 05:40:54 ec2: #############################################################
<14>Jun 26 05:40:54 ec2: -----BEGIN SSH HOST KEY FINGERPRINTS-----
<14>Jun 26 05:40:54 ec2: 1024 SHA256:SZP4xMI0j4UhdeuwXPiHHsS97K72CCpGBWqC/o+9T6A root@ubuntu-xenial (DSA)
<14>Jun 26 05:40:54 ec2: 256 SHA256:rAasBUDdy8yyv3m0WezUdkT1MJ1UU5Xkdi2oC42Sa4o root@ubuntu-xenial (ECDSA)
<14>Jun 26 05:40:54 ec2: 256 SHA256:nVUC6TQJgvPr4Rfs8awz++T8gN7TvZOyxenT9Tk5h44 root@ubuntu-xenial (ED25519)
<14>Jun 26 05:40:54 ec2: 2048 SHA256:suAZjDjDpyc1CSHR76ArVlNfFxNX1tMh7qZLU9Lxa/0 root@ubuntu-xenial (RSA)
<14>Jun 26 05:40:54 ec2: -----END SSH HOST KEY FINGERPRINTS-----
<14>Jun 26 05:40:54 ec2: #############################################################
-----BEGIN SSH HOST KEY KEYS-----
ecdsa-sha2-nistp256 AAAAE2VjZHNhLXNoYTItbmlzdHAyNTYAAAAIbmlzdHAyNTYAAABBBLlMSLgOh2/LPzgYbEOYvX/vI1ZH27k3vgcLSnFHdrgk7aLc2XK9UkXPtgJPQSzy0zobS4p+TvY/8lpR+52QUdg= root@ubuntu-xenial
ssh-ed25519 AAAAC3NzaC1lZDI1NTE5AAAAIGx1L6DdUiIf4D8HyJ0QzrudQYKXviVdsQIVoi6XC3it root@ubuntu-xenial
ssh-rsa AAAAB3NzaC1yc2EAAAADAQABAAABAQDwUPl+Nhg+zFygkdGbaTY44fcHr8Wf+AR7BZWTEbDd6Rl8vCCG1dnwgUns2iJNWB7teE9n3BnIzklyidO6jgc6FEOS4luAK79jLpOqIFX50OEC3hu2uMQlT8/MwZGuI27bRJf02XxzZ+ECWYLQDjNmPUd0O7YW88RCGvMw1RlGyO//4IO15tOZSu+C9edAPuaWQwl3N9R6jNMkKezx7s8dykUCkwccWCa26oV2HO8/W0xPH3jbnYbkj2+JUQbVhtFHA2xwMESWdpIjcT9ucRWLfQgGjiIrrcK6vICRsgTRK395yhHqcoQY27GLiqKyge1ghl74TPbl5FmHChEIhUYP root@ubuntu-xenial
-----END SSH HOST KEY KEYS-----
[   16.954739] cloud-init[1848]: Cloud-init v. 18.5-45-g3554ffe8-0ubuntu1~16.04.1 running 'modules:final' at Wed, 26 Jun 2019 05:40:54 +0000. Up 16.83 seconds.
[   16.954913] cloud-init[1848]: ci-info: no authorized ssh keys fingerprints found for user ubuntu.
[   16.955757] cloud-init[1848]: Cloud-init v. 18.5-45-g3554ffe8-0ubuntu1~16.04.1 finished at Wed, 26 Jun 2019 05:40:54 +0000. Datasource DataSourceNoCloud [seed=/dev/sdb][dsmode=net].  Up 16.93 seconds
